{"meta": {"format": 3, "version": "7.15.4", "timestamp": "2026-08-25T00:11:54.874231", "branch_coverage": true, "show_contexts": false}, "files": {"src/whyback/__init__.py": {"executed_lines": [3, 5, 6, 10], "summary": {"covered_lines": 4, "num_statements": 4, "percent_covered": 100.0, "percent_covered_display": "100", "missing_lines": 0, "excluded_lines": 2, "percent_statements_covered": 100.0, "percent_statements_covered_display": "100", "num_branches": 0, "num_partial_branches": 0, "covered_branches": 0, "missing_branches": 0, "percent_branches_covered": 100.0, "percent_branches_covered_display": "100"}, "missing_lines": [], "excluded_lines": [7, 8], "executed_branches": [], "missing_branches": [], "functions": {"": {"executed_lines": [3, 5, 6, 10], "summary": {"covered_lines": 4, "num_statements": 4, "percent_covered": 100.0, "percent_covered_display": "100", "missing_lines": 0, "excluded_lines": 2, "percent_statements_covered": 100.0, "percent_statements_covered_display": "100", "num_branches": 0, "num_partial_branches": 0, "covered_branches": 0, "missing_branches": 0, "percent_branches_covered": 100.0, "percent_branches_covered_display": "100"}, "missing_lines": [], "excluded_lines": [7, 8], "start_line": 1, "executed_branches": [], "missing_branches": []}}, "classes": {"": {"executed_lines": [3, 5, 6, 10], "summary": {"covered_lines": 4, "num_statements": 4, "percent_covered": 100.0, "percent_covered_display": "100", "missing_lines": 0, "excluded_lines": 2, "percent_statements_covered": 100.0, "percent_statements_covered_display": "100", "num_branches": 0, "num_partial_branches": 0, "covered_branches": 0, "missing_branches": 0, "percent_branches_covered": 100.0, "percent_branches_covered_display": "100"}, "missing_lines": [], "excluded_lines": [7, 8], "start_line": 1, "executed_branches": [], "missing_branches": []}}}, "src/whyback/agent/__init__.py": {"executed_lines": [3, 4, 6], "summary": {"covered_lines": 3, "num_statements": 3, "percent_covered": 100.0, "percent_covered_display": "100", "missing_lines": 0, "excluded_lines": 0, "percent_statements_covered": 100.0, "percent_statements_covered_display": "100", "num_branches": 0, "num_partial_branches": 0, "covered_branches": 0, "missing_branches": 0, "percent_branches_covered": 100.0, "percent_branches_covered_display": "100"}, "missing_lines": [], "excluded_lines": [], "executed_branches": [], "missing_branches": [], "functions": {"": {"executed_lines": [3, 4, 6], "summary": {"covered_lines": 3, "num_statements": 3, "percent_covered": 100.0, "percent_covered_display": "100", "missing_lines": 0, "excluded_lines": 0, "percent_statements_covered": 100.0, "percent_statements_covered_display": "100", "num_branches": 0, "num_partial_branches": 0, "covered_branches": 0, "missing_branches": 0, "percent_branches_covered": 100.0, "percent_branches_covered_display": "100"}, "missing_lines": [], "excluded_lines": [], "start_line": 1, "executed_branches": [], "missing_branches": []}}, "classes": {"": {"executed_lines": [3, 4, 6], "summary": {"covered_lines": 3, "num_statements": 3, "percent_covered": 100.0, "percent_covered_display": "100", "missing_lines": 0, "excluded_lines": 0, "percent_statements_covered": 100.0, "percent_statements_covered_display": "100", "num_branches": 0, "num_partial_branches": 0, "covered_branches": 0, "missing_branches": 0, "percent_branches_covered": 100.0, "percent_branches_covered_display": "100"}, "missing_lines": [], "excluded_lines": [], "start_line": 1, "executed_branches": [], "missing_branches": []}}}, "src/whyback/agent/actions.py": {"executed_lines": [3, 5, 6, 7, 9, 10, 12, 14, 15, 16, 23, 27, 30, 31, 32, 33, 34, 35, 38, 41, 44, 46, 47, 48, 50, 51, 52, 54, 55, 56, 59, 62, 64, 65, 66, 67, 68, 70, 71, 74, 75, 76, 78, 86, 89, 92, 94, 95, 96, 97, 98, 99, 100, 102, 103, 104, 106, 108, 110, 114, 118, 119, 124, 127, 130, 132, 133, 134, 135, 138, 141, 143, 144, 145, 148, 151, 153, 154, 155, 156, 157, 158, 159, 160, 162, 163, 164, 165, 169, 171, 173, 175, 178, 181, 183, 184, 186, 187, 188, 189, 190, 191, 192, 193, 194, 195, 199, 201, 202, 205, 207, 210, 211, 212, 213, 214, 215, 216, 219, 222, 248, 253, 254, 255, 260, 261, 262, 263, 264, 265], "summary": {"covered_lines": 130, "num_statements": 145, "percent_covered": 84.69945355191257, "percent_covered_display": "85", "missing_lines": 15, "excluded_lines": 0, "percent_statements_covered": 89.65517241379311, "percent_statements_covered_display": "90", "num_branches": 38, "num_partial_branches": 13, "covered_branches": 25, "missing_branches": 13, "percent_branches_covered": 65.78947368421052, "percent_branches_covered_display": "66"}, "missing_lines": [53, 77, 105, 107, 109, 111, 115, 120, 166, 170, 172, 174, 217, 256, 257], "excluded_lines": [], "executed_branches": [[52, 54], [54, 55], [54, 56], [71, 74], [71, 75], [76, 78], [104, 106], [106, 108], [108, 110], [110, 114], [114, 118], [119, 124], [165, 169], [169, 171], [171, 173], [173, 175], [189, 190], [189, 191], [192, 193], [192, 199], [214, 215], [215, 214], [215, 216], [260, 261], [260, 262]], "missing_branches": [[52, 53], [76, 77], [104, 105], [106, 107], [108, 109], [110, 111], [114, 115], [119, 120], [165, 166], [169, 170], [171, 172], [173, 174], [214, 217]], "functions": {"DimensionPredicate.matches": {"executed_lines": [51, 52, 54, 55, 56], "summary": {"covered_lines": 5, "num_statements": 6, "percent_covered": 80.0, "percent_covered_display": "80", "missing_lines": 1, "excluded_lines": 0, "percent_statements_covered": 83.33333333333333, "percent_statements_covered_display": "83", "num_branches": 4, "num_partial_branches": 1, "covered_branches": 3, "missing_branches": 1, "percent_branches_covered": 75.0, "percent_branches_covered_display": "75"}, "missing_lines": [53], "excluded_lines": [], "start_line": 50, "executed_branches": [[52, 54], [54, 55], [54, 56]], "missing_branches": [[52, 53]]}, "EvidencePredicate.matches": {"executed_lines": [71, 74, 75, 76, 78, 86], "summary": {"covered_lines": 6, "num_statements": 7, "percent_covered": 81.81818181818181, "percent_covered_display": "82", "missing_lines": 1, "excluded_lines": 0, "percent_statements_covered": 85.71428571428571, "percent_statements_covered_display": "86", "num_branches": 4, "num_partial_branches": 1, "covered_branches": 3, "missing_branches": 1, "percent_branches_covered": 75.0, "percent_branches_covered_display": "75"}, "missing_lines": [77], "excluded_lines": [], "start_line": 70, "executed_branches": [[71, 74], [71, 75], [76, 78]], "missing_branches": [[76, 77]]}, "EvidencePrerequisite.validate_evidence_rule": {"executed_lines": [104, 106, 108, 110, 114, 118, 119, 124], "summary": {"covered_lines": 8, "num_statements": 14, "percent_covered": 53.84615384615385, "percent_covered_display": "54", "missing_lines": 6, "excluded_lines": 0, "percent_statements_covered": 57.142857142857146, "percent_statements_covered_display": "57", "num_branches": 12, "num_partial_branches": 6, "covered_branches": 6, "missing_branches": 6, "percent_branches_covered": 50.0, "percent_branches_covered_display": "50"}, "missing_lines": [105, 107, 109, 111, 115, 120], "excluded_lines": [], "start_line": 103, "executed_branches": [[104, 106], [106, 108], [108, 110], [110, 114], [114, 118], [119, 124]], "missing_branches": [[104, 105], [106, 107], [108, 109], [110, 111], [114, 115], [119, 120]]}, "ActionDefinition.validate_selection_policy": {"executed_lines": [164, 165, 169, 171, 173, 175], "summary": {"covered_lines": 6, "num_statements": 10, "percent_covered": 55.55555555555556, "percent_covered_display": "56", "missing_lines": 4, "excluded_lines": 0, "percent_statements_covered": 60.0, "percent_statements_covered_display": "60", "num_branches": 8, "num_partial_branches": 4, "covered_branches": 4, "missing_branches": 4, "percent_branches_covered": 50.0, "percent_branches_covered_display": "50"}, "missing_lines": [166, 170, 172, 174], "excluded_lines": [], "start_line": 163, "executed_branches": [[165, 169], [169, 171], [171, 173], [173, 175]], "missing_branches": [[165, 166], [169, 170], [171, 172], [173, 174]]}, "ActionCatalog.validate_exact_allowlist": {"executed_lines": [188, 189, 190, 191, 192, 193, 194, 195, 199], "summary": {"covered_lines": 9, "num_statements": 9, "percent_covered": 100.0, "percent_covered_display": "100", "missing_lines": 0, "excluded_lines": 0, "percent_statements_covered": 100.0, "percent_statements_covered_display": "100", "num_branches": 4, "num_partial_branches": 0, "covered_branches": 4, "missing_branches": 0, "percent_branches_covered": 100.0, "percent_branches_covered_display": "100"}, "missing_lines": [], "excluded_lines": [], "start_line": 187, "executed_branches": [[189, 190], [189, 191], [192, 193], [192, 199]], "missing_branches": []}, "ActionCatalog.action_ids": {"executed_lines": [205], "summary": {"covered_lines": 1, "num_statements": 1, "percent_covered": 100.0, "percent_covered_display": "100", "missing_lines": 0, "excluded_lines": 0, "percent_statements_covered": 100.0, "percent_statements_covered_display": "100", "num_branches": 0, "num_partial_branches": 0, "covered_branches": 0, "missing_branches": 0, "percent_branches_covered": 100.0, "percent_branches_covered_display": "100"}, "missing_lines": [], "excluded_lines": [], "start_line": 202, "executed_branches": [], "missing_branches": []}, "ActionCatalog.get": {"executed_lines": [210, 211, 212, 213, 214, 215, 216], "summary": {"covered_lines": 7, "num_statements": 8, "percent_covered": 83.33333333333333, "percent_covered_display": "83", "missing_lines": 1, "excluded_lines": 0, "percent_statements_covered": 87.5, "percent_statements_covered_display": "88", "num_branches": 4, "num_partial_branches": 1, "covered_branches": 3, "missing_branches": 1, "percent_branches_covered": 75.0, "percent_branches_covered_display": "75"}, "missing_lines": [217], "excluded_lines": [], "start_line": 207, "executed_branches": [[214, 215], [215, 214], [215, 216]], "missing_branches": [[214, 217]]}, "ActionCatalog.compact_model_context": {"executed_lines": [222], "summary": {"covered_lines": 1, "num_statements": 1, "percent_covered": 100.0, "percent_covered_display": "100", "missing_lines": 0, "excluded_lines": 0, "percent_statements_covered": 100.0, "percent_statements_covered_display": "100", "num_branches": 0, "num_partial_branches": 0, "covered_branches": 0, "missing_branches": 0, "percent_branches_covered": 100.0, "percent_branches_covered_display": "100"}, "missing_lines": [], "excluded_lines": [], "start_line": 219, "executed_branches": [], "missing_branches": []}, "load_action_catalog": {"executed_lines": [253, 254, 255, 260, 261, 262, 263, 264, 265], "summary": {"covered_lines": 9, "num_statements": 11, "percent_covered": 84.61538461538461, "percent_covered_display": "85", "missing_lines": 2, "excluded_lines": 0, "percent_statements_covered": 81.81818181818181, "percent_statements_covered_display": "82", "num_branches": 2, "num_partial_branches": 0, "covered_branches": 2, "missing_branches": 0, "percent_branches_covered": 100.0, "percent_branches_covered_display": "100"}, "missing_lines": [256, 257], "excluded_lines": [], "start_line": 248, "executed_branches": [[260, 261], [260, 262]], "missing_branches": []}, "": {"executed_lines": [3, 5, 6, 7, 9, 10, 12, 14, 15, 16, 23, 27, 30, 31, 32, 33, 34, 35, 38, 41, 44, 46, 47, 48, 50, 59, 62, 64, 65, 66, 67, 68, 70, 89, 92, 94, 95, 96, 97, 98, 99, 100, 102, 103, 127, 130, 132, 133, 134, 135, 138, 141, 143, 144, 145, 148, 151, 153, 154, 155, 156, 157, 158, 159, 160, 162, 163, 178, 181, 183, 184, 186, 187, 201, 202, 207, 219, 248], "summary": {"covered_lines": 78, "num_statements": 78, "percent_covered": 100.0, "percent_covered_display": "100", "missing_lines": 0, "excluded_lines": 0, "percent_statements_covered": 100.0, "percent_statements_covered_display": "100", "num_branches": 0, "num_partial_branches": 0, "covered_branches": 0, "missing_branches": 0, "percent_branches_covered": 100.0, "percent_branches_covered_display": "100"}, "missing_lines": [], "excluded_lines": [], "start_line": 1, "executed_branches": [], "missing_branches": []}}, "classes": {"ActionCatalogError": {"executed_lines": [], "summary": {"covered_lines": 0, "num_statements": 0, "percent_covered": 100.0, "percent_covered_display": "100", "missing_lines": 0, "excluded_lines": 0, "percent_statements_covered": 100.0, "percent_statements_covered_display": "100", "num_branches": 0, "num_partial_branches": 0, "covered_branches": 0, "missing_branches": 0, "percent_branches_covered": 100.0, "percent_branches_covered_display": "100"}, "missing_lines": [], "excluded_lines": [], "start_line": 23, "executed_branches": [], "missing_branches": []}, "ActionId": {"executed_lines": [], "summary": {"covered_lines": 0, "num_statements": 0, "percent_covered": 100.0, "percent_covered_display": "100", "missing_lines": 0, "excluded_lines": 0, "percent_statements_covered": 100.0, "percent_statements_covered_display": "100", "num_branches": 0, "num_partial_branches": 0, "covered_branches": 0, "missing_branches": 0, "percent_branches_covered": 100.0, "percent_branches_covered_display": "100"}, "missing_lines": [], "excluded_lines": [], "start_line": 27, "executed_branches": [], "missing_branches": []}, "DimensionPredicate": {"executed_lines": [51, 52, 54, 55, 56], "summary": {"covered_lines": 5, "num_statements": 6, "percent_covered": 80.0, "percent_covered_display": "80", "missing_lines": 1, "excluded_lines": 0, "percent_statements_covered": 83.33333333333333, "percent_statements_covered_display": "83", "num_branches": 4, "num_partial_branches": 1, "covered_branches": 3, "missing_branches": 1, "percent_branches_covered": 75.0, "percent_branches_covered_display": "75"}, "missing_lines": [53], "excluded_lines": [], "start_line": 41, "executed_branches": [[52, 54], [54, 55], [54, 56]], "missing_branches": [[52, 53]]}, "EvidencePredicate": {"executed_lines": [71, 74, 75, 76, 78, 86], "summary": {"covered_lines": 6, "num_statements": 7, "percent_covered": 81.81818181818181, "percent_covered_display": "82", "missing_lines": 1, "excluded_lines": 0, "percent_statements_covered": 85.71428571428571, "percent_statements_covered_display": "86", "num_branches": 4, "num_partial_branches": 1, "covered_branches": 3, "missing_branches": 1, "percent_branches_covered": 75.0, "percent_branches_covered_display": "75"}, "missing_lines": [77], "excluded_lines": [], "start_line": 59, "executed_branches": [[71, 74], [71, 75], [76, 78]], "missing_branches": [[76, 77]]}, "EvidencePrerequisite": {"executed_lines": [104, 106, 108, 110, 114, 118, 119, 124], "summary": {"covered_lines": 8, "num_statements": 14, "percent_covered": 53.84615384615385, "percent_covered_display": "54", "missing_lines": 6, "excluded_lines": 0, "percent_statements_covered": 57.142857142857146, "percent_statements_covered_display": "57", "num_branches": 12, "num_partial_branches": 6, "covered_branches": 6, "missing_branches": 6, "percent_branches_covered": 50.0, "percent_branches_covered_display": "50"}, "missing_lines": [105, 107, 109, 111, 115, 120], "excluded_lines": [], "start_line": 89, "executed_branches": [[104, 106], [106, 108], [108, 110], [110, 114], [114, 118], [119, 124]], "missing_branches": [[104, 105], [106, 107], [108, 109], [110, 111], [114, 115], [119, 120]]}, "SuccessMetric": {"executed_lines": [], "summary": {"covered_lines": 0, "num_statements": 0, "percent_covered": 100.0, "percent_covered_display": "100", "missing_lines": 0, "excluded_lines": 0, "percent_statements_covered": 100.0, "percent_statements_covered_display": "100", "num_branches": 0, "num_partial_branches": 0, "covered_branches": 0, "missing_branches": 0, "percent_branches_covered": 100.0, "percent_branches_covered_display": "100"}, "missing_lines": [], "excluded_lines": [], "start_line": 127, "executed_branches": [], "missing_branches": []}, "ExperimentPlan": {"executed_lines": [], "summary": {"covered_lines": 0, "num_statements": 0, "percent_covered": 100.0, "percent_covered_display": "100", "missing_lines": 0, "excluded_lines": 0, "percent_statements_covered": 100.0, "percent_statements_covered_display": "100", "num_branches": 0, "num_partial_branches": 0, "covered_branches": 0, "missing_branches": 0, "percent_branches_covered": 100.0, "percent_branches_covered_display": "100"}, "missing_lines": [], "excluded_lines": [], "start_line": 138, "executed_branches": [], "missing_branches": []}, "ActionDefinition": {"executed_lines": [164, 165, 169, 171, 173, 175], "summary": {"covered_lines": 6, "num_statements": 10, "percent_covered": 55.55555555555556, "percent_covered_display": "56", "missing_lines": 4, "excluded_lines": 0, "percent_statements_covered": 60.0, "percent_statements_covered_display": "60", "num_branches": 8, "num_partial_branches": 4, "covered_branches": 4, "missing_branches": 4, "percent_branches_covered": 50.0, "percent_branches_covered_display": "50"}, "missing_lines": [166, 170, 172, 174], "excluded_lines": [], "start_line": 148, "executed_branches": [[165, 169], [169, 171], [171, 173], [173, 175]], "missing_branches": [[165, 166], [169, 170], [171, 172], [173, 174]]}, "ActionCatalog": {"executed_lines": [188, 189, 190, 191, 192, 193, 194, 195, 199, 205, 210, 211, 212, 213, 214, 215, 216, 222], "summary": {"covered_lines": 18, "num_statements": 19, "percent_covered": 92.5925925925926, "percent_covered_display": "93", "missing_lines": 1, "excluded_lines": 0, "percent_statements_covered": 94.73684210526316, "percent_statements_covered_display": "95", "num_branches": 8, "num_partial_branches": 1, "covered_branches": 7, "missing_branches": 1, "percent_branches_covered": 87.5, "percent_branches_covered_display": "88"}, "missing_lines": [217], "excluded_lines": [], "start_line": 178, "executed_branches": [[189, 190], [189, 191], [192, 193], [192, 199], [214, 215], [215, 214], [215, 216]], "missing_branches": [[214, 217]]}, "": {"executed_lines": [3, 5, 6, 7, 9, 10, 12, 14, 15, 16, 23, 27, 30, 31, 32, 33, 34, 35, 38, 41, 44, 46, 47, 48, 50, 59, 62, 64, 65, 66, 67, 68, 70, 89, 92, 94, 95, 96, 97, 98, 99, 100, 102, 103, 127, 130, 132, 133, 134, 135, 138, 141, 143, 144, 145, 148, 151, 153, 154, 155, 156, 157, 158, 159, 160, 162, 163, 178, 181, 183, 184, 186, 187, 201, 202, 207, 219, 248, 253, 254, 255, 260, 261, 262, 263, 264, 265], "summary": {"covered_lines": 87, "num_statements": 89, "percent_covered": 97.8021978021978, "percent_covered_display": "98", "missing_lines": 2, "excluded_lines": 0, "percent_statements_covered": 97.75280898876404, "percent_statements_covered_display": "98", "num_branches": 2, "num_partial_branches": 0, "covered_branches": 2, "missing_branches": 0, "percent_branches_covered": 100.0, "percent_branches_covered_display": "100"}, "missing_lines": [256, 257], "excluded_lines": [], "start_line": 1, "executed_branches": [[260, 261], [260, 262]], "missing_branches": []}}}, "src/whyback/agent/backend.py": {"executed_lines": [3, 5, 7, 9, 10, 13, 17, 21, 25, 28, 30, 31, 32, 33, 36], "summary": {"covered_lines": 15, "num_statements": 15, "percent_covered": 100.0, "percent_covered_display": "100", "missing_lines": 0, "excluded_lines": 11, "percent_statements_covered": 100.0, "percent_statements_covered_display": "100", "num_branches": 0, "num_partial_branches": 0, "covered_branches": 0, "missing_branches": 0, "percent_branches_covered": 100.0, "percent_branches_covered_display": "100"}, "missing_lines": [], "excluded_lines": [39, 40, 41, 42, 43, 44, 45, 46, 47, 48, 49], "executed_branches": [], "missing_branches": [], "functions": {"ModelBackend.model_name": {"executed_lines": [], "summary": {"covered_lines": 0, "num_statements": 0, "percent_covered": 100.0, "percent_covered_display": "100", "missing_lines": 0, "excluded_lines": 1, "percent_statements_covered": 100.0, "percent_statements_covered_display": "100", "num_branches": 0, "num_partial_branches": 0, "covered_branches": 0, "missing_branches": 0, "percent_branches_covered": 100.0, "percent_branches_covered_display": "100"}, "missing_lines": [], "excluded_lines": [40], "start_line": 40, "executed_branches": [], "missing_branches": []}, "ModelBackend.decide_next_step": {"executed_lines": [], "summary": {"covered_lines": 0, "num_statements": 0, "percent_covered": 100.0, "percent_covered_display": "100", "missing_lines": 0, "excluded_lines": 1, "percent_statements_covered": 100.0, "percent_statements_covered_display": "100", "num_branches": 0, "num_partial_branches": 0, "covered_branches": 0, "missing_branches": 0, "percent_branches_covered": 100.0, "percent_branches_covered_display": "100"}, "missing_lines": [], "excluded_lines": [48], "start_line": 42, "executed_branches": [], "missing_branches": []}, "": {"executed_lines": [3, 5, 7, 9, 10, 13, 17, 21, 25, 28, 30, 31, 32, 33, 36], "summary": {"covered_lines": 15, "num_statements": 15, "percent_covered": 100.0, "percent_covered_display": "100", "missing_lines": 0, "excluded_lines": 8, "percent_statements_covered": 100.0, "percent_statements_covered_display": "100", "num_branches": 0, "num_partial_branches": 0, "covered_branches": 0, "missing_branches": 0, "percent_branches_covered": 100.0, "percent_branches_covered_display": "100"}, "missing_lines": [], "excluded_lines": [39, 41, 42, 43, 44, 45, 46, 47], "start_line": 1, "executed_branches": [], "missing_branches": []}}, "classes": {"ModelBackendError": {"executed_lines": [], "summary": {"covered_lines": 0, "num_statements": 0, "percent_covered": 100.0, "percent_covered_display": "100", "missing_lines": 0, "excluded_lines": 0, "percent_statements_covered": 100.0, "percent_statements_covered_display": "100", "num_branches": 0, "num_partial_branches": 0, "covered_branches": 0, "missing_branches": 0, "percent_branches_covered": 100.0, "percent_branches_covered_display": "100"}, "missing_lines": [], "excluded_lines": [], "start_line": 13, "executed_branches": [], "missing_branches": []}, "MissingModelCredential": {"executed_lines": [], "summary": {"covered_lines": 0, "num_statements": 0, "percent_covered": 100.0, "percent_covered_display": "100", "missing_lines": 0, "excluded_lines": 0, "percent_statements_covered": 100.0, "percent_statements_covered_display": "100", "num_branches": 0, "num_partial_branches": 0, "covered_branches": 0, "missing_branches": 0, "percent_branches_covered": 100.0, "percent_branches_covered_display": "100"}, "missing_lines": [], "excluded_lines": [], "start_line": 17, "executed_branches": [], "missing_branches": []}, "MalformedModelResponse": {"executed_lines": [], "summary": {"covered_lines": 0, "num_statements": 0, "percent_covered": 100.0, "percent_covered_display": "100", "missing_lines": 0, "excluded_lines": 0, "percent_statements_covered": 100.0, "percent_statements_covered_display": "100", "num_branches": 0, "num_partial_branches": 0, "covered_branches": 0, "missing_branches": 0, "percent_branches_covered": 100.0, "percent_branches_covered_display": "100"}, "missing_lines": [], "excluded_lines": [], "start_line": 21, "executed_branches": [], "missing_branches": []}, "BackendDecision": {"executed_lines": [], "summary": {"covered_lines": 0, "num_statements": 0, "percent_covered": 100.0, "percent_covered_display": "100", "missing_lines": 0, "excluded_lines": 0, "percent_statements_covered": 100.0, "percent_statements_covered_display": "100", "num_branches": 0, "num_partial_branches": 0, "covered_branches": 0, "missing_branches": 0, "percent_branches_covered": 100.0, "percent_branches_covered_display": "100"}, "missing_lines": [], "excluded_lines": [], "start_line": 25, "executed_branches": [], "missing_branches": []}, "ModelBackend": {"executed_lines": [], "summary": {"covered_lines": 0, "num_statements": 0, "percent_covered": 100.0, "percent_covered_display": "100", "missing_lines": 0, "excluded_lines": 2, "percent_statements_covered": 100.0, "percent_statements_covered_display": "100", "num_branches": 0, "num_partial_branches": 0, "covered_branches": 0, "missing_branches": 0, "percent_branches_covered": 100.0, "percent_branches_covered_display": "100"}, "missing_lines": [], "excluded_lines": [40, 48], "start_line": 36, "executed_branches": [], "missing_branches": []}, "": {"executed_lines": [3, 5, 7, 9, 10, 13, 17, 21, 25, 28, 30, 31, 32, 33, 36], "summary": {"covered_lines": 15, "num_statements": 15, "percent_covered": 100.0, "percent_covered_display": "100", "missing_lines": 0, "excluded_lines": 8, "percent_statements_covered": 100.0, "percent_statements_covered_display": "100", "num_branches": 0, "num_partial_branches": 0, "covered_branches": 0, "missing_branches": 0, "percent_branches_covered": 100.0, "percent_branches_covered_display": "100"}, "missing_lines": [], "excluded_lines": [39, 41, 42, 43, 44, 45, 46, 47], "start_line": 1, "executed_branches": [], "missing_branches": []}}}, "src/whyback/agent/evidence.py": {"executed_lines": [3, 5, 6, 8, 10, 13, 17, 20, 22, 24, 25, 26, 27, 29, 31, 32, 33, 35, 44, 49, 50, 51, 55, 56, 59, 63, 64, 67, 68], "summary": {"covered_lines": 29, "num_statements": 35, "percent_covered": 76.47058823529412, "percent_covered_display": "76", "missing_lines": 6, "excluded_lines": 0, "percent_statements_covered": 82.85714285714286, "percent_statements_covered_display": "83", "num_branches": 16, "num_partial_branches": 4, "covered_branches": 10, "missing_branches": 6, "percent_branches_covered": 62.5, "percent_branches_covered_display": "62"}, "missing_lines": [28, 45, 46, 47, 52, 60], "excluded_lines": [], "executed_branches": [[27, 29], [44, 49], [50, 51], [50, 68], [51, 55], [55, 56], [55, 59], [59, 63], [63, 64], [63, 67]], "missing_branches": [[27, 28], [44, 45], [45, 46], [45, 47], [51, 52], [59, 60]], "functions": {"EvidenceLedger.require_unique_ids": {"executed_lines": [26, 27, 29], "summary": {"covered_lines": 3, "num_statements": 4, "percent_covered": 66.66666666666667, "percent_covered_display": "67", "missing_lines": 1, "excluded_lines": 0, "percent_statements_covered": 75.0, "percent_statements_covered_display": "75", "num_branches": 2, "num_partial_branches": 1, "covered_branches": 1, "missing_branches": 1, "percent_branches_covered": 50.0, "percent_branches_covered_display": "50"}, "missing_lines": [28], "excluded_lines": [], "start_line": 25, "executed_branches": [[27, 29]], "missing_branches": [[27, 28]]}, "EvidenceLedger.by_id": {"executed_lines": [33], "summary": {"covered_lines": 1, "num_statements": 1, "percent_covered": 100.0, "percent_covered_display": "100", "missing_lines": 0, "excluded_lines": 0, "percent_statements_covered": 100.0, "percent_statements_covered_display": "100", "num_branches": 0, "num_partial_branches": 0, "covered_branches": 0, "missing_branches": 0, "percent_branches_covered": 100.0, "percent_branches_covered_display": "100"}, "missing_lines": [], "excluded_lines": [], "start_line": 32, "executed_branches": [], "missing_branches": []}, "EvidenceLedger.add_tool_result": {"executed_lines": [44, 49, 50, 51, 55, 56, 59, 63, 64, 67, 68], "summary": {"covered_lines": 11, "num_statements": 16, "percent_covered": 66.66666666666667, "percent_covered_display": "67", "missing_lines": 5, "excluded_lines": 0, "percent_statements_covered": 68.75, "percent_statements_covered_display": "69", "num_branches": 14, "num_partial_branches": 3, "covered_branches": 9, "missing_branches": 5, "percent_branches_covered": 64.28571428571429, "percent_branches_covered_display": "64"}, "missing_lines": [45, 46, 47, 52, 60], "excluded_lines": [], "start_line": 35, "executed_branches": [[44, 49], [50, 51], [50, 68], [51, 55], [55, 56], [55, 59], [59, 63], [63, 64], [63, 67]], "missing_branches": [[44, 45], [45, 46], [45, 47], [51, 52], [59, 60]]}, "": {"executed_lines": [3, 5, 6, 8, 10, 13, 17, 20, 22, 24, 25, 31, 32, 35], "summary": {"covered_lines": 14, "num_statements": 14, "percent_covered": 100.0, "percent_covered_display": "100", "missing_lines": 0, "excluded_lines": 0, "percent_statements_covered": 100.0, "percent_statements_covered_display": "100", "num_branches": 0, "num_partial_branches": 0, "covered_branches": 0, "missing_branches": 0, "percent_branches_covered": 100.0, "percent_branches_covered_display": "100"}, "missing_lines": [], "excluded_lines": [], "start_line": 1, "executed_branches": [], "missing_branches": []}}, "classes": {"EvidenceLedgerError": {"executed_lines": [], "summary": {"covered_lines": 0, "num_statements": 0, "percent_covered": 100.0, "percent_covered_display": "100", "missing_lines": 0, "excluded_lines": 0, "percent_statements_covered": 100.0, "percent_statements_covered_display": "100", "num_branches": 0, "num_partial_branches": 0, "covered_branches": 0, "missing_branches": 0, "percent_branches_covered": 100.0, "percent_branches_covered_display": "100"}, "missing_lines": [], "excluded_lines": [], "start_line": 13, "executed_branches": [], "missing_branches": []}, "EvidenceLedger": {"executed_lines": [26, 27, 29, 33, 44, 49, 50, 51, 55, 56, 59, 63, 64, 67, 68], "summary": {"covered_lines": 15, "num_statements": 21, "percent_covered": 67.56756756756756, "percent_covered_display": "68", "missing_lines": 6, "excluded_lines": 0, "percent_statements_covered": 71.42857142857143, "percent_statements_covered_display": "71", "num_branches": 16, "num_partial_branches": 4, "covered_branches": 10, "missing_branches": 6, "percent_branches_covered": 62.5, "percent_branches_covered_display": "62"}, "missing_lines": [28, 45, 46, 47, 52, 60], "excluded_lines": [], "start_line": 17, "executed_branches": [[27, 29], [44, 49], [50, 51], [50, 68], [51, 55], [55, 56], [55, 59], [59, 63], [63, 64], [63, 67]], "missing_branches": [[27, 28], [44, 45], [45, 46], [45, 47], [51, 52], [59, 60]]}, "": {"executed_lines": [3, 5, 6, 8, 10, 13, 17, 20, 22, 24, 25, 31, 32, 35], "summary": {"covered_lines": 14, "num_statements": 14, "percent_covered": 100.0, "percent_covered_display": "100", "missing_lines": 0, "excluded_lines": 0, "percent_statements_covered": 100.0, "percent_statements_covered_display": "100", "num_branches": 0, "num_partial_branches": 0, "covered_branches": 0, "missing_branches": 0, "percent_branches_covered": 100.0, "percent_branches_covered_display": "100"}, "missing_lines": [], "excluded_lines": [], "start_line": 1, "executed_branches": [], "missing_branches": []}}}, "src/whyback/agent/faults.py": {"executed_lines": [3, 5, 6, 8, 10, 19, 23, 26, 27, 30, 33, 39, 40, 43, 45, 46, 52, 53, 54, 55, 58, 60, 70, 71, 72, 75, 76, 77, 81], "summary": {"covered_lines": 29, "num_statements": 29, "percent_covered": 100.0, "percent_covered_display": "100", "missing_lines": 0, "excluded_lines": 0, "percent_statements_covered": 100.0, "percent_statements_covered_display": "100", "num_branches": 6, "num_partial_branches": 0, "covered_branches": 6, "missing_branches": 0, "percent_branches_covered": 100.0, "percent_branches_covered_display": "100"}, "missing_lines": [], "excluded_lines": [], "executed_branches": [[39, 40], [39, 43], [70, 71], [70, 72], [75, 76], [75, 77]], "missing_branches": [], "functions": {"DemoFaultInjector.__init__": {"executed_lines": [39, 40, 43], "summary": {"covered_lines": 3, "num_statements": 3, "percent_covered": 100.0, "percent_covered_display": "100", "missing_lines": 0, "excluded_lines": 0, "percent_statements_covered": 100.0, "percent_statements_covered_display": "100", "num_branches": 2, "num_partial_branches": 0, "covered_branches": 2, "missing_branches": 0, "percent_branches_covered": 100.0, "percent_branches_covered_display": "100"}, "missing_lines": [], "excluded_lines": [], "start_line": 33, "executed_branches": [[39, 40], [39, 43]], "missing_branches": []}, "DemoFaultInjector.from_spec": {"executed_lines": [52, 53, 54, 55, 58], "summary": {"covered_lines": 5, "num_statements": 5, "percent_covered": 100.0, "percent_covered_display": "100", "missing_lines": 0, "excluded_lines": 0, "percent_statements_covered": 100.0, "percent_statements_covered_display": "100", "num_branches": 0, "num_partial_branches": 0, "covered_branches": 0, "missing_branches": 0, "percent_branches_covered": 100.0, "percent_branches_covered_display": "100"}, "missing_lines": [], "excluded_lines": [], "start_line": 46, "executed_branches": [], "missing_branches": []}, "DemoFaultInjector.intercept": {"executed_lines": [70, 71, 72, 75, 76, 77, 81], "summary": {"covered_lines": 7, "num_statements": 7, "percent_covered": 100.0, "percent_covered_display": "100", "missing_lines": 0, "excluded_lines": 0, "percent_statements_covered": 100.0, "percent_statements_covered_display": "100", "num_branches": 4, "num_partial_branches": 0, "covered_branches": 4, "missing_branches": 0, "percent_branches_covered": 100.0, "percent_branches_covered_display": "100"}, "missing_lines": [], "excluded_lines": [], "start_line": 60, "executed_branches": [[70, 71], [70, 72], [75, 76], [75, 77]], "missing_branches": []}, "": {"executed_lines": [3, 5, 6, 8, 10, 19, 23, 26, 27, 30, 33, 45, 46, 60], "summary": {"covered_lines": 14, "num_statements": 14, "percent_covered": 100.0, "percent_covered_display": "100", "missing_lines": 0, "excluded_lines": 0, "percent_statements_covered": 100.0, "percent_statements_covered_display": "100", "num_branches": 0, "num_partial_branches": 0, "covered_branches": 0, "missing_branches": 0, "percent_branches_covered": 100.0, "percent_branches_covered_display": "100"}, "missing_lines": [], "excluded_lines": [], "start_line": 1, "executed_branches": [], "missing_branches": []}}, "classes": {"DemoFaultConfigurationError": {"executed_lines": [], "summary": {"covered_lines": 0, "num_statements": 0, "percent_covered": 100.0, "percent_covered_display": "100", "missing_lines": 0, "excluded_lines": 0, "percent_statements_covered": 100.0, "percent_statements_covered_display": "100", "num_branches": 0, "num_partial_branches": 0, "covered_branches": 0, "missing_branches": 0, "percent_branches_covered": 100.0, "percent_branches_covered_display": "100"}, "missing_lines": [], "excluded_lines": [], "start_line": 19, "executed_branches": [], "missing_branches": []}, "DemoFaultScenario": {"executed_lines": [], "summary": {"covered_lines": 0, "num_statements": 0, "percent_covered": 100.0, "percent_covered_display": "100", "missing_lines": 0, "excluded_lines": 0, "percent_statements_covered": 100.0, "percent_statements_covered_display": "100", "num_branches": 0, "num_partial_branches": 0, "covered_branches": 0, "missing_branches": 0, "percent_branches_covered": 100.0, "percent_branches_covered_display": "100"}, "missing_lines": [], "excluded_lines": [], "start_line": 23, "executed_branches": [], "missing_branches": []}, "DemoFaultInjector": {"executed_lines": [39, 40, 43, 52, 53, 54, 55, 58, 70, 71, 72, 75, 76, 77, 81], "summary": {"covered_lines": 15, "num_statements": 15, "percent_covered": 100.0, "percent_covered_display": "100", "missing_lines": 0, "excluded_lines": 0, "percent_statements_covered": 100.0, "percent_statements_covered_display": "100", "num_branches": 6, "num_partial_branches": 0, "covered_branches": 6, "missing_branches": 0, "percent_branches_covered": 100.0, "percent_branches_covered_display": "100"}, "missing_lines": [], "excluded_lines": [], "start_line": 30, "executed_branches": [[39, 40], [39, 43], [70, 71], [70, 72], [75, 76], [75, 77]], "missing_branches": []}, "": {"executed_lines": [3, 5, 6, 8, 10, 19, 23, 26, 27, 30, 33, 45, 46, 60], "summary": {"covered_lines": 14, "num_statements": 14, "percent_covered": 100.0, "percent_covered_display": "100", "missing_lines": 0, "excluded_lines": 0, "percent_statements_covered": 100.0, "percent_statements_covered_display": "100", "num_branches": 0, "num_partial_branches": 0, "covered_branches": 0, "missing_branches": 0, "percent_branches_covered": 100.0, "percent_branches_covered_display": "100"}, "missing_lines": [], "excluded_lines": [], "start_line": 1, "executed_branches": [], "missing_branches": []}}}, "src/whyback/agent/gemini_backend.py": {"executed_lines": [3, 5, 6, 7, 8, 9, 10, 12, 13, 14, 16, 17, 23, 24, 32, 35, 39, 40, 43, 44, 45, 46, 49, 52, 53, 59, 60, 61, 64, 65, 71, 72, 73, 76, 80, 83, 84, 86, 87, 88, 89, 97, 98, 99, 100, 104, 105, 109, 114, 115, 120, 121, 122, 124, 125, 127, 130, 133, 134, 135, 136, 137, 138, 139, 140, 147, 148, 149, 150, 151, 152, 153, 156, 159, 162, 163, 164, 165, 167, 168, 169, 177, 178, 190, 191, 192, 194, 195, 196, 199, 202, 211, 213, 214, 215, 216, 217, 222, 223, 225, 226, 227, 231, 236, 237, 238, 240, 247, 248, 249, 254, 259, 270, 271, 272, 287, 289, 290, 292, 293, 294, 295, 296, 298, 300, 305, 306, 307, 309, 311, 312, 313, 314, 315, 316, 317, 321, 322, 323, 331, 332, 335, 348, 349, 350, 351, 352, 353, 356, 357, 360, 361, 364, 365, 368, 370, 371, 377, 378, 379, 384, 385, 390, 391, 392, 393, 394, 395, 396, 400, 401, 402, 403, 406, 409], "summary": {"covered_lines": 175, "num_statements": 186, "percent_covered": 91.869918699187, "percent_covered_display": "92", "missing_lines": 11, "excluded_lines": 3, "percent_statements_covered": 94.08602150537635, "percent_statements_covered_display": "94", "num_branches": 60, "num_partial_branches": 9, "covered_branches": 51, "missing_branches": 9, "percent_branches_covered": 85.0, "percent_branches_covered_display": "85"}, "missing_lines": [101, 106, 126, 166, 193, 212, 297, 299, 386, 387, 397], "excluded_lines": [36, 37, 38], "executed_branches": [[87, 88], [87, 120], [97, 98], [97, 115], [100, 104], [105, 109], [120, 121], [120, 122], [125, 127], [134, 135], [134, 148], [135, 136], [135, 137], [137, 138], [137, 139], [139, 140], [139, 147], [149, 150], [149, 151], [151, 152], [151, 153], [165, 167], [192, 194], [194, 195], [194, 196], [211, 213], [222, 223], [222, 225], [226, 227], [226, 231], [296, 298], [298, 300], [316, 317], [316, 321], [331, 332], [331, 335], [350, 351], [350, 352], [352, 353], [352, 356], [357, 360], [357, 361], [364, 365], [364, 368], [377, 378], [377, 384], [391, 392], [391, 393], [396, 400], [403, 406], [403, 409]], "missing_branches": [[100, 101], [105, 106], [125, 126], [165, 166], [192, 193], [211, 212], [296, 297], [298, 299], [396, 397]], "functions": {"_InteractionsResource.create": {"executed_lines": [], "summary": {"covered_lines": 0, "num_statements": 0, "percent_covered": 100.0, "percent_covered_display": "100", "missing_lines": 0, "excluded_lines": 1, "percent_statements_covered": 100.0, "percent_statements_covered_display": "100", "num_branches": 0, "num_partial_branches": 0, "covered_branches": 0, "missing_branches": 0, "percent_branches_covered": 100.0, "percent_branches_covered_display": "100"}, "missing_lines": [], "excluded_lines": [36], "start_line": 36, "executed_branches": [], "missing_branches": []}, "_inline_local_references": {"executed_lines": [83, 84, 86, 124, 125, 127], "summary": {"covered_lines": 6, "num_statements": 7, "percent_covered": 77.77777777777777, "percent_covered_display": "78", "missing_lines": 1, "excluded_lines": 0, "percent_statements_covered": 85.71428571428571, "percent_statements_covered_display": "86", "num_branches": 2, "num_partial_branches": 1, "covered_branches": 1, "missing_branches": 1, "percent_branches_covered": 50.0, "percent_branches_covered_display": "50"}, "missing_lines": [126], "excluded_lines": [], "start_line": 80, "executed_branches": [[125, 127]], "missing_branches": [[125, 126]]}, "_inline_local_references.expand": {"executed_lines": [87, 88, 89, 97, 98, 99, 100, 104, 105, 109, 114, 115, 120, 121, 122], "summary": {"covered_lines": 15, "num_statements": 17, "percent_covered": 85.18518518518519, "percent_covered_display": "85", "missing_lines": 2, "excluded_lines": 0, "percent_statements_covered": 88.23529411764706, "percent_statements_covered_display": "88", "num_branches": 10, "num_partial_branches": 2, "covered_branches": 8, "missing_branches": 2, "percent_branches_covered": 80.0, "percent_branches_covered_display": "80"}, "missing_lines": [101, 106], "excluded_lines": [], "start_line": 86, "executed_branches": [[87, 88], [87, 120], [97, 98], [97, 115], [100, 104], [105, 109], [120, 121], [120, 122]], "missing_branches": [[100, 101], [105, 106]]}, "_closed_schema": {"executed_lines": [133, 134, 135, 136, 137, 138, 139, 140, 147, 148, 149, 150, 151, 152, 153], "summary": {"covered_lines": 15, "num_statements": 15, "percent_covered": 100.0, "percent_covered_display": "100", "missing_lines": 0, "excluded_lines": 0, "percent_statements_covered": 100.0, "percent_statements_covered_display": "100", "num_branches": 12, "num_partial_branches": 0, "covered_branches": 12, "missing_branches": 0, "percent_branches_covered": 100.0, "percent_branches_covered_display": "100"}, "missing_lines": [], "excluded_lines": [], "start_line": 130, "executed_branches": [[134, 135], [134, 148], [135, 136], [135, 137], [137, 138], [137, 139], [139, 140], [139, 147], [149, 150], [149, 151], [151, 152], [151, 153]], "missing_branches": []}, "_interaction_schema": {"executed_lines": [159], "summary": {"covered_lines": 1, "num_statements": 1, "percent_covered": 100.0, "percent_covered_display": "100", "missing_lines": 0, "excluded_lines": 0, "percent_statements_covered": 100.0, "percent_statements_covered_display": "100", "num_branches": 0, "num_partial_branches": 0, "covered_branches": 0, "missing_branches": 0, "percent_branches_covered": 100.0, "percent_branches_covered_display": "100"}, "missing_lines": [], "excluded_lines": [], "start_line": 156, "executed_branches": [], "missing_branches": []}, "_analytical_function": {"executed_lines": [163, 164, 165, 167, 168, 169], "summary": {"covered_lines": 6, "num_statements": 7, "percent_covered": 77.77777777777777, "percent_covered_display": "78", "missing_lines": 1, "excluded_lines": 0, "percent_statements_covered": 85.71428571428571, "percent_statements_covered_display": "86", "num_branches": 2, "num_partial_branches": 1, "covered_branches": 1, "missing_branches": 1, "percent_branches_covered": 50.0, "percent_branches_covered_display": "50"}, "missing_lines": [166], "excluded_lines": [], "start_line": 162, "executed_branches": [[165, 167]], "missing_branches": [[165, 166]]}, "_finish_function": {"executed_lines": [178], "summary": {"covered_lines": 1, "num_statements": 1, "percent_covered": 100.0, "percent_covered_display": "100", "missing_lines": 0, "excluded_lines": 0, "percent_statements_covered": 100.0, "percent_statements_covered_display": "100", "num_branches": 0, "num_partial_branches": 0, "covered_branches": 0, "missing_branches": 0, "percent_branches_covered": 100.0, "percent_branches_covered_display": "100"}, "missing_lines": [], "excluded_lines": [], "start_line": 177, "executed_branches": [], "missing_branches": []}, "_nonnegative_token_count": {"executed_lines": [191, 192, 194, 195, 196], "summary": {"covered_lines": 5, "num_statements": 6, "percent_covered": 80.0, "percent_covered_display": "80", "missing_lines": 1, "excluded_lines": 0, "percent_statements_covered": 83.33333333333333, "percent_statements_covered_display": "83", "num_branches": 4, "num_partial_branches": 1, "covered_branches": 3, "missing_branches": 1, "percent_branches_covered": 75.0, "percent_branches_covered_display": "75"}, "missing_lines": [193], "excluded_lines": [], "start_line": 190, "executed_branches": [[192, 194], [194, 195], [194, 196]], "missing_branches": [[192, 193]]}, "GeminiFunctionCallingBackend.__init__": {"executed_lines": [211, 213, 214, 215, 216, 217, 222, 223, 225, 226, 227, 231], "summary": {"covered_lines": 12, "num_statements": 13, "percent_covered": 89.47368421052632, "percent_covered_display": "89", "missing_lines": 1, "excluded_lines": 0, "percent_statements_covered": 92.3076923076923, "percent_statements_covered_display": "92", "num_branches": 6, "num_partial_branches": 1, "covered_branches": 5, "missing_branches": 1, "percent_branches_covered": 83.33333333333333, "percent_branches_covered_display": "83"}, "missing_lines": [212], "excluded_lines": [], "start_line": 202, "executed_branches": [[211, 213], [222, 223], [222, 225], [226, 227], [226, 231]], "missing_branches": [[211, 212]]}, "GeminiFunctionCallingBackend.model_name": {"executed_lines": [238], "summary": {"covered_lines": 1, "num_statements": 1, "percent_covered": 100.0, "percent_covered_display": "100", "missing_lines": 0, "excluded_lines": 0, "percent_statements_covered": 100.0, "percent_statements_covered_display": "100", "num_branches": 0, "num_partial_branches": 0, "covered_branches": 0, "missing_branches": 0, "percent_branches_covered": 100.0, "percent_branches_covered_display": "100"}, "missing_lines": [], "excluded_lines": [], "start_line": 237, "executed_branches": [], "missing_branches": []}, "GeminiFunctionCallingBackend.decide_next_step": {"executed_lines": [247, 248, 249, 254, 259, 270, 271, 272, 287, 289, 290, 292, 293, 294, 295, 296, 298, 300, 305, 306, 307, 309, 311, 312, 313, 314, 315, 316, 317, 321, 322, 323, 331, 332, 335], "summary": {"covered_lines": 35, "num_statements": 37, "percent_covered": 91.11111111111111, "percent_covered_display": "91", "missing_lines": 2, "excluded_lines": 0, "percent_statements_covered": 94.5945945945946, "percent_statements_covered_display": "95", "num_branches": 8, "num_partial_branches": 2, "covered_branches": 6, "missing_branches": 2, "percent_branches_covered": 75.0, "percent_branches_covered_display": "75"}, "missing_lines": [297, 299], "excluded_lines": [], "start_line": 240, "executed_branches": [[296, 298], [298, 300], [316, 317], [316, 321], [331, 332], [331, 335]], "missing_branches": [[296, 297], [298, 299]]}, "GeminiFunctionCallingBackend._extract_one_call": {"executed_lines": [350, 351, 352, 353, 356, 357, 360, 361, 364, 365, 368], "summary": {"covered_lines": 11, "num_statements": 11, "percent_covered": 100.0, "percent_covered_display": "100", "missing_lines": 0, "excluded_lines": 0, "percent_statements_covered": 100.0, "percent_statements_covered_display": "100", "num_branches": 8, "num_partial_branches": 0, "covered_branches": 8, "missing_branches": 0, "percent_branches_covered": 100.0, "percent_branches_covered_display": "100"}, "missing_lines": [], "excluded_lines": [], "start_line": 349, "executed_branches": [[350, 351], [350, 352], [352, 353], [352, 356], [357, 360], [357, 361], [364, 365], [364, 368]], "missing_branches": []}, "GeminiFunctionCallingBackend._parse_call": {"executed_lines": [377, 378, 379, 384, 385, 390, 391, 392, 393, 394, 395, 396, 400, 401, 402, 403, 406, 409], "summary": {"covered_lines": 18, "num_statements": 21, "percent_covered": 86.20689655172414, "percent_covered_display": "86", "missing_lines": 3, "excluded_lines": 0, "percent_statements_covered": 85.71428571428571, "percent_statements_covered_display": "86", "num_branches": 8, "num_partial_branches": 1, "covered_branches": 7, "missing_branches": 1, "percent_branches_covered": 87.5, "percent_branches_covered_display": "88"}, "missing_lines": [386, 387, 397], "excluded_lines": [], "start_line": 371, "executed_branches": [[377, 378], [377, 384], [391, 392], [391, 393], [396, 400], [403, 406], [403, 409]], "missing_branches": [[396, 397]]}, "": {"executed_lines": [3, 5, 6, 7, 8, 9, 10, 12, 13, 14, 16, 17, 23, 24, 32, 35, 39, 40, 43, 44, 45, 46, 49, 52, 53, 59, 60, 61, 64, 65, 71, 72, 73, 76, 80, 130, 156, 162, 177, 190, 199, 202, 236, 237, 240, 348, 349, 370, 371], "summary": {"covered_lines": 49, "num_statements": 49, "percent_covered": 100.0, "percent_covered_display": "100", "missing_lines": 0, "excluded_lines": 2, "percent_statements_covered": 100.0, "percent_statements_covered_display": "100", "num_branches": 0, "num_partial_branches": 0, "covered_branches": 0, "missing_branches": 0, "percent_branches_covered": 100.0, "percent_branches_covered_display": "100"}, "missing_lines": [], "excluded_lines": [37, 38], "start_line": 1, "executed_branches": [], "missing_branches": []}}, "classes": {"_InteractionsResource": {"executed_lines": [], "summary": {"covered_lines": 0, "num_statements": 0, "percent_covered": 100.0, "percent_covered_display": "100", "missing_lines": 0, "excluded_lines": 1, "percent_statements_covered": 100.0, "percent_statements_covered_display": "100", "num_branches": 0, "num_partial_branches": 0, "covered_branches": 0, "missing_branches": 0, "percent_branches_covered": 100.0, "percent_branches_covered_display": "100"}, "missing_lines": [], "excluded_lines": [36], "start_line": 35, "executed_branches": [], "missing_branches": []}, "_GeminiClient": {"executed_lines": [], "summary": {"covered_lines": 0, "num_statements": 0, "percent_covered": 100.0, "percent_covered_display": "100", "missing_lines": 0, "excluded_lines": 0, "percent_statements_covered": 100.0, "percent_statements_covered_display": "100", "num_branches": 0, "num_partial_branches": 0, "covered_branches": 0, "missing_branches": 0, "percent_branches_covered": 100.0, "percent_branches_covered_display": "100"}, "missing_lines": [], "excluded_lines": [], "start_line": 39, "executed_branches": [], "missing_branches": []}, "_FunctionCall": {"executed_lines": [], "summary": {"covered_lines": 0, "num_statements": 0, "percent_covered": 100.0, "percent_covered_display": "100", "missing_lines": 0, "excluded_lines": 0, "percent_statements_covered": 100.0, "percent_statements_covered_display": "100", "num_branches": 0, "num_partial_branches": 0, "covered_branches": 0, "missing_branches": 0, "percent_branches_covered": 100.0, "percent_branches_covered_display": "100"}, "missing_lines": [], "excluded_lines": [], "start_line": 43, "executed_branches": [], "missing_branches": []}, "_ToolPayload": {"executed_lines": [], "summary": {"covered_lines": 0, "num_statements": 0, "percent_covered": 100.0, "percent_covered_display": "100", "missing_lines": 0, "excluded_lines": 0, "percent_statements_covered": 100.0, "percent_statements_covered_display": "100", "num_branches": 0, "num_partial_branches": 0, "covered_branches": 0, "missing_branches": 0, "percent_branches_covered": 100.0, "percent_branches_covered_display": "100"}, "missing_lines": [], "excluded_lines": [], "start_line": 52, "executed_branches": [], "missing_branches": []}, "_FinishPayload": {"executed_lines": [], "summary": {"covered_lines": 0, "num_statements": 0, "percent_covered": 100.0, "percent_covered_display": "100", "missing_lines": 0, "excluded_lines": 0, "percent_statements_covered": 100.0, "percent_statements_covered_display": "100", "num_branches": 0, "num_partial_branches": 0, "covered_branches": 0, "missing_branches": 0, "percent_branches_covered": 100.0, "percent_branches_covered_display": "100"}, "missing_lines": [], "excluded_lines": [], "start_line": 64, "executed_branches": [], "missing_branches": []}, "_CallContractError": {"executed_lines": [], "summary": {"covered_lines": 0, "num_statements": 0, "percent_covered": 100.0, "percent_covered_display": "100", "missing_lines": 0, "excluded_lines": 0, "percent_statements_covered": 100.0, "percent_statements_covered_display": "100", "num_branches": 0, "num_partial_branches": 0, "covered_branches": 0, "missing_branches": 0, "percent_branches_covered": 100.0, "percent_branches_covered_display": "100"}, "missing_lines": [], "excluded_lines": [], "start_line": 76, "executed_branches": [], "missing_branches": []}, "GeminiFunctionCallingBackend": {"executed_lines": [211, 213, 214, 215, 216, 217, 222, 223, 225, 226, 227, 231, 238, 247, 248, 249, 254, 259, 270, 271, 272, 287, 289, 290, 292, 293, 294, 295, 296, 298, 300, 305, 306, 307, 309, 311, 312, 313, 314, 315, 316, 317, 321, 322, 323, 331, 332, 335, 350, 351, 352, 353, 356, 357, 360, 361, 364, 365, 368, 377, 378, 379, 384, 385, 390, 391, 392, 393, 394, 395, 396, 400, 401, 402, 403, 406, 409], "summary": {"covered_lines": 77, "num_statements": 83, "percent_covered": 91.15044247787611, "percent_covered_display": "91", "missing_lines": 6, "excluded_lines": 0, "percent_statements_covered": 92.7710843373494, "percent_statements_covered_display": "93", "num_branches": 30, "num_partial_branches": 4, "covered_branches": 26, "missing_branches": 4, "percent_branches_covered": 86.66666666666667, "percent_branches_covered_display": "87"}, "missing_lines": [212, 297, 299, 386, 387, 397], "excluded_lines": [], "start_line": 199, "executed_branches": [[211, 213], [222, 223], [222, 225], [226, 227], [226, 231], [296, 298], [298, 300], [316, 317], [316, 321], [331, 332], [331, 335], [350, 351], [350, 352], [352, 353], [352, 356], [357, 360], [357, 361], [364, 365], [364, 368], [377, 378], [377, 384], [391, 392], [391, 393], [396, 400], [403, 406], [403, 409]], "missing_branches": [[211, 212], [296, 297], [298, 299], [396, 397]]}, "": {"executed_lines": [3, 5, 6, 7, 8, 9, 10, 12, 13, 14, 16, 17, 23, 24, 32, 35, 39, 40, 43, 44, 45, 46, 49, 52, 53, 59, 60, 61, 64, 65, 71, 72, 73, 76, 80, 83, 84, 86, 87, 88, 89, 97, 98, 99, 100, 104, 105, 109, 114, 115, 120, 121, 122, 124, 125, 127, 130, 133, 134, 135, 136, 137, 138, 139, 140, 147, 148, 149, 150, 151, 152, 153, 156, 159, 162, 163, 164, 165, 167, 168, 169, 177, 178, 190, 191, 192, 194, 195, 196, 199, 202, 236, 237, 240, 348, 349, 370, 371], "summary": {"covered_lines": 98, "num_statements": 103, "percent_covered": 92.4812030075188, "percent_covered_display": "92", "missing_lines": 5, "excluded_lines": 2, "percent_statements_covered": 95.14563106796116, "percent_statements_covered_display": "95", "num_branches": 30, "num_partial_branches": 5, "covered_branches": 25, "missing_branches": 5, "percent_branches_covered": 83.33333333333333, "percent_branches_covered_display": "83"}, "missing_lines": [101, 106, 126, 166, 193], "excluded_lines": [37, 38], "start_line": 1, "executed_branches": [[87, 88], [87, 120], [97, 98], [97, 115], [100, 104], [105, 109], [120, 121], [120, 122], [125, 127], [134, 135], [134, 148], [135, 136], [135, 137], [137, 138], [137, 139], [139, 140], [139, 147], [149, 150], [149, 151], [151, 152], [151, 153], [165, 167], [192, 194], [194, 195], [194, 196]], "missing_branches": [[100, 101], [105, 106], [125, 126], [165, 166], [192, 193]]}}}, "src/whyback/agent/prompts.py": {"executed_lines": [3, 5, 7, 9, 20], "summary": {"covered_lines": 5, "num_statements": 5, "percent_covered": 100.0, "percent_covered_display": "100", "missing_lines": 0, "excluded_lines": 0, "percent_statements_covered": 100.0, "percent_statements_covered_display": "100", "num_branches": 0, "num_partial_branches": 0, "covered_branches": 0, "missing_branches": 0, "percent_branches_covered": 100.0, "percent_branches_covered_display": "100"}, "missing_lines": [], "excluded_lines": [], "executed_branches": [], "missing_branches": [], "functions": {"": {"executed_lines": [3, 5, 7, 9, 20], "summary": {"covered_lines": 5, "num_statements": 5, "percent_covered": 100.0, "percent_covered_display": "100", "missing_lines": 0, "excluded_lines": 0, "percent_statements_covered": 100.0, "percent_statements_covered_display": "100", "num_branches": 0, "num_partial_branches": 0, "covered_branches": 0, "missing_branches": 0, "percent_branches_covered": 100.0, "percent_branches_covered_display": "100"}, "missing_lines": [], "excluded_lines": [], "start_line": 1, "executed_branches": [], "missing_branches": []}}, "classes": {"": {"executed_lines": [3, 5, 7, 9, 20], "summary": {"covered_lines": 5, "num_statements": 5, "percent_covered": 100.0, "percent_covered_display": "100", "missing_lines": 0, "excluded_lines": 0, "percent_statements_covered": 100.0, "percent_statements_covered_display": "100", "num_branches": 0, "num_partial_branches": 0, "covered_branches": 0, "missing_branches": 0, "percent_branches_covered": 100.0, "percent_branches_covered_display": "100"}, "missing_lines": [], "excluded_lines": [], "start_line": 1, "executed_branches": [], "missing_branches": []}}}, "src/whyback/agent/runner.py": {"executed_lines": [3, 5, 6, 7, 8, 9, 10, 11, 12, 13, 15, 17, 18, 19, 20, 21, 22, 23, 34, 39, 40, 41, 42, 48, 49, 50, 58, 61, 64, 66, 67, 68, 69, 72, 75, 76, 79, 80, 81, 84, 87, 88, 89, 92, 93, 96, 104, 120, 123, 139, 140, 141, 142, 143, 144, 145, 146, 147, 148, 149, 150, 151, 153, 159, 160, 161, 171, 177, 190, 213, 214, 216, 217, 218, 220, 225, 226, 227, 241, 242, 272, 273, 280, 286, 298, 317, 318, 324, 325, 327, 339, 350, 351, 352, 353, 366, 387, 398, 402, 415, 416, 417, 418, 426, 427, 433, 435, 438, 439, 440, 446, 448, 449, 452, 453, 454, 455, 456, 458, 469, 470, 483, 495, 506, 508, 513, 514, 515, 516, 517, 518, 519, 520, 523, 526, 535, 546, 549, 559, 560, 572, 578, 579, 580, 593, 603, 606, 607, 616, 634, 639, 640, 650, 651, 653, 654, 655, 667, 681, 682, 683, 684, 687, 688, 689, 698, 708, 709, 710, 711, 722, 723, 724, 731, 733, 734, 735, 736, 737, 738, 739, 740, 741, 742, 743, 753, 754, 764, 766, 773, 785, 794, 799, 815, 816, 824, 836, 846], "summary": {"covered_lines": 198, "num_statements": 211, "percent_covered": 94.02390438247012, "percent_covered_display": "94", "missing_lines": 13, "excluded_lines": 0, "percent_statements_covered": 93.8388625592417, "percent_statements_covered_display": "94", "num_branches": 40, "num_partial_branches": 2, "covered_branches": 38, "missing_branches": 2, "percent_branches_covered": 95.0, "percent_branches_covered_display": "95"}, "missing_lines": [247, 248, 249, 250, 258, 267, 319, 585, 586, 851, 864, 876, 885], "excluded_lines": [], "executed_branches": [[87, 88], [87, 89], [159, 160], [159, 161], [216, 217], [216, 433], [217, 218], [217, 220], [317, 318], [317, 327], [318, 324], [351, 352], [351, 402], [415, 416], [415, 427], [439, 440], [439, 446], [469, 470], [469, 508], [518, 519], [518, 653], [546, 549], [546, 559], [559, 560], [559, 572], [578, 579], [578, 593], [639, 640], [639, 650], [650, 518], [650, 651], [654, 655], [654, 667], [683, 684], [683, 687], [687, 688], [687, 689], [815, 816]], "missing_branches": [[318, 319], [815, 851]], "functions": {"_safe_model_prose": {"executed_lines": [75, 76], "summary": {"covered_lines": 2, "num_statements": 2, "percent_covered": 100.0, "percent_covered_display": "100", "missing_lines": 0, "excluded_lines": 0, "percent_statements_covered": 100.0, "percent_statements_covered_display": "100", "num_branches": 0, "num_partial_branches": 0, "covered_branches": 0, "missing_branches": 0, "percent_branches_covered": 100.0, "percent_branches_covered_display": "100"}, "missing_lines": [], "excluded_lines": [], "start_line": 72, "executed_branches": [], "missing_branches": []}, "_stable_signature": {"executed_lines": [80, 81], "summary": {"covered_lines": 2, "num_statements": 2, "percent_covered": 100.0, "percent_covered_display": "100", "missing_lines": 0, "excluded_lines": 0, "percent_statements_covered": 100.0, "percent_statements_covered_display": "100", "num_branches": 0, "num_partial_branches": 0, "covered_branches": 0, "missing_branches": 0, "percent_branches_covered": 100.0, "percent_branches_covered_display": "100"}, "missing_lines": [], "excluded_lines": [], "start_line": 79, "executed_branches": [], "missing_branches": []}, "make_tool_call_id": {"executed_lines": [87, 88, 89], "summary": {"covered_lines": 3, "num_statements": 3, "percent_covered": 100.0, "percent_covered_display": "100", "missing_lines": 0, "excluded_lines": 0, "percent_statements_covered": 100.0, "percent_statements_covered_display": "100", "num_branches": 2, "num_partial_branches": 0, "covered_branches": 2, "missing_branches": 0, "percent_branches_covered": 100.0, "percent_branches_covered_display": "100"}, "missing_lines": [], "excluded_lines": [], "start_line": 84, "executed_branches": [[87, 88], [87, 89]], "missing_branches": []}, "_append_unique": {"executed_lines": [93], "summary": {"covered_lines": 1, "num_statements": 1, "percent_covered": 100.0, "percent_covered_display": "100", "missing_lines": 0, "excluded_lines": 0, "percent_statements_covered": 100.0, "percent_statements_covered_display": "100", "num_branches": 0, "num_partial_branches": 0, "covered_branches": 0, "missing_branches": 0, "percent_branches_covered": 100.0, "percent_branches_covered_display": "100"}, "missing_lines": [], "excluded_lines": [], "start_line": 92, "executed_branches": [], "missing_branches": []}, "_tool_failure": {"executed_lines": [104], "summary": {"covered_lines": 1, "num_statements": 1, "percent_covered": 100.0, "percent_covered_display": "100", "missing_lines": 0, "excluded_lines": 0, "percent_statements_covered": 100.0, "percent_statements_covered_display": "100", "num_branches": 0, "num_partial_branches": 0, "covered_branches": 0, "missing_branches": 0, "percent_branches_covered": 100.0, "percent_branches_covered_display": "100"}, "missing_lines": [], "excluded_lines": [], "start_line": 96, "executed_branches": [], "missing_branches": []}, "InvestigationRunner.__init__": {"executed_lines": [139, 140, 141, 142, 143, 144, 145, 146, 147, 148, 149, 150, 151], "summary": {"covered_lines": 13, "num_statements": 13, "percent_covered": 100.0, "percent_covered_display": "100", "missing_lines": 0, "excluded_lines": 0, "percent_statements_covered": 100.0, "percent_statements_covered_display": "100", "num_branches": 0, "num_partial_branches": 0, "covered_branches": 0, "missing_branches": 0, "percent_branches_covered": 100.0, "percent_branches_covered_display": "100"}, "missing_lines": [], "excluded_lines": [], "start_line": 123, "executed_branches": [], "missing_branches": []}, "InvestigationRunner._emit": {"executed_lines": [159, 160, 161], "summary": {"covered_lines": 3, "num_statements": 3, "percent_covered": 100.0, "percent_covered_display": "100", "missing_lines": 0, "excluded_lines": 0, "percent_statements_covered": 100.0, "percent_statements_covered_display": "100", "num_branches": 2, "num_partial_branches": 0, "covered_branches": 2, "missing_branches": 0, "percent_branches_covered": 100.0, "percent_branches_covered_display": "100"}, "missing_lines": [], "excluded_lines": [], "start_line": 153, "executed_branches": [[159, 160], [159, 161]], "missing_branches": []}, "InvestigationRunner.run": {"executed_lines": [177, 190, 213, 214, 216, 217, 218, 220, 225, 226, 227, 241, 242, 272, 273, 280, 286, 298, 317, 318, 324, 325, 327, 339, 350, 351, 352, 353, 366, 387, 398, 402, 415, 416, 417, 418, 426, 427, 433], "summary": {"covered_lines": 39, "num_statements": 46, "percent_covered": 86.20689655172414, "percent_covered_display": "86", "missing_lines": 7, "excluded_lines": 0, "percent_statements_covered": 84.78260869565217, "percent_statements_covered_display": "85", "num_branches": 12, "num_partial_branches": 1, "covered_branches": 11, "missing_branches": 1, "percent_branches_covered": 91.66666666666667, "percent_branches_covered_display": "92"}, "missing_lines": [247, 248, 249, 250, 258, 267, 319], "excluded_lines": [], "start_line": 171, "executed_branches": [[216, 217], [216, 433], [217, 218], [217, 220], [317, 318], [317, 327], [318, 324], [351, 352], [351, 402], [415, 416], [415, 427]], "missing_branches": [[318, 319]]}, "InvestigationRunner._handle_tool_decision": {"executed_lines": [438, 439, 440, 446, 448, 449, 452, 453, 454, 455, 456, 458, 469, 470, 483, 495, 506, 508, 513, 514, 515, 516, 517, 518, 519, 520, 523, 526, 535, 546, 549, 559, 560, 572, 578, 579, 580, 593, 603, 606, 607, 616, 634, 639, 640, 650, 651, 653, 654, 655, 667, 681, 682, 683, 684, 687, 688, 689], "summary": {"covered_lines": 58, "num_statements": 60, "percent_covered": 97.5609756097561, "percent_covered_display": "98", "missing_lines": 2, "excluded_lines": 0, "percent_statements_covered": 96.66666666666667, "percent_statements_covered_display": "97", "num_branches": 22, "num_partial_branches": 0, "covered_branches": 22, "missing_branches": 0, "percent_branches_covered": 100.0, "percent_branches_covered_display": "100"}, "missing_lines": [585, 586], "excluded_lines": [], "start_line": 435, "executed_branches": [[439, 440], [439, 446], [469, 470], [469, 508], [518, 519], [518, 653], [546, 549], [546, 559], [559, 560], [559, 572], [578, 579], [578, 593], [639, 640], [639, 650], [650, 518], [650, 651], [654, 655], [654, 667], [683, 684], [683, 687], [687, 688], [687, 689]], "missing_branches": []}, "InvestigationRunner._execute_with_timeout": {"executed_lines": [708, 709, 710, 711, 722, 733, 734, 735, 736, 737, 738, 739, 740, 741, 742, 743, 753, 754, 764], "summary": {"covered_lines": 19, "num_statements": 19, "percent_covered": 100.0, "percent_covered_display": "100", "missing_lines": 0, "excluded_lines": 0, "percent_statements_covered": 100.0, "percent_statements_covered_display": "100", "num_branches": 0, "num_partial_branches": 0, "covered_branches": 0, "missing_branches": 0, "percent_branches_covered": 100.0, "percent_branches_covered_display": "100"}, "missing_lines": [], "excluded_lines": [], "start_line": 698, "executed_branches": [], "missing_branches": []}, "InvestigationRunner._execute_with_timeout.execute": {"executed_lines": [723, 724, 731], "summary": {"covered_lines": 3, "num_statements": 3, "percent_covered": 100.0, "percent_covered_display": "100", "missing_lines": 0, "excluded_lines": 0, "percent_statements_covered": 100.0, "percent_statements_covered_display": "100", "num_branches": 0, "num_partial_branches": 0, "covered_branches": 0, "missing_branches": 0, "percent_branches_covered": 100.0, "percent_branches_covered_display": "100"}, "missing_lines": [], "excluded_lines": [], "start_line": 722, "executed_branches": [], "missing_branches": []}, "InvestigationRunner._fallback": {"executed_lines": [773, 785, 794, 799, 815, 816, 824, 836, 846], "summary": {"covered_lines": 9, "num_statements": 13, "percent_covered": 66.66666666666667, "percent_covered_display": "67", "missing_lines": 4, "excluded_lines": 0, "percent_statements_covered": 69.23076923076923, "percent_statements_covered_display": "69", "num_branches": 2, "num_partial_branches": 1, "covered_branches": 1, "missing_branches": 1, "percent_branches_covered": 50.0, "percent_branches_covered_display": "50"}, "missing_lines": [851, 864, 876, 885], "excluded_lines": [], "start_line": 766, "executed_branches": [[815, 816]], "missing_branches": [[815, 851]]}, "": {"executed_lines": [3, 5, 6, 7, 8, 9, 10, 11, 12, 13, 15, 17, 18, 19, 20, 21, 22, 23, 34, 39, 40, 41, 42, 48, 49, 50, 58, 61, 64, 66, 67, 68, 69, 72, 79, 84, 92, 96, 120, 123, 153, 171, 435, 698, 766], "summary": {"covered_lines": 45, "num_statements": 45, "percent_covered": 100.0, "percent_covered_display": "100", "missing_lines": 0, "excluded_lines": 0, "percent_statements_covered": 100.0, "percent_statements_covered_display": "100", "num_branches": 0, "num_partial_branches": 0, "covered_branches": 0, "missing_branches": 0, "percent_branches_covered": 100.0, "percent_branches_covered_display": "100"}, "missing_lines": [], "excluded_lines": [], "start_line": 1, "executed_branches": [], "missing_branches": []}}, "classes": {"InvestigationOutcome": {"executed_lines": [], "summary": {"covered_lines": 0, "num_statements": 0, "percent_covered": 100.0, "percent_covered_display": "100", "missing_lines": 0, "excluded_lines": 0, "percent_statements_covered": 100.0, "percent_statements_covered_display": "100", "num_branches": 0, "num_partial_branches": 0, "covered_branches": 0, "missing_branches": 0, "percent_branches_covered": 100.0, "percent_branches_covered_display": "100"}, "missing_lines": [], "excluded_lines": [], "start_line": 61, "executed_branches": [], "missing_branches": []}, "InvestigationRunner": {"executed_lines": [139, 140, 141, 142, 143, 144, 145, 146, 147, 148, 149, 150, 151, 159, 160, 161, 177, 190, 213, 214, 216, 217, 218, 220, 225, 226, 227, 241, 242, 272, 273, 280, 286, 298, 317, 318, 324, 325, 327, 339, 350, 351, 352, 353, 366, 387, 398, 402, 415, 416, 417, 418, 426, 427, 433, 438, 439, 440, 446, 448, 449, 452, 453, 454, 455, 456, 458, 469, 470, 483, 495, 506, 508, 513, 514, 515, 516, 517, 518, 519, 520, 523, 526, 535, 546, 549, 559, 560, 572, 578, 579, 580, 593, 603, 606, 607, 616, 634, 639, 640, 650, 651, 653, 654, 655, 667, 681, 682, 683, 684, 687, 688, 689, 708, 709, 710, 711, 722, 723, 724, 731, 733, 734, 735, 736, 737, 738, 739, 740, 741, 742, 743, 753, 754, 764, 773, 785, 794, 799, 815, 816, 824, 836, 846], "summary": {"covered_lines": 144, "num_statements": 157, "percent_covered": 92.3076923076923, "percent_covered_display": "92", "missing_lines": 13, "excluded_lines": 0, "percent_statements_covered": 91.71974522292993, "percent_statements_covered_display": "92", "num_branches": 38, "num_partial_branches": 2, "covered_branches": 36, "missing_branches": 2, "percent_branches_covered": 94.73684210526316, "percent_branches_covered_display": "95"}, "missing_lines": [247, 248, 249, 250, 258, 267, 319, 585, 586, 851, 864, 876, 885], "excluded_lines": [], "start_line": 120, "executed_branches": [[159, 160], [159, 161], [216, 217], [216, 433], [217, 218], [217, 220], [317, 318], [317, 327], [318, 324], [351, 352], [351, 402], [415, 416], [415, 427], [439, 440], [439, 446], [469, 470], [469, 508], [518, 519], [518, 653], [546, 549], [546, 559], [559, 560], [559, 572], [578, 579], [578, 593], [639, 640], [639, 650], [650, 518], [650, 651], [654, 655], [654, 667], [683, 684], [683, 687], [687, 688], [687, 689], [815, 816]], "missing_branches": [[318, 319], [815, 851]]}, "": {"executed_lines": [3, 5, 6, 7, 8, 9, 10, 11, 12, 13, 15, 17, 18, 19, 20, 21, 22, 23, 34, 39, 40, 41, 42, 48, 49, 50, 58, 61, 64, 66, 67, 68, 69, 72, 75, 76, 79, 80, 81, 84, 87, 88, 89, 92, 93, 96, 104, 120, 123, 153, 171, 435, 698, 766], "summary": {"covered_lines": 54, "num_statements": 54, "percent_covered": 100.0, "percent_covered_display": "100", "missing_lines": 0, "excluded_lines": 0, "percent_statements_covered": 100.0, "percent_statements_covered_display": "100", "num_branches": 2, "num_partial_branches": 0, "covered_branches": 2, "missing_branches": 0, "percent_branches_covered": 100.0, "percent_branches_covered_display": "100"}, "missing_lines": [], "excluded_lines": [], "start_line": 1, "executed_branches": [[87, 88], [87, 89]], "missing_branches": []}}}, "src/whyback/agent/scripted_backend.py": {"executed_lines": [3, 5, 6, 7, 9, 11, 16, 22, 25, 26, 29, 30, 31, 32, 33, 36, 39, 45, 46, 47, 48, 50, 51, 52, 54, 61, 62, 63, 72, 73, 74, 75, 76, 77, 80], "summary": {"covered_lines": 35, "num_statements": 35, "percent_covered": 100.0, "percent_covered_display": "100", "missing_lines": 0, "excluded_lines": 0, "percent_statements_covered": 100.0, "percent_statements_covered_display": "100", "num_branches": 2, "num_partial_branches": 0, "covered_branches": 2, "missing_branches": 0, "percent_branches_covered": 100.0, "percent_branches_covered_display": "100"}, "missing_lines": [], "excluded_lines": [], "executed_branches": [[61, 62], [61, 63]], "missing_branches": [], "functions": {"ScriptedBackend.__init__": {"executed_lines": [45, 46, 47, 48], "summary": {"covered_lines": 4, "num_statements": 4, "percent_covered": 100.0, "percent_covered_display": "100", "missing_lines": 0, "excluded_lines": 0, "percent_statements_covered": 100.0, "percent_statements_covered_display": "100", "num_branches": 0, "num_partial_branches": 0, "covered_branches": 0, "missing_branches": 0, "percent_branches_covered": 100.0, "percent_branches_covered_display": "100"}, "missing_lines": [], "excluded_lines": [], "start_line": 39, "executed_branches": [], "missing_branches": []}, "ScriptedBackend.model_name": {"executed_lines": [52], "summary": {"covered_lines": 1, "num_statements": 1, "percent_covered": 100.0, "percent_covered_display": "100", "missing_lines": 0, "excluded_lines": 0, "percent_statements_covered": 100.0, "percent_statements_covered_display": "100", "num_branches": 0, "num_partial_branches": 0, "covered_branches": 0, "missing_branches": 0, "percent_branches_covered": 100.0, "percent_branches_covered_display": "100"}, "missing_lines": [], "excluded_lines": [], "start_line": 51, "executed_branches": [], "missing_branches": []}, "ScriptedBackend.decide_next_step": {"executed_lines": [61, 62, 63, 72, 73, 74, 75, 76, 77, 80], "summary": {"covered_lines": 10, "num_statements": 10, "percent_covered": 100.0, "percent_covered_display": "100", "missing_lines": 0, "excluded_lines": 0, "percent_statements_covered": 100.0, "percent_statements_covered_display": "100", "num_branches": 2, "num_partial_branches": 0, "covered_branches": 2, "missing_branches": 0, "percent_branches_covered": 100.0, "percent_branches_covered_display": "100"}, "missing_lines": [], "excluded_lines": [], "start_line": 54, "executed_branches": [[61, 62], [61, 63]], "missing_branches": []}, "": {"executed_lines": [3, 5, 6, 7, 9, 11, 16, 22, 25, 26, 29, 30, 31, 32, 33, 36, 39, 50, 51, 54], "summary": {"covered_lines": 20, "num_statements": 20, "percent_covered": 100.0, "percent_covered_display": "100", "missing_lines": 0, "excluded_lines": 0, "percent_statements_covered": 100.0, "percent_statements_covered_display": "100", "num_branches": 0, "num_partial_branches": 0, "covered_branches": 0, "missing_branches": 0, "percent_branches_covered": 100.0, "percent_branches_covered_display": "100"}, "missing_lines": [], "excluded_lines": [], "start_line": 1, "executed_branches": [], "missing_branches": []}}, "classes": {"ScriptedCall": {"executed_lines": [], "summary": {"covered_lines": 0, "num_statements": 0, "percent_covered": 100.0, "percent_covered_display": "100", "missing_lines": 0, "excluded_lines": 0, "percent_statements_covered": 100.0, "percent_statements_covered_display": "100", "num_branches": 0, "num_partial_branches": 0, "covered_branches": 0, "missing_branches": 0, "percent_branches_covered": 100.0, "percent_branches_covered_display": "100"}, "missing_lines": [], "excluded_lines": [], "start_line": 26, "executed_branches": [], "missing_branches": []}, "ScriptedBackend": {"executed_lines": [45, 46, 47, 48, 52, 61, 62, 63, 72, 73, 74, 75, 76, 77, 80], "summary": {"covered_lines": 15, "num_statements": 15, "percent_covered": 100.0, "percent_covered_display": "100", "missing_lines": 0, "excluded_lines": 0, "percent_statements_covered": 100.0, "percent_statements_covered_display": "100", "num_branches": 2, "num_partial_branches": 0, "covered_branches": 2, "missing_branches": 0, "percent_branches_covered": 100.0, "percent_branches_covered_display": "100"}, "missing_lines": [], "excluded_lines": [], "start_line": 36, "executed_branches": [[61, 62], [61, 63]], "missing_branches": []}, "": {"executed_lines": [3, 5, 6, 7, 9, 11, 16, 22, 25, 26, 29, 30, 31, 32, 33, 36, 39, 50, 51, 54], "summary": {"covered_lines": 20, "num_statements": 20, "percent_covered": 100.0, "percent_covered_display": "100", "missing_lines": 0, "excluded_lines": 0, "percent_statements_covered": 100.0, "percent_statements_covered_display": "100", "num_branches": 0, "num_partial_branches": 0, "covered_branches": 0, "missing_branches": 0, "percent_branches_covered": 100.0, "percent_branches_covered_display": "100"}, "missing_lines": [], "excluded_lines": [], "start_line": 1, "executed_branches": [], "missing_branches": []}}}, "src/whyback/agent/scripted_plans.py": {"executed_lines": [3, 5, 6, 8, 9, 10, 18, 21, 22, 23, 24, 27, 28, 44, 52, 53, 56, 62, 63, 96, 97, 115, 123, 124, 125, 126, 131, 132, 133, 134, 135, 140, 151, 152, 153, 158, 160, 167, 168], "summary": {"covered_lines": 39, "num_statements": 39, "percent_covered": 100.0, "percent_covered_display": "100", "missing_lines": 0, "excluded_lines": 0, "percent_statements_covered": 100.0, "percent_statements_covered_display": "100", "num_branches": 4, "num_partial_branches": 0, "covered_branches": 4, "missing_branches": 0, "percent_branches_covered": 100.0, "percent_branches_covered_display": "100"}, "missing_lines": [], "excluded_lines": [], "executed_branches": [[123, 124], [123, 132], [132, 133], [132, 151]], "missing_branches": [], "functions": {"_tool": {"executed_lines": [28, 44], "summary": {"covered_lines": 2, "num_statements": 2, "percent_covered": 100.0, "percent_covered_display": "100", "missing_lines": 0, "excluded_lines": 0, "percent_statements_covered": 100.0, "percent_statements_covered_display": "100", "num_branches": 0, "num_partial_branches": 0, "covered_branches": 0, "missing_branches": 0, "percent_branches_covered": 100.0, "percent_branches_covered_display": "100"}, "missing_lines": [], "excluded_lines": [], "start_line": 27, "executed_branches": [], "missing_branches": []}, "_evidence_id": {"executed_lines": [53], "summary": {"covered_lines": 1, "num_statements": 1, "percent_covered": 100.0, "percent_covered_display": "100", "missing_lines": 0, "excluded_lines": 0, "percent_statements_covered": 100.0, "percent_statements_covered_display": "100", "num_branches": 0, "num_partial_branches": 0, "covered_branches": 0, "missing_branches": 0, "percent_branches_covered": 100.0, "percent_branches_covered_display": "100"}, "missing_lines": [], "excluded_lines": [], "start_line": 52, "executed_branches": [], "missing_branches": []}, "_supported_finish": {"executed_lines": [62, 63], "summary": {"covered_lines": 2, "num_statements": 2, "percent_covered": 100.0, "percent_covered_display": "100", "missing_lines": 0, "excluded_lines": 0, "percent_statements_covered": 100.0, "percent_statements_covered_display": "100", "num_branches": 0, "num_partial_branches": 0, "covered_branches": 0, "missing_branches": 0, "percent_branches_covered": 100.0, "percent_branches_covered_display": "100"}, "missing_lines": [], "excluded_lines": [], "start_line": 56, "executed_branches": [], "missing_branches": []}, "_insufficient_finish": {"executed_lines": [97], "summary": {"covered_lines": 1, "num_statements": 1, "percent_covered": 100.0, "percent_covered_display": "100", "missing_lines": 0, "excluded_lines": 0, "percent_statements_covered": 100.0, "percent_statements_covered_display": "100", "num_branches": 0, "num_partial_branches": 0, "covered_branches": 0, "missing_branches": 0, "percent_branches_covered": 100.0, "percent_branches_covered_display": "100"}, "missing_lines": [], "excluded_lines": [], "start_line": 96, "executed_branches": [], "missing_branches": []}, "build_scripted_plan": {"executed_lines": [123, 124, 125, 126, 131, 132, 133, 134, 135, 140, 151, 152, 153, 158, 160, 167, 168], "summary": {"covered_lines": 17, "num_statements": 17, "percent_covered": 100.0, "percent_covered_display": "100", "missing_lines": 0, "excluded_lines": 0, "percent_statements_covered": 100.0, "percent_statements_covered_display": "100", "num_branches": 4, "num_partial_branches": 0, "covered_branches": 4, "missing_branches": 0, "percent_branches_covered": 100.0, "percent_branches_covered_display": "100"}, "missing_lines": [], "excluded_lines": [], "start_line": 115, "executed_branches": [[123, 124], [123, 132], [132, 133], [132, 151]], "missing_branches": []}, "": {"executed_lines": [3, 5, 6, 8, 9, 10, 18, 21, 22, 23, 24, 27, 52, 56, 96, 115], "summary": {"covered_lines": 16, "num_statements": 16, "percent_covered": 100.0, "percent_covered_display": "100", "missing_lines": 0, "excluded_lines": 0, "percent_statements_covered": 100.0, "percent_statements_covered_display": "100", "num_branches": 0, "num_partial_branches": 0, "covered_branches": 0, "missing_branches": 0, "percent_branches_covered": 100.0, "percent_branches_covered_display": "100"}, "missing_lines": [], "excluded_lines": [], "start_line": 1, "executed_branches": [], "missing_branches": []}}, "classes": {"ScriptedPlan": {"executed_lines": [], "summary": {"covered_lines": 0, "num_statements": 0, "percent_covered": 100.0, "percent_covered_display": "100", "missing_lines": 0, "excluded_lines": 0, "percent_statements_covered": 100.0, "percent_statements_covered_display": "100", "num_branches": 0, "num_partial_branches": 0, "covered_branches": 0, "missing_branches": 0, "percent_branches_covered": 100.0, "percent_branches_covered_display": "100"}, "missing_lines": [], "excluded_lines": [], "start_line": 21, "executed_branches": [], "missing_branches": []}, "": {"executed_lines": [3, 5, 6, 8, 9, 10, 18, 21, 22, 23, 24, 27, 28, 44, 52, 53, 56, 62, 63, 96, 97, 115, 123, 124, 125, 126, 131, 132, 133, 134, 135, 140, 151, 152, 153, 158, 160, 167, 168], "summary": {"covered_lines": 39, "num_statements": 39, "percent_covered": 100.0, "percent_covered_display": "100", "missing_lines": 0, "exclude
[...]
75.0, "percent_branches_covered_display": "75"}, "missing_lines": [40, 66, 163, 286, 290], "excluded_lines": [], "executed_branches": [[65, 68], [121, 122], [121, 138], [162, 181], [206, 207], [206, 210], [262, 263], [262, 278], [285, 297]], "missing_branches": [[65, 66], [162, 163], [285, 286]], "functions": {"_invalid_customer_result": {"executed_lines": [], "summary": {"covered_lines": 0, "num_statements": 1, "percent_covered": 0.0, "percent_covered_display": "0", "missing_lines": 1, "excluded_lines": 0, "percent_statements_covered": 0.0, "percent_statements_covered_display": "0", "num_branches": 0, "num_partial_branches": 0, "covered_branches": 0, "missing_branches": 0, "percent_branches_covered": 100.0, "percent_branches_covered_display": "100"}, "missing_lines": [40], "excluded_lines": [], "start_line": 35, "executed_branches": [], "missing_branches": []}, "run_promotion_response": {"executed_lines": [64, 65, 68, 69, 75, 96, 113, 114, 118, 119, 120, 121, 122, 138, 148, 149, 150, 151, 152, 153, 162, 181, 183, 187, 188, 189, 190, 191, 192, 193, 205, 206, 207, 210, 217, 219, 220, 262, 263, 278, 279, 285, 297, 302], "summary": {"covered_lines": 44, "num_statements": 48, "percent_covered": 88.33333333333333, "percent_covered_display": "88", "missing_lines": 4, "excluded_lines": 0, "percent_statements_covered": 91.66666666666667, "percent_statements_covered_display": "92", "num_branches": 12, "num_partial_branches": 3, "covered_branches": 9, "missing_branches": 3, "percent_branches_covered": 75.0, "percent_branches_covered_display": "75"}, "missing_lines": [66, 163, 286, 290], "excluded_lines": [], "start_line": 57, "executed_branches": [[65, 68], [121, 122], [121, 138], [162, 181], [206, 207], [206, 210], [262, 263], [262, 278], [285, 297]], "missing_branches": [[65, 66], [162, 163], [285, 286]]}, "run_promotion_response.metric": {"executed_lines": [184, 185], "summary": {"covered_lines": 2, "num_statements": 2, "percent_covered": 100.0, "percent_covered_display": "100", "missing_lines": 0, "excluded_lines": 0, "percent_statements_covered": 100.0, "percent_statements_covered_display": "100", "num_branches": 0, "num_partial_branches": 0, "covered_branches": 0, "missing_branches": 0, "percent_branches_covered": 100.0, "percent_branches_covered_display": "100"}, "missing_lines": [], "excluded_lines": [], "start_line": 183, "executed_branches": [], "missing_branches": []}, "": {"executed_lines": [3, 5, 6, 8, 10, 11, 17, 25, 29, 35, 57], "summary": {"covered_lines": 11, "num_statements": 11, "percent_covered": 100.0, "percent_covered_display": "100", "missing_lines": 0, "excluded_lines": 0, "percent_statements_covered": 100.0, "percent_statements_covered_display": "100", "num_branches": 0, "num_partial_branches": 0, "covered_branches": 0, "missing_branches": 0, "percent_branches_covered": 100.0, "percent_branches_covered_display": "100"}, "missing_lines": [], "excluded_lines": [], "start_line": 1, "executed_branches": [], "missing_branches": []}}, "classes": {"": {"executed_lines": [3, 5, 6, 8, 10, 11, 17, 25, 29, 35, 57, 64, 65, 68, 69, 75, 96, 113, 114, 118, 119, 120, 121, 122, 138, 148, 149, 150, 151, 152, 153, 162, 181, 183, 184, 185, 187, 188, 189, 190, 191, 192, 193, 205, 206, 207, 210, 217, 219, 220, 262, 263, 278, 279, 285, 297, 302], "summary": {"covered_lines": 57, "num_statements": 62, "percent_covered": 89.1891891891892, "percent_covered_display": "89", "missing_lines": 5, "excluded_lines": 0, "percent_statements_covered": 91.93548387096774, "percent_statements_covered_display": "92", "num_branches": 12, "num_partial_branches": 3, "covered_branches": 9, "missing_branches": 3, "percent_branches_covered": 75.0, "percent_branches_covered_display": "75"}, "missing_lines": [40, 66, 163, 286, 290], "excluded_lines": [], "start_line": 1, "executed_branches": [[65, 68], [121, 122], [121, 138], [162, 181], [206, 207], [206, 210], [262, 263], [262, 278], [285, 297]], "missing_branches": [[65, 66], [162, 163], [285, 286]]}}}, "src/whyback/tools/registry.py": {"executed_lines": [3, 5, 6, 7, 8, 9, 11, 13, 14, 15, 16, 30, 31, 32, 33, 35, 38, 39, 40, 41, 42, 43, 45, 46, 53, 111, 114, 115, 116, 119, 120, 121, 123, 126, 127, 131, 134, 135, 136, 137, 138, 139, 141, 148, 149, 150, 151, 171, 174, 175, 178], "summary": {"covered_lines": 51, "num_statements": 54, "percent_covered": 92.85714285714286, "percent_covered_display": "93", "missing_lines": 3, "excluded_lines": 0, "percent_statements_covered": 94.44444444444444, "percent_statements_covered_display": "94", "num_branches": 2, "num_partial_branches": 1, "covered_branches": 1, "missing_branches": 1, "percent_branches_covered": 50.0, "percent_branches_covered_display": "50"}, "missing_lines": [117, 181, 195], "excluded_lines": [], "executed_branches": [[116, -114]], "missing_branches": [[116, 117]], "functions": {"RegisteredTool.definition": {"executed_lines": [46], "summary": {"covered_lines": 1, "num_statements": 1, "percent_covered": 100.0, "percent_covered_display": "100", "missing_lines": 0, "excluded_lines": 0, "percent_statements_covered": 100.0, "percent_statements_covered_display": "100", "num_branches": 0, "num_partial_branches": 0, "covered_branches": 0, "missing_branches": 0, "percent_branches_covered": 100.0, "percent_branches_covered_display": "100"}, "missing_lines": [], "excluded_lines": [], "start_line": 45, "executed_branches": [], "missing_branches": []}, "ToolRegistry.__init__": {"executed_lines": [115, 116], "summary": {"covered_lines": 2, "num_statements": 3, "percent_covered": 60.0, "percent_covered_display": "60", "missing_lines": 1, "excluded_lines": 0, "percent_statements_covered": 66.66666666666667, "percent_statements_covered_display": "67", "num_branches": 2, "num_partial_branches": 1, "covered_branches": 1, "missing_branches": 1, "percent_branches_covered": 50.0, "percent_branches_covered_display": "50"}, "missing_lines": [117], "excluded_lines": [], "start_line": 114, "executed_branches": [[116, -114]], "missing_branches": [[116, 117]]}, "ToolRegistry.names": {"executed_lines": [121], "summary": {"covered_lines": 1, "num_statements": 1, "percent_covered": 100.0, "percent_covered_display": "100", "missing_lines": 0, "excluded_lines": 0, "percent_statements_covered": 100.0, "percent_statements_covered_display": "100", "num_branches": 0, "num_partial_branches": 0, "covered_branches": 0, "missing_branches": 0, "percent_branches_covered": 100.0, "percent_branches_covered_display": "100"}, "missing_lines": [], "excluded_lines": [], "start_line": 120, "executed_branches": [], "missing_branches": []}, "ToolRegistry.definitions": {"executed_lines": [126, 127], "summary": {"covered_lines": 2, "num_statements": 2, "percent_covered": 100.0, "percent_covered_display": "100", "missing_lines": 0, "excluded_lines": 0, "percent_statements_covered": 100.0, "percent_statements_covered_display": "100", "num_branches": 0, "num_partial_branches": 0, "covered_branches": 0, "missing_branches": 0, "percent_branches_covered": 100.0, "percent_branches_covered_display": "100"}, "missing_lines": [], "excluded_lines": [], "start_line": 123, "executed_branches": [], "missing_branches": []}, "ToolRegistry.normalize_arguments": {"executed_lines": [134, 135, 136, 137, 138, 139], "summary": {"covered_lines": 6, "num_statements": 6, "percent_covered": 100.0, "percent_covered_display": "100", "missing_lines": 0, "excluded_lines": 0, "percent_statements_covered": 100.0, "percent_statements_covered_display": "100", "num_branches": 0, "num_partial_branches": 0, "covered_branches": 0, "missing_branches": 0, "percent_branches_covered": 100.0, "percent_branches_covered_display": "100"}, "missing_lines": [], "excluded_lines": [], "start_line": 131, "executed_branches": [], "missing_branches": []}, "ToolRegistry.execute": {"executed_lines": [148, 149, 150, 151, 171], "summary": {"covered_lines": 5, "num_statements": 5, "percent_covered": 100.0, "percent_covered_display": "100", "missing_lines": 0, "excluded_lines": 0, "percent_statements_covered": 100.0, "percent_statements_covered_display": "100", "num_branches": 0, "num_partial_branches": 0, "covered_branches": 0, "missing_branches": 0, "percent_branches_covered": 100.0, "percent_branches_covered_display": "100"}, "missing_lines": [], "excluded_lines": [], "start_line": 141, "executed_branches": [], "missing_branches": []}, "build_tool_registry": {"executed_lines": [175], "summary": {"covered_lines": 1, "num_statements": 1, "percent_covered": 100.0, "percent_covered_display": "100", "missing_lines": 0, "excluded_lines": 0, "percent_statements_covered": 100.0, "percent_statements_covered_display": "100", "num_branches": 0, "num_partial_branches": 0, "covered_branches": 0, "missing_branches": 0, "percent_branches_covered": 100.0, "percent_branches_covered_display": "100"}, "missing_lines": [], "excluded_lines": [], "start_line": 174, "executed_branches": [], "missing_branches": []}, "compact_tool_result": {"executed_lines": [], "summary": {"covered_lines": 0, "num_statements": 2, "percent_covered": 0.0, "percent_covered_display": "0", "missing_lines": 2, "excluded_lines": 0, "percent_statements_covered": 0.0, "percent_statements_covered_display": "0", "num_branches": 0, "num_partial_branches": 0, "covered_branches": 0, "missing_branches": 0, "percent_branches_covered": 100.0, "percent_branches_covered_display": "100"}, "missing_lines": [181, 195], "excluded_lines": [], "start_line": 178, "executed_branches": [], "missing_branches": []}, "": {"executed_lines": [3, 5, 6, 7, 8, 9, 11, 13, 14, 15, 16, 30, 31, 32, 33, 35, 38, 39, 40, 41, 42, 43, 45, 53, 111, 114, 119, 120, 123, 131, 141, 174, 178], "summary": {"covered_lines": 33, "num_statements": 33, "percent_covered": 100.0, "percent_covered_display": "100", "missing_lines": 0, "excluded_lines": 0, "percent_statements_covered": 100.0, "percent_statements_covered_display": "100", "num_branches": 0, "num_partial_branches": 0, "covered_branches": 0, "missing_branches": 0, "percent_branches_covered": 100.0, "percent_branches_covered_display": "100"}, "missing_lines": [], "excluded_lines": [], "start_line": 1, "executed_branches": [], "missing_branches": []}}, "classes": {"RegisteredTool": {"executed_lines": [46], "summary": {"covered_lines": 1, "num_statements": 1, "percent_covered": 100.0, "percent_covered_display": "100", "missing_lines": 0, "excluded_lines": 0, "percent_statements_covered": 100.0, "percent_statements_covered_display": "100", "num_branches": 0, "num_partial_branches": 0, "covered_branches": 0, "missing_branches": 0, "percent_branches_covered": 100.0, "percent_branches_covered_display": "100"}, "missing_lines": [], "excluded_lines": [], "start_line": 39, "executed_branches": [], "missing_branches": []}, "ToolRegistry": {"executed_lines": [115, 116, 121, 126, 127, 134, 135, 136, 137, 138, 139, 148, 149, 150, 151, 171], "summary": {"covered_lines": 16, "num_statements": 17, "percent_covered": 89.47368421052632, "percent_covered_display": "89", "missing_lines": 1, "excluded_lines": 0, "percent_statements_covered": 94.11764705882354, "percent_statements_covered_display": "94", "num_branches": 2, "num_partial_branches": 1, "covered_branches": 1, "missing_branches": 1, "percent_branches_covered": 50.0, "percent_branches_covered_display": "50"}, "missing_lines": [117], "excluded_lines": [], "start_line": 111, "executed_branches": [[116, -114]], "missing_branches": [[116, 117]]}, "": {"executed_lines": [3, 5, 6, 7, 8, 9, 11, 13, 14, 15, 16, 30, 31, 32, 33, 35, 38, 39, 40, 41, 42, 43, 45, 53, 111, 114, 119, 120, 123, 131, 141, 174, 175, 178], "summary": {"covered_lines": 34, "num_statements": 36, "percent_covered": 94.44444444444444, "percent_covered_display": "94", "missing_lines": 2, "excluded_lines": 0, "percent_statements_covered": 94.44444444444444, "percent_statements_covered_display": "94", "num_branches": 0, "num_partial_branches": 0, "covered_branches": 0, "missing_branches": 0, "percent_branches_covered": 100.0, "percent_branches_covered_display": "100"}, "missing_lines": [181, 195], "excluded_lines": [], "start_line": 1, "executed_branches": [], "missing_branches": []}}}, "src/whyback/tools/trend.py": {"executed_lines": [3, 5, 6, 8, 10, 11, 12, 23, 32, 37, 54, 88, 95, 116, 117, 118, 119, 120, 121, 122, 123, 124, 125, 126, 128, 129, 148, 159, 160, 161, 162, 180, 181, 182, 183, 184, 185, 186, 196, 199, 204, 211, 212, 222, 223, 237, 238, 239, 240, 241, 242, 243, 253, 254, 264, 292, 293, 297, 298, 302, 304, 309, 314, 319, 325, 326, 327, 328, 329, 330, 331, 348, 366, 367, 368, 369, 370, 374, 375, 378, 380, 381, 387, 388, 444, 445, 450, 451, 467, 468, 469, 470, 471, 482, 492, 493, 494, 502, 506, 513], "summary": {"covered_lines": 100, "num_statements": 102, "percent_covered": 95.16129032258064, "percent_covered_display": "95", "missing_lines": 2, "excluded_lines": 0, "percent_statements_covered": 98.03921568627452, "percent_statements_covered_display": "98", "num_branches": 22, "num_partial_branches": 4, "covered_branches": 18, "missing_branches": 4, "percent_branches_covered": 81.81818181818181, "percent_branches_covered_display": "82"}, "missing_lines": [213, 244], "excluded_lines": [], "executed_branches": [[160, 161], [183, 184], [183, 186], [212, 222], [243, 253], [253, 254], [253, 264], [368, 369], [368, 375], [375, 378], [375, 380], [444, 445], [444, 467], [450, 444], [450, 451], [468, 469], [468, 492], [493, 494]], "missing_branches": [[160, 162], [212, 213], [243, 244], [493, 502]], "functions": {"_WindowMetrics.as_summary": {"executed_lines": [129], "summary": {"covered_lines": 1, "num_statements": 1, "percent_covered": 100.0, "percent_covered_display": "100", "missing_lines": 0, "excluded_lines": 0, "percent_statements_covered": 100.0, "percent_statements_covered_display": "100", "num_branches": 0, "num_partial_branches": 0, "covered_branches": 0, "missing_branches": 0, "percent_branches_covered": 100.0, "percent_branches_covered_display": "100"}, "missing_lines": [], "excluded_lines": [], "start_line": 128, "executed_branches": [], "missing_branches": []}, "_failed_result": {"executed_lines": [159, 160, 161, 162], "summary": {"covered_lines": 4, "num_statements": 4, "percent_covered": 83.33333333333333, "percent_covered_display": "83", "missing_lines": 0, "excluded_lines": 0, "percent_statements_covered": 100.0, "percent_statements_covered_display": "100", "num_branches": 2, "num_partial_branches": 1, "covered_branches": 1, "missing_branches": 1, "percent_branches_covered": 50.0, "percent_branches_covered_display": "50"}, "missing_lines": [], "excluded_lines": [], "start_line": 148, "executed_branches": [[160, 161]], "missing_branches": [[160, 162]]}, "_comparison": {"executed_lines": [181, 182, 183, 184, 185, 186], "summary": {"covered_lines": 6, "num_statements": 6, "percent_covered": 100.0, "percent_covered_display": "100", "missing_lines": 0, "excluded_lines": 0, "percent_statements_covered": 100.0, "percent_statements_covered_display": "100", "num_branches": 2, "num_partial_branches": 0, "covered_branches": 2, "missing_branches": 0, "percent_branches_covered": 100.0, "percent_branches_covered_display": "100"}, "missing_lines": [], "excluded_lines": [], "start_line": 180, "executed_branches": [[183, 184], [183, 186]], "missing_branches": []}, "_window_has_partial_week": {"executed_lines": [199], "summary": {"covered_lines": 1, "num_statements": 1, "percent_covered": 100.0, "percent_covered_display": "100", "missing_lines": 0, "excluded_lines": 0, "percent_statements_covered": 100.0, "percent_statements_covered_display": "100", "num_branches": 0, "num_partial_branches": 0, "covered_branches": 0, "missing_branches": 0, "percent_branches_covered": 100.0, "percent_branches_covered_display": "100"}, "missing_lines": [], "excluded_lines": [], "start_line": 196, "executed_branches": [], "missing_branches": []}, "customer_trend": {"executed_lines": [211, 212, 222, 223, 237, 238, 239, 240, 241, 242, 243, 253, 254, 264, 292, 293, 297, 298, 302, 304, 309, 314, 319, 325, 326, 327, 328, 329, 330, 331, 348, 366, 367, 368, 369, 370, 374, 375, 378, 380, 381, 387, 388, 444, 445, 450, 451, 467, 468, 469, 470, 471, 482, 492, 493, 494, 502, 506, 513], "summary": {"covered_lines": 59, "num_statements": 61, "percent_covered": 93.67088607594937, "percent_covered_display": "94", "missing_lines": 2, "excluded_lines": 0, "percent_statements_covered": 96.72131147540983, "percent_statements_covered_display": "97", "num_branches": 18, "num_partial_branches": 3, "covered_branches": 15, "missing_branches": 3, "percent_branches_covered": 83.33333333333333, "percent_branches_covered_display": "83"}, "missing_lines": [213, 244], "excluded_lines": [], "start_line": 204, "executed_branches": [[212, 222], [243, 253], [253, 254], [253, 264], [368, 369], [368, 375], [375, 378], [375, 380], [444, 445], [444, 467], [450, 444], [450, 451], [468, 469], [468, 492], [493, 494]], "missing_branches": [[212, 213], [243, 244], [493, 502]]}, "": {"executed_lines": [3, 5, 6, 8, 10, 11, 12, 23, 32, 37, 54, 88, 95, 116, 117, 118, 119, 120, 121, 122, 123, 124, 125, 126, 128, 148, 180, 196, 204], "summary": {"covered_lines": 29, "num_statements": 29, "percent_covered": 100.0, "percent_covered_display": "100", "missing_lines": 0, "excluded_lines": 0, "percent_statements_covered": 100.0, "percent_statements_covered_display": "100", "num_branches": 0, "num_partial_branches": 0, "covered_branches": 0, "missing_branches": 0, "percent_branches_covered": 100.0, "percent_branches_covered_display": "100"}, "missing_lines": [], "excluded_lines": [], "start_line": 1, "executed_branches": [], "missing_branches": []}}, "classes": {"_WindowMetrics": {"executed_lines": [129], "summary": {"covered_lines": 1, "num_statements": 1, "percent_covered": 100.0, "percent_covered_display": "100", "missing_lines": 0, "excluded_lines": 0, "percent_statements_covered": 100.0, "percent_statements_covered_display": "100", "num_branches": 0, "num_partial_branches": 0, "covered_branches": 0, "missing_branches": 0, "percent_branches_covered": 100.0, "percent_branches_covered_display": "100"}, "missing_lines": [], "excluded_lines": [], "start_line": 117, "executed_branches": [], "missing_branches": []}, "": {"executed_lines": [3, 5, 6, 8, 10, 11, 12, 23, 32, 37, 54, 88, 95, 116, 117, 118, 119, 120, 121, 122, 123, 124, 125, 126, 128, 148, 159, 160, 161, 162, 180, 181, 182, 183, 184, 185, 186, 196, 199, 204, 211, 212, 222, 223, 237, 238, 239, 240, 241, 242, 243, 253, 254, 264, 292, 293, 297, 298, 302, 304, 309, 314, 319, 325, 326, 327, 328, 329, 330, 331, 348, 366, 367, 368, 369, 370, 374, 375, 378, 380, 381, 387, 388, 444, 445, 450, 451, 467, 468, 469, 470, 471, 482, 492, 493, 494, 502, 506, 513], "summary": {"covered_lines": 99, "num_statements": 101, "percent_covered": 95.1219512195122, "percent_covered_display": "95", "missing_lines": 2, "excluded_lines": 0, "percent_statements_covered": 98.01980198019803, "percent_statements_covered_display": "98", "num_branches": 22, "num_partial_branches": 4, "covered_branches": 18, "missing_branches": 4, "percent_branches_covered": 81.81818181818181, "percent_branches_covered_display": "82"}, "missing_lines": [213, 244], "excluded_lines": [], "start_line": 1, "executed_branches": [[160, 161], [183, 184], [183, 186], [212, 222], [243, 253], [253, 254], [253, 264], [368, 369], [368, 375], [375, 378], [375, 380], [444, 445], [444, 467], [450, 444], [450, 451], [468, 469], [468, 492], [493, 494]], "missing_branches": [[160, 162], [212, 213], [243, 244], [493, 502]]}}}}, "totals": {"covered_lines": 3264, "num_statements": 3624, "percent_covered": 87.18120805369128, "percent_covered_display": "87", "missing_lines": 360, "excluded_lines": 23, "percent_statements_covered": 90.06622516556291, "percent_statements_covered_display": "90", "num_branches": 846, "num_partial_branches": 153, "covered_branches": 633, "missing_branches": 213, "percent_branches_covered": 74.822695035461, "percent_branches_covered_display": "75"}}