{"meta": {"format": 3, "version": "7.15.4", "timestamp": "2026-08-26T00:39:36.343850", "branch_coverage": true, "show_contexts": false}, "files": {"src/whyback/__init__.py": {"executed_lines": [3, 5, 6, 10], "summary": {"covered_lines": 4, "num_statements": 4, "percent_covered": 100.0, "percent_covered_display": "100", "missing_lines": 0, "excluded_lines": 2, "percent_statements_covered": 100.0, "percent_statements_covered_display": "100", "num_branches": 0, "num_partial_branches": 0, "covered_branches": 0, "missing_branches": 0, "percent_branches_covered": 100.0, "percent_branches_covered_display": "100"}, "missing_lines": [], "excluded_lines": [7, 8], "executed_branches": [], "missing_branches": [], "functions": {"": {"executed_lines": [3, 5, 6, 10], "summary": {"covered_lines": 4, "num_statements": 4, "percent_covered": 100.0, "percent_covered_display": "100", "missing_lines": 0, "excluded_lines": 2, "percent_statements_covered": 100.0, "percent_statements_covered_display": "100", "num_branches": 0, "num_partial_branches": 0, "covered_branches": 0, "missing_branches": 0, "percent_branches_covered": 100.0, "percent_branches_covered_display": "100"}, "missing_lines": [], "excluded_lines": [7, 8], "start_line": 1, "executed_branches": [], "missing_branches": []}}, "classes": {"": {"executed_lines": [3, 5, 6, 10], "summary": {"covered_lines": 4, "num_statements": 4, "percent_covered": 100.0, "percent_covered_display": "100", "missing_lines": 0, "excluded_lines": 2, "percent_statements_covered": 100.0, "percent_statements_covered_display": "100", "num_branches": 0, "num_partial_branches": 0, "covered_branches": 0, "missing_branches": 0, "percent_branches_covered": 100.0, "percent_branches_covered_display": "100"}, "missing_lines": [], "excluded_lines": [7, 8], "start_line": 1, "executed_branches": [], "missing_branches": []}}}, "src/whyback/agent/__init__.py": {"executed_lines": [3, 4, 6], "summary": {"covered_lines": 3, "num_statements": 3, "percent_covered": 100.0, "percent_covered_display": "100", "missing_lines": 0, "excluded_lines": 0, "percent_statements_covered": 100.0, "percent_statements_covered_display": "100", "num_branches": 0, "num_partial_branches": 0, "covered_branches": 0, "missing_branches": 0, "percent_branches_covered": 100.0, "percent_branches_covered_display": "100"}, "missing_lines": [], "excluded_lines": [], "executed_branches": [], "missing_branches": [], "functions": {"": {"executed_lines": [3, 4, 6], "summary": {"covered_lines": 3, "num_statements": 3, "percent_covered": 100.0, "percent_covered_display": "100", "missing_lines": 0, "excluded_lines": 0, "percent_statements_covered": 100.0, "percent_statements_covered_display": "100", "num_branches": 0, "num_partial_branches": 0, "covered_branches": 0, "missing_branches": 0, "percent_branches_covered": 100.0, "percent_branches_covered_display": "100"}, "missing_lines": [], "excluded_lines": [], "start_line": 1, "executed_branches": [], "missing_branches": []}}, "classes": {"": {"executed_lines": [3, 4, 6], "summary": {"covered_lines": 3, "num_statements": 3, "percent_covered": 100.0, "percent_covered_display": "100", "missing_lines": 0, "excluded_lines": 0, "percent_statements_covered": 100.0, "percent_statements_covered_display": "100", "num_branches": 0, "num_partial_branches": 0, "covered_branches": 0, "missing_branches": 0, "percent_branches_covered": 100.0, "percent_branches_covered_display": "100"}, "missing_lines": [], "excluded_lines": [], "start_line": 1, "executed_branches": [], "missing_branches": []}}}, "src/whyback/agent/actions.py": {"executed_lines": [3, 5, 6, 7, 9, 10, 12, 14, 15, 16, 23, 27, 30, 31, 32, 33, 34, 35, 38, 41, 44, 46, 47, 48, 50, 53, 54, 55, 56, 57, 58, 61, 64, 66, 67, 68, 69, 70, 72, 75, 78, 79, 80, 82, 90, 93, 96, 98, 99, 100, 101, 102, 103, 104, 106, 107, 110, 112, 114, 116, 120, 124, 125, 130, 133, 136, 138, 139, 140, 141, 144, 147, 149, 150, 151, 154, 157, 159, 160, 161, 162, 163, 164, 165, 166, 168, 169, 172, 173, 177, 179, 181, 183, 186, 189, 191, 192, 194, 195, 198, 199, 200, 201, 202, 203, 204, 205, 209, 211, 212, 215, 217, 220, 221, 222, 223, 224, 225, 226, 229, 232, 258, 263, 264, 265, 270, 271, 272, 273, 274, 275], "summary": {"covered_lines": 131, "num_statements": 145, "percent_covered": 85.79234972677595, "percent_covered_display": "86", "missing_lines": 14, "excluded_lines": 0, "percent_statements_covered": 90.34482758620689, "percent_statements_covered_display": "90", "num_branches": 38, "num_partial_branches": 12, "covered_branches": 26, "missing_branches": 12, "percent_branches_covered": 68.42105263157895, "percent_branches_covered_display": "68"}, "missing_lines": [81, 111, 113, 115, 117, 121, 126, 174, 178, 180, 182, 227, 266, 267], "excluded_lines": [], "executed_branches": [[54, 55], [54, 56], [56, 57], [56, 58], [75, 78], [75, 79], [80, 82], [110, 112], [112, 114], [114, 116], [116, 120], [120, 124], [125, 130], [173, 177], [177, 179], [179, 181], [181, 183], [199, 200], [199, 201], [202, 203], [202, 209], [224, 225], [225, 224], [225, 226], [270, 271], [270, 272]], "missing_branches": [[80, 81], [110, 111], [112, 113], [114, 115], [116, 117], [120, 121], [125, 126], [173, 174], [177, 178], [179, 180], [181, 182], [224, 227]], "functions": {"DimensionPredicate.matches": {"executed_lines": [53, 54, 55, 56, 57, 58], "summary": {"covered_lines": 6, "num_statements": 6, "percent_covered": 100.0, "percent_covered_display": "100", "missing_lines": 0, "excluded_lines": 0, "percent_statements_covered": 100.0, "percent_statements_covered_display": "100", "num_branches": 4, "num_partial_branches": 0, "covered_branches": 4, "missing_branches": 0, "percent_branches_covered": 100.0, "percent_branches_covered_display": "100"}, "missing_lines": [], "excluded_lines": [], "start_line": 50, "executed_branches": [[54, 55], [54, 56], [56, 57], [56, 58]], "missing_branches": []}, "EvidencePredicate.matches": {"executed_lines": [75, 78, 79, 80, 82, 90], "summary": {"covered_lines": 6, "num_statements": 7, "percent_covered": 81.81818181818181, "percent_covered_display": "82", "missing_lines": 1, "excluded_lines": 0, "percent_statements_covered": 85.71428571428571, "percent_statements_covered_display": "86", "num_branches": 4, "num_partial_branches": 1, "covered_branches": 3, "missing_branches": 1, "percent_branches_covered": 75.0, "percent_branches_covered_display": "75"}, "missing_lines": [81], "excluded_lines": [], "start_line": 72, "executed_branches": [[75, 78], [75, 79], [80, 82]], "missing_branches": [[80, 81]]}, "EvidencePrerequisite.validate_evidence_rule": {"executed_lines": [110, 112, 114, 116, 120, 124, 125, 130], "summary": {"covered_lines": 8, "num_statements": 14, "percent_covered": 53.84615384615385, "percent_covered_display": "54", "missing_lines": 6, "excluded_lines": 0, "percent_statements_covered": 57.142857142857146, "percent_statements_covered_display": "57", "num_branches": 12, "num_partial_branches": 6, "covered_branches": 6, "missing_branches": 6, "percent_branches_covered": 50.0, "percent_branches_covered_display": "50"}, "missing_lines": [111, 113, 115, 117, 121, 126], "excluded_lines": [], "start_line": 107, "executed_branches": [[110, 112], [112, 114], [114, 116], [116, 120], [120, 124], [125, 130]], "missing_branches": [[110, 111], [112, 113], [114, 115], [116, 117], [120, 121], [125, 126]]}, "ActionDefinition.validate_selection_policy": {"executed_lines": [172, 173, 177, 179, 181, 183], "summary": {"covered_lines": 6, "num_statements": 10, "percent_covered": 55.55555555555556, "percent_covered_display": "56", "missing_lines": 4, "excluded_lines": 0, "percent_statements_covered": 60.0, "percent_statements_covered_display": "60", "num_branches": 8, "num_partial_branches": 4, "covered_branches": 4, "missing_branches": 4, "percent_branches_covered": 50.0, "percent_branches_covered_display": "50"}, "missing_lines": [174, 178, 180, 182], "excluded_lines": [], "start_line": 169, "executed_branches": [[173, 177], [177, 179], [179, 181], [181, 183]], "missing_branches": [[173, 174], [177, 178], [179, 180], [181, 182]]}, "ActionCatalog.validate_exact_allowlist": {"executed_lines": [198, 199, 200, 201, 202, 203, 204, 205, 209], "summary": {"covered_lines": 9, "num_statements": 9, "percent_covered": 100.0, "percent_covered_display": "100", "missing_lines": 0, "excluded_lines": 0, "percent_statements_covered": 100.0, "percent_statements_covered_display": "100", "num_branches": 4, "num_partial_branches": 0, "covered_branches": 4, "missing_branches": 0, "percent_branches_covered": 100.0, "percent_branches_covered_display": "100"}, "missing_lines": [], "excluded_lines": [], "start_line": 195, "executed_branches": [[199, 200], [199, 201], [202, 203], [202, 209]], "missing_branches": []}, "ActionCatalog.action_ids": {"executed_lines": [215], "summary": {"covered_lines": 1, "num_statements": 1, "percent_covered": 100.0, "percent_covered_display": "100", "missing_lines": 0, "excluded_lines": 0, "percent_statements_covered": 100.0, "percent_statements_covered_display": "100", "num_branches": 0, "num_partial_branches": 0, "covered_branches": 0, "missing_branches": 0, "percent_branches_covered": 100.0, "percent_branches_covered_display": "100"}, "missing_lines": [], "excluded_lines": [], "start_line": 212, "executed_branches": [], "missing_branches": []}, "ActionCatalog.get": {"executed_lines": [220, 221, 222, 223, 224, 225, 226], "summary": {"covered_lines": 7, "num_statements": 8, "percent_covered": 83.33333333333333, "percent_covered_display": "83", "missing_lines": 1, "excluded_lines": 0, "percent_statements_covered": 87.5, "percent_statements_covered_display": "88", "num_branches": 4, "num_partial_branches": 1, "covered_branches": 3, "missing_branches": 1, "percent_branches_covered": 75.0, "percent_branches_covered_display": "75"}, "missing_lines": [227], "excluded_lines": [], "start_line": 217, "executed_branches": [[224, 225], [225, 224], [225, 226]], "missing_branches": [[224, 227]]}, "ActionCatalog.compact_model_context": {"executed_lines": [232], "summary": {"covered_lines": 1, "num_statements": 1, "percent_covered": 100.0, "percent_covered_display": "100", "missing_lines": 0, "excluded_lines": 0, "percent_statements_covered": 100.0, "percent_statements_covered_display": "100", "num_branches": 0, "num_partial_branches": 0, "covered_branches": 0, "missing_branches": 0, "percent_branches_covered": 100.0, "percent_branches_covered_display": "100"}, "missing_lines": [], "excluded_lines": [], "start_line": 229, "executed_branches": [], "missing_branches": []}, "load_action_catalog": {"executed_lines": [263, 264, 265, 270, 271, 272, 273, 274, 275], "summary": {"covered_lines": 9, "num_statements": 11, "percent_covered": 84.61538461538461, "percent_covered_display": "85", "missing_lines": 2, "excluded_lines": 0, "percent_statements_covered": 81.81818181818181, "percent_statements_covered_display": "82", "num_branches": 2, "num_partial_branches": 0, "covered_branches": 2, "missing_branches": 0, "percent_branches_covered": 100.0, "percent_branches_covered_display": "100"}, "missing_lines": [266, 267], "excluded_lines": [], "start_line": 258, "executed_branches": [[270, 271], [270, 272]], "missing_branches": []}, "": {"executed_lines": [3, 5, 6, 7, 9, 10, 12, 14, 15, 16, 23, 27, 30, 31, 32, 33, 34, 35, 38, 41, 44, 46, 47, 48, 50, 61, 64, 66, 67, 68, 69, 70, 72, 93, 96, 98, 99, 100, 101, 102, 103, 104, 106, 107, 133, 136, 138, 139, 140, 141, 144, 147, 149, 150, 151, 154, 157, 159, 160, 161, 162, 163, 164, 165, 166, 168, 169, 186, 189, 191, 192, 194, 195, 211, 212, 217, 229, 258], "summary": {"covered_lines": 78, "num_statements": 78, "percent_covered": 100.0, "percent_covered_display": "100", "missing_lines": 0, "excluded_lines": 0, "percent_statements_covered": 100.0, "percent_statements_covered_display": "100", "num_branches": 0, "num_partial_branches": 0, "covered_branches": 0, "missing_branches": 0, "percent_branches_covered": 100.0, "percent_branches_covered_display": "100"}, "missing_lines": [], "excluded_lines": [], "start_line": 1, "executed_branches": [], "missing_branches": []}}, "classes": {"ActionCatalogError": {"executed_lines": [], "summary": {"covered_lines": 0, "num_statements": 0, "percent_covered": 100.0, "percent_covered_display": "100", "missing_lines": 0, "excluded_lines": 0, "percent_statements_covered": 100.0, "percent_statements_covered_display": "100", "num_branches": 0, "num_partial_branches": 0, "covered_branches": 0, "missing_branches": 0, "percent_branches_covered": 100.0, "percent_branches_covered_display": "100"}, "missing_lines": [], "excluded_lines": [], "start_line": 23, "executed_branches": [], "missing_branches": []}, "ActionId": {"executed_lines": [], "summary": {"covered_lines": 0, "num_statements": 0, "percent_covered": 100.0, "percent_covered_display": "100", "missing_lines": 0, "excluded_lines": 0, "percent_statements_covered": 100.0, "percent_statements_covered_display": "100", "num_branches": 0, "num_partial_branches": 0, "covered_branches": 0, "missing_branches": 0, "percent_branches_covered": 100.0, "percent_branches_covered_display": "100"}, "missing_lines": [], "excluded_lines": [], "start_line": 27, "executed_branches": [], "missing_branches": []}, "DimensionPredicate": {"executed_lines": [53, 54, 55, 56, 57, 58], "summary": {"covered_lines": 6, "num_statements": 6, "percent_covered": 100.0, "percent_covered_display": "100", "missing_lines": 0, "excluded_lines": 0, "percent_statements_covered": 100.0, "percent_statements_covered_display": "100", "num_branches": 4, "num_partial_branches": 0, "covered_branches": 4, "missing_branches": 0, "percent_branches_covered": 100.0, "percent_branches_covered_display": "100"}, "missing_lines": [], "excluded_lines": [], "start_line": 41, "executed_branches": [[54, 55], [54, 56], [56, 57], [56, 58]], "missing_branches": []}, "EvidencePredicate": {"executed_lines": [75, 78, 79, 80, 82, 90], "summary": {"covered_lines": 6, "num_statements": 7, "percent_covered": 81.81818181818181, "percent_covered_display": "82", "missing_lines": 1, "excluded_lines": 0, "percent_statements_covered": 85.71428571428571, "percent_statements_covered_display": "86", "num_branches": 4, "num_partial_branches": 1, "covered_branches": 3, "missing_branches": 1, "percent_branches_covered": 75.0, "percent_branches_covered_display": "75"}, "missing_lines": [81], "excluded_lines": [], "start_line": 61, "executed_branches": [[75, 78], [75, 79], [80, 82]], "missing_branches": [[80, 81]]}, "EvidencePrerequisite": {"executed_lines": [110, 112, 114, 116, 120, 124, 125, 130], "summary": {"covered_lines": 8, "num_statements": 14, "percent_covered": 53.84615384615385, "percent_covered_display": "54", "missing_lines": 6, "excluded_lines": 0, "percent_statements_covered": 57.142857142857146, "percent_statements_covered_display": "57", "num_branches": 12, "num_partial_branches": 6, "covered_branches": 6, "missing_branches": 6, "percent_branches_covered": 50.0, "percent_branches_covered_display": "50"}, "missing_lines": [111, 113, 115, 117, 121, 126], "excluded_lines": [], "start_line": 93, "executed_branches": [[110, 112], [112, 114], [114, 116], [116, 120], [120, 124], [125, 130]], "missing_branches": [[110, 111], [112, 113], [114, 115], [116, 117], [120, 121], [125, 126]]}, "SuccessMetric": {"executed_lines": [], "summary": {"covered_lines": 0, "num_statements": 0, "percent_covered": 100.0, "percent_covered_display": "100", "missing_lines": 0, "excluded_lines": 0, "percent_statements_covered": 100.0, "percent_statements_covered_display": "100", "num_branches": 0, "num_partial_branches": 0, "covered_branches": 0, "missing_branches": 0, "percent_branches_covered": 100.0, "percent_branches_covered_display": "100"}, "missing_lines": [], "excluded_lines": [], "start_line": 133, "executed_branches": [], "missing_branches": []}, "ExperimentPlan": {"executed_lines": [], "summary": {"covered_lines": 0, "num_statements": 0, "percent_covered": 100.0, "percent_covered_display": "100", "missing_lines": 0, "excluded_lines": 0, "percent_statements_covered": 100.0, "percent_statements_covered_display": "100", "num_branches": 0, "num_partial_branches": 0, "covered_branches": 0, "missing_branches": 0, "percent_branches_covered": 100.0, "percent_branches_covered_display": "100"}, "missing_lines": [], "excluded_lines": [], "start_line": 144, "executed_branches": [], "missing_branches": []}, "ActionDefinition": {"executed_lines": [172, 173, 177, 179, 181, 183], "summary": {"covered_lines": 6, "num_statements": 10, "percent_covered": 55.55555555555556, "percent_covered_display": "56", "missing_lines": 4, "excluded_lines": 0, "percent_statements_covered": 60.0, "percent_statements_covered_display": "60", "num_branches": 8, "num_partial_branches": 4, "covered_branches": 4, "missing_branches": 4, "percent_branches_covered": 50.0, "percent_branches_covered_display": "50"}, "missing_lines": [174, 178, 180, 182], "excluded_lines": [], "start_line": 154, "executed_branches": [[173, 177], [177, 179], [179, 181], [181, 183]], "missing_branches": [[173, 174], [177, 178], [179, 180], [181, 182]]}, "ActionCatalog": {"executed_lines": [198, 199, 200, 201, 202, 203, 204, 205, 209, 215, 220, 221, 222, 223, 224, 225, 226, 232], "summary": {"covered_lines": 18, "num_statements": 19, "percent_covered": 92.5925925925926, "percent_covered_display": "93", "missing_lines": 1, "excluded_lines": 0, "percent_statements_covered": 94.73684210526316, "percent_statements_covered_display": "95", "num_branches": 8, "num_partial_branches": 1, "covered_branches": 7, "missing_branches": 1, "percent_branches_covered": 87.5, "percent_branches_covered_display": "88"}, "missing_lines": [227], "excluded_lines": [], "start_line": 186, "executed_branches": [[199, 200], [199, 201], [202, 203], [202, 209], [224, 225], [225, 224], [225, 226]], "missing_branches": [[224, 227]]}, "": {"executed_lines": [3, 5, 6, 7, 9, 10, 12, 14, 15, 16, 23, 27, 30, 31, 32, 33, 34, 35, 38, 41, 44, 46, 47, 48, 50, 61, 64, 66, 67, 68, 69, 70, 72, 93, 96, 98, 99, 100, 101, 102, 103, 104, 106, 107, 133, 136, 138, 139, 140, 141, 144, 147, 149, 150, 151, 154, 157, 159, 160, 161, 162, 163, 164, 165, 166, 168, 169, 186, 189, 191, 192, 194, 195, 211, 212, 217, 229, 258, 263, 264, 265, 270, 271, 272, 273, 274, 275], "summary": {"covered_lines": 87, "num_statements": 89, "percent_covered": 97.8021978021978, "percent_covered_display": "98", "missing_lines": 2, "excluded_lines": 0, "percent_statements_covered": 97.75280898876404, "percent_statements_covered_display": "98", "num_branches": 2, "num_partial_branches": 0, "covered_branches": 2, "missing_branches": 0, "percent_branches_covered": 100.0, "percent_branches_covered_display": "100"}, "missing_lines": [266, 267], "excluded_lines": [], "start_line": 1, "executed_branches": [[270, 271], [270, 272]], "missing_branches": []}}}, "src/whyback/agent/backend.py": {"executed_lines": [3, 5, 7, 9, 10, 13, 17, 21, 25, 28, 30, 31, 32, 33, 36, 39, 40, 45], "summary": {"covered_lines": 18, "num_statements": 18, "percent_covered": 100.0, "percent_covered_display": "100", "missing_lines": 0, "excluded_lines": 6, "percent_statements_covered": 100.0, "percent_statements_covered_display": "100", "num_branches": 0, "num_partial_branches": 0, "covered_branches": 0, "missing_branches": 0, "percent_branches_covered": 100.0, "percent_branches_covered_display": "100"}, "missing_lines": [], "excluded_lines": [42, 43, 44, 53, 54, 55], "executed_branches": [], "missing_branches": [], "functions": {"ModelBackend.model_name": {"executed_lines": [], "summary": {"covered_lines": 0, "num_statements": 0, "percent_covered": 100.0, "percent_covered_display": "100", "missing_lines": 0, "excluded_lines": 2, "percent_statements_covered": 100.0, "percent_statements_covered_display": "100", "num_branches": 0, "num_partial_branches": 0, "covered_branches": 0, "missing_branches": 0, "percent_branches_covered": 100.0, "percent_branches_covered_display": "100"}, "missing_lines": [], "excluded_lines": [42, 43], "start_line": 40, "executed_branches": [], "missing_branches": []}, "ModelBackend.decide_next_step": {"executed_lines": [], "summary": {"covered_lines": 0, "num_statements": 0, "percent_covered": 100.0, "percent_covered_display": "100", "missing_lines": 0, "excluded_lines": 2, "percent_statements_covered": 100.0, "percent_statements_covered_display": "100", "num_branches": 0, "num_partial_branches": 0, "covered_branches": 0, "missing_branches": 0, "percent_branches_covered": 100.0, "percent_branches_covered_display": "100"}, "missing_lines": [], "excluded_lines": [53, 54], "start_line": 45, "executed_branches": [], "missing_branches": []}, "": {"executed_lines": [3, 5, 7, 9, 10, 13, 17, 21, 25, 28, 30, 31, 32, 33, 36, 39, 40, 45], "summary": {"covered_lines": 18, "num_statements": 18, "percent_covered": 100.0, "percent_covered_display": "100", "missing_lines": 0, "excluded_lines": 1, "percent_statements_covered": 100.0, "percent_statements_covered_display": "100", "num_branches": 0, "num_partial_branches": 0, "covered_branches": 0, "missing_branches": 0, "percent_branches_covered": 100.0, "percent_branches_covered_display": "100"}, "missing_lines": [], "excluded_lines": [44], "start_line": 1, "executed_branches": [], "missing_branches": []}}, "classes": {"ModelBackendError": {"executed_lines": [], "summary": {"covered_lines": 0, "num_statements": 0, "percent_covered": 100.0, "percent_covered_display": "100", "missing_lines": 0, "excluded_lines": 0, "percent_statements_covered": 100.0, "percent_statements_covered_display": "100", "num_branches": 0, "num_partial_branches": 0, "covered_branches": 0, "missing_branches": 0, "percent_branches_covered": 100.0, "percent_branches_covered_display": "100"}, "missing_lines": [], "excluded_lines": [], "start_line": 13, "executed_branches": [], "missing_branches": []}, "MissingModelCredential": {"executed_lines": [], "summary": {"covered_lines": 0, "num_statements": 0, "percent_covered": 100.0, "percent_covered_display": "100", "missing_lines": 0, "excluded_lines": 0, "percent_statements_covered": 100.0, "percent_statements_covered_display": "100", "num_branches": 0, "num_partial_branches": 0, "covered_branches": 0, "missing_branches": 0, "percent_branches_covered": 100.0, "percent_branches_covered_display": "100"}, "missing_lines": [], "excluded_lines": [], "start_line": 17, "executed_branches": [], "missing_branches": []}, "MalformedModelResponse": {"executed_lines": [], "summary": {"covered_lines": 0, "num_statements": 0, "percent_covered": 100.0, "percent_covered_display": "100", "missing_lines": 0, "excluded_lines": 0, "percent_statements_covered": 100.0, "percent_statements_covered_display": "100", "num_branches": 0, "num_partial_branches": 0, "covered_branches": 0, "missing_branches": 0, "percent_branches_covered": 100.0, "percent_branches_covered_display": "100"}, "missing_lines": [], "excluded_lines": [], "start_line": 21, "executed_branches": [], "missing_branches": []}, "BackendDecision": {"executed_lines": [], "summary": {"covered_lines": 0, "num_statements": 0, "percent_covered": 100.0, "percent_covered_display": "100", "missing_lines": 0, "excluded_lines": 0, "percent_statements_covered": 100.0, "percent_statements_covered_display": "100", "num_branches": 0, "num_partial_branches": 0, "covered_branches": 0, "missing_branches": 0, "percent_branches_covered": 100.0, "percent_branches_covered_display": "100"}, "missing_lines": [], "excluded_lines": [], "start_line": 25, "executed_branches": [], "missing_branches": []}, "ModelBackend": {"executed_lines": [], "summary": {"covered_lines": 0, "num_statements": 0, "percent_covered": 100.0, "percent_covered_display": "100", "missing_lines": 0, "excluded_lines": 4, "percent_statements_covered": 100.0, "percent_statements_covered_display": "100", "num_branches": 0, "num_partial_branches": 0, "covered_branches": 0, "missing_branches": 0, "percent_branches_covered": 100.0, "percent_branches_covered_display": "100"}, "missing_lines": [], "excluded_lines": [42, 43, 53, 54], "start_line": 36, "executed_branches": [], "missing_branches": []}, "": {"executed_lines": [3, 5, 7, 9, 10, 13, 17, 21, 25, 28, 30, 31, 32, 33, 36, 39, 40, 45], "summary": {"covered_lines": 18, "num_statements": 18, "percent_covered": 100.0, "percent_covered_display": "100", "missing_lines": 0, "excluded_lines": 1, "percent_statements_covered": 100.0, "percent_statements_covered_display": "100", "num_branches": 0, "num_partial_branches": 0, "covered_branches": 0, "missing_branches": 0, "percent_branches_covered": 100.0, "percent_branches_covered_display": "100"}, "missing_lines": [], "excluded_lines": [44], "start_line": 1, "executed_branches": [], "missing_branches": []}}}, "src/whyback/agent/evidence.py": {"executed_lines": [3, 5, 6, 8, 10, 13, 17, 20, 22, 24, 25, 28, 29, 31, 33, 34, 37, 39, 48, 53, 54, 55, 59, 60, 63, 67, 68, 71, 72], "summary": {"covered_lines": 29, "num_statements": 35, "percent_covered": 76.47058823529412, "percent_covered_display": "76", "missing_lines": 6, "excluded_lines": 0, "percent_statements_covered": 82.85714285714286, "percent_statements_covered_display": "83", "num_branches": 16, "num_partial_branches": 4, "covered_branches": 10, "missing_branches": 6, "percent_branches_covered": 62.5, "percent_branches_covered_display": "62"}, "missing_lines": [30, 49, 50, 51, 56, 64], "excluded_lines": [], "executed_branches": [[29, 31], [48, 53], [54, 55], [54, 72], [55, 59], [59, 60], [59, 63], [63, 67], [67, 68], [67, 71]], "missing_branches": [[29, 30], [48, 49], [49, 50], [49, 51], [55, 56], [63, 64]], "functions": {"EvidenceLedger.require_unique_ids": {"executed_lines": [28, 29, 31], "summary": {"covered_lines": 3, "num_statements": 4, "percent_covered": 66.66666666666667, "percent_covered_display": "67", "missing_lines": 1, "excluded_lines": 0, "percent_statements_covered": 75.0, "percent_statements_covered_display": "75", "num_branches": 2, "num_partial_branches": 1, "covered_branches": 1, "missing_branches": 1, "percent_branches_covered": 50.0, "percent_branches_covered_display": "50"}, "missing_lines": [30], "excluded_lines": [], "start_line": 25, "executed_branches": [[29, 31]], "missing_branches": [[29, 30]]}, "EvidenceLedger.by_id": {"executed_lines": [37], "summary": {"covered_lines": 1, "num_statements": 1, "percent_covered": 100.0, "percent_covered_display": "100", "missing_lines": 0, "excluded_lines": 0, "percent_statements_covered": 100.0, "percent_statements_covered_display": "100", "num_branches": 0, "num_partial_branches": 0, "covered_branches": 0, "missing_branches": 0, "percent_branches_covered": 100.0, "percent_branches_covered_display": "100"}, "missing_lines": [], "excluded_lines": [], "start_line": 34, "executed_branches": [], "missing_branches": []}, "EvidenceLedger.add_tool_result": {"executed_lines": [48, 53, 54, 55, 59, 60, 63, 67, 68, 71, 72], "summary": {"covered_lines": 11, "num_statements": 16, "percent_covered": 66.66666666666667, "percent_covered_display": "67", "missing_lines": 5, "excluded_lines": 0, "percent_statements_covered": 68.75, "percent_statements_covered_display": "69", "num_branches": 14, "num_partial_branches": 3, "covered_branches": 9, "missing_branches": 5, "percent_branches_covered": 64.28571428571429, "percent_branches_covered_display": "64"}, "missing_lines": [49, 50, 51, 56, 64], "excluded_lines": [], "start_line": 39, "executed_branches": [[48, 53], [54, 55], [54, 72], [55, 59], [59, 60], [59, 63], [63, 67], [67, 68], [67, 71]], "missing_branches": [[48, 49], [49, 50], [49, 51], [55, 56], [63, 64]]}, "": {"executed_lines": [3, 5, 6, 8, 10, 13, 17, 20, 22, 24, 25, 33, 34, 39], "summary": {"covered_lines": 14, "num_statements": 14, "percent_covered": 100.0, "percent_covered_display": "100", "missing_lines": 0, "excluded_lines": 0, "percent_statements_covered": 100.0, "percent_statements_covered_display": "100", "num_branches": 0, "num_partial_branches": 0, "covered_branches": 0, "missing_branches": 0, "percent_branches_covered": 100.0, "percent_branches_covered_display": "100"}, "missing_lines": [], "excluded_lines": [], "start_line": 1, "executed_branches": [], "missing_branches": []}}, "classes": {"EvidenceLedgerError": {"executed_lines": [], "summary": {"covered_lines": 0, "num_statements": 0, "percent_covered": 100.0, "percent_covered_display": "100", "missing_lines": 0, "excluded_lines": 0, "percent_statements_covered": 100.0, "percent_statements_covered_display": "100", "num_branches": 0, "num_partial_branches": 0, "covered_branches": 0, "missing_branches": 0, "percent_branches_covered": 100.0, "percent_branches_covered_display": "100"}, "missing_lines": [], "excluded_lines": [], "start_line": 13, "executed_branches": [], "missing_branches": []}, "EvidenceLedger": {"executed_lines": [28, 29, 31, 37, 48, 53, 54, 55, 59, 60, 63, 67, 68, 71, 72], "summary": {"covered_lines": 15, "num_statements": 21, "percent_covered": 67.56756756756756, "percent_covered_display": "68", "missing_lines": 6, "excluded_lines": 0, "percent_statements_covered": 71.42857142857143, "percent_statements_covered_display": "71", "num_branches": 16, "num_partial_branches": 4, "covered_branches": 10, "missing_branches": 6, "percent_branches_covered": 62.5, "percent_branches_covered_display": "62"}, "missing_lines": [30, 49, 50, 51, 56, 64], "excluded_lines": [], "start_line": 17, "executed_branches": [[29, 31], [48, 53], [54, 55], [54, 72], [55, 59], [59, 60], [59, 63], [63, 67], [67, 68], [67, 71]], "missing_branches": [[29, 30], [48, 49], [49, 50], [49, 51], [55, 56], [63, 64]]}, "": {"executed_lines": [3, 5, 6, 8, 10, 13, 17, 20, 22, 24, 25, 33, 34, 39], "summary": {"covered_lines": 14, "num_statements": 14, "percent_covered": 100.0, "percent_covered_display": "100", "missing_lines": 0, "excluded_lines": 0, "percent_statements_covered": 100.0, "percent_statements_covered_display": "100", "num_branches": 0, "num_partial_branches": 0, "covered_branches": 0, "missing_branches": 0, "percent_branches_covered": 100.0, "percent_branches_covered_display": "100"}, "missing_lines": [], "excluded_lines": [], "start_line": 1, "executed_branches": [], "missing_branches": []}}}, "src/whyback/agent/faults.py": {"executed_lines": [3, 5, 6, 8, 10, 19, 23, 26, 27, 30, 33, 41, 42, 45, 47, 48, 56, 57, 58, 59, 62, 64, 74, 75, 76, 79, 80, 81, 85], "summary": {"covered_lines": 29, "num_statements": 29, "percent_covered": 100.0, "percent_covered_display": "100", "missing_lines": 0, "excluded_lines": 0, "percent_statements_covered": 100.0, "percent_statements_covered_display": "100", "num_branches": 6, "num_partial_branches": 0, "covered_branches": 6, "missing_branches": 0, "percent_branches_covered": 100.0, "percent_branches_covered_display": "100"}, "missing_lines": [], "excluded_lines": [], "executed_branches": [[41, 42], [41, 45], [74, 75], [74, 76], [79, 80], [79, 81]], "missing_branches": [], "functions": {"DemoFaultInjector.__init__": {"executed_lines": [41, 42, 45], "summary": {"covered_lines": 3, "num_statements": 3, "percent_covered": 100.0, "percent_covered_display": "100", "missing_lines": 0, "excluded_lines": 0, "percent_statements_covered": 100.0, "percent_statements_covered_display": "100", "num_branches": 2, "num_partial_branches": 0, "covered_branches": 2, "missing_branches": 0, "percent_branches_covered": 100.0, "percent_branches_covered_display": "100"}, "missing_lines": [], "excluded_lines": [], "start_line": 33, "executed_branches": [[41, 42], [41, 45]], "missing_branches": []}, "DemoFaultInjector.from_spec": {"executed_lines": [56, 57, 58, 59, 62], "summary": {"covered_lines": 5, "num_statements": 5, "percent_covered": 100.0, "percent_covered_display": "100", "missing_lines": 0, "excluded_lines": 0, "percent_statements_covered": 100.0, "percent_statements_covered_display": "100", "num_branches": 0, "num_partial_branches": 0, "covered_branches": 0, "missing_branches": 0, "percent_branches_covered": 100.0, "percent_branches_covered_display": "100"}, "missing_lines": [], "excluded_lines": [], "start_line": 48, "executed_branches": [], "missing_branches": []}, "DemoFaultInjector.intercept": {"executed_lines": [74, 75, 76, 79, 80, 81, 85], "summary": {"covered_lines": 7, "num_statements": 7, "percent_covered": 100.0, "percent_covered_display": "100", "missing_lines": 0, "excluded_lines": 0, "percent_statements_covered": 100.0, "percent_statements_covered_display": "100", "num_branches": 4, "num_partial_branches": 0, "covered_branches": 4, "missing_branches": 0, "percent_branches_covered": 100.0, "percent_branches_covered_display": "100"}, "missing_lines": [], "excluded_lines": [], "start_line": 64, "executed_branches": [[74, 75], [74, 76], [79, 80], [79, 81]], "missing_branches": []}, "": {"executed_lines": [3, 5, 6, 8, 10, 19, 23, 26, 27, 30, 33, 47, 48, 64], "summary": {"covered_lines": 14, "num_statements": 14, "percent_covered": 100.0, "percent_covered_display": "100", "missing_lines": 0, "excluded_lines": 0, "percent_statements_covered": 100.0, "percent_statements_covered_display": "100", "num_branches": 0, "num_partial_branches": 0, "covered_branches": 0, "missing_branches": 0, "percent_branches_covered": 100.0, "percent_branches_covered_display": "100"}, "missing_lines": [], "excluded_lines": [], "start_line": 1, "executed_branches": [], "missing_branches": []}}, "classes": {"DemoFaultConfigurationError": {"executed_lines": [], "summary": {"covered_lines": 0, "num_statements": 0, "percent_covered": 100.0, "percent_covered_display": "100", "missing_lines": 0, "excluded_lines": 0, "percent_statements_covered": 100.0, "percent_statements_covered_display": "100", "num_branches": 0, "num_partial_branches": 0, "covered_branches": 0, "missing_branches": 0, "percent_branches_covered": 100.0, "percent_branches_covered_display": "100"}, "missing_lines": [], "excluded_lines": [], "start_line": 19, "executed_branches": [], "missing_branches": []}, "DemoFaultScenario": {"executed_lines": [], "summary": {"covered_lines": 0, "num_statements": 0, "percent_covered": 100.0, "percent_covered_display": "100", "missing_lines": 0, "excluded_lines": 0, "percent_statements_covered": 100.0, "percent_statements_covered_display": "100", "num_branches": 0, "num_partial_branches": 0, "covered_branches": 0, "missing_branches": 0, "percent_branches_covered": 100.0, "percent_branches_covered_display": "100"}, "missing_lines": [], "excluded_lines": [], "start_line": 23, "executed_branches": [], "missing_branches": []}, "DemoFaultInjector": {"executed_lines": [41, 42, 45, 56, 57, 58, 59, 62, 74, 75, 76, 79, 80, 81, 85], "summary": {"covered_lines": 15, "num_statements": 15, "percent_covered": 100.0, "percent_covered_display": "100", "missing_lines": 0, "excluded_lines": 0, "percent_statements_covered": 100.0, "percent_statements_covered_display": "100", "num_branches": 6, "num_partial_branches": 0, "covered_branches": 6, "missing_branches": 0, "percent_branches_covered": 100.0, "percent_branches_covered_display": "100"}, "missing_lines": [], "excluded_lines": [], "start_line": 30, "executed_branches": [[41, 42], [41, 45], [74, 75], [74, 76], [79, 80], [79, 81]], "missing_branches": []}, "": {"executed_lines": [3, 5, 6, 8, 10, 19, 23, 26, 27, 30, 33, 47, 48, 64], "summary": {"covered_lines": 14, "num_statements": 14, "percent_covered": 100.0, "percent_covered_display": "100", "missing_lines": 0, "excluded_lines": 0, "percent_statements_covered": 100.0, "percent_statements_covered_display": "100", "num_branches": 0, "num_partial_branches": 0, "covered_branches": 0, "missing_branches": 0, "percent_branches_covered": 100.0, "percent_branches_covered_display": "100"}, "missing_lines": [], "excluded_lines": [], "start_line": 1, "executed_branches": [], "missing_branches": []}}}, "src/whyback/agent/gemini_backend.py": {"executed_lines": [3, 5, 6, 7, 8, 9, 10, 12, 13, 14, 16, 17, 23, 24, 32, 35, 38, 44, 47, 50, 53, 54, 55, 58, 61, 64, 70, 71, 72, 75, 78, 84, 85, 86, 89, 93, 96, 97, 99, 102, 103, 104, 112, 113, 114, 115, 119, 120, 124, 129, 130, 135, 136, 137, 139, 140, 142, 145, 148, 149, 150, 151, 152, 153, 154, 155, 162, 163, 164, 165, 166, 167, 168, 171, 174, 177, 180, 181, 182, 185, 188, 189, 190, 192, 193, 194, 202, 205, 219, 222, 223, 225, 226, 227, 230, 233, 244, 246, 247, 248, 249, 250, 255, 256, 258, 259, 260, 264, 269, 270, 273, 275, 284, 285, 286, 291, 296, 307, 308, 309, 324, 326, 327, 329, 330, 331, 332, 333, 335, 337, 342, 343, 344, 346, 348, 349, 350, 351, 352, 353, 354, 358, 359, 360, 368, 369, 372, 385, 386, 389, 390, 391, 392, 395, 396, 399, 400, 403, 404, 407, 409, 410, 418, 419, 420, 425, 426, 431, 432, 433, 434, 435, 436, 437, 441, 442, 443, 444, 447, 450], "summary": {"covered_lines": 180, "num_statements": 191, "percent_covered": 92.03187250996017, "percent_covered_display": "92", "missing_lines": 11, "excluded_lines": 4, "percent_statements_covered": 94.24083769633508, "percent_statements_covered_display": "94", "num_branches": 60, "num_partial_branches": 9, "covered_branches": 51, "missing_branches": 9, "percent_branches_covered": 85.0, "percent_branches_covered_display": "85"}, "missing_lines": [116, 121, 141, 191, 224, 245, 334, 336, 427, 428, 438], "excluded_lines": [40, 41, 42, 43], "executed_branches": [[102, 103], [102, 135], [112, 113], [112, 130], [115, 119], [120, 124], [135, 136], [135, 137], [140, 142], [149, 150], [149, 163], [150, 151], [150, 152], [152, 153], [152, 154], [154, 155], [154, 162], [164, 165], [164, 166], [166, 167], [166, 168], [190, 192], [223, 225], [225, 226], [225, 227], [244, 246], [255, 256], [255, 258], [259, 260], [259, 264], [333, 335], [335, 337], [353, 354], [353, 358], [368, 369], [368, 372], [389, 390], [389, 391], [391, 392], [391, 395], [396, 399], [396, 400], [403, 404], [403, 407], [418, 419], [418, 425], [432, 433], [432, 434], [437, 441], [444, 447], [444, 450]], "missing_branches": [[115, 116], [120, 121], [140, 141], [190, 191], [223, 224], [244, 245], [333, 334], [335, 336], [437, 438]], "functions": {"_InteractionsResource.create": {"executed_lines": [], "summary": {"covered_lines": 0, "num_statements": 0, "percent_covered": 100.0, "percent_covered_display": "100", "missing_lines": 0, "excluded_lines": 2, "percent_statements_covered": 100.0, "percent_statements_covered_display": "100", "num_branches": 0, "num_partial_branches": 0, "covered_branches": 0, "missing_branches": 0, "percent_branches_covered": 100.0, "percent_branches_covered_display": "100"}, "missing_lines": [], "excluded_lines": [40, 41], "start_line": 38, "executed_branches": [], "missing_branches": []}, "_inline_local_references": {"executed_lines": [96, 97, 99, 139, 140, 142], "summary": {"covered_lines": 6, "num_statements": 7, "percent_covered": 77.77777777777777, "percent_covered_display": "78", "missing_lines": 1, "excluded_lines": 0, "percent_statements_covered": 85.71428571428571, "percent_statements_covered_display": "86", "num_branches": 2, "num_partial_branches": 1, "covered_branches": 1, "missing_branches": 1, "percent_branches_covered": 50.0, "percent_branches_covered_display": "50"}, "missing_lines": [141], "excluded_lines": [], "start_line": 93, "executed_branches": [[140, 142]], "missing_branches": [[140, 141]]}, "_inline_local_references.expand": {"executed_lines": [102, 103, 104, 112, 113, 114, 115, 119, 120, 124, 129, 130, 135, 136, 137], "summary": {"covered_lines": 15, "num_statements": 17, "percent_covered": 85.18518518518519, "percent_covered_display": "85", "missing_lines": 2, "excluded_lines": 0, "percent_statements_covered": 88.23529411764706, "percent_statements_covered_display": "88", "num_branches": 10, "num_partial_branches": 2, "covered_branches": 8, "missing_branches": 2, "percent_branches_covered": 80.0, "percent_branches_covered_display": "80"}, "missing_lines": [116, 121], "excluded_lines": [], "start_line": 99, "executed_branches": [[102, 103], [102, 135], [112, 113], [112, 130], [115, 119], [120, 124], [135, 136], [135, 137]], "missing_branches": [[115, 116], [120, 121]]}, "_closed_schema": {"executed_lines": [148, 149, 150, 151, 152, 153, 154, 155, 162, 163, 164, 165, 166, 167, 168], "summary": {"covered_lines": 15, "num_statements": 15, "percent_covered": 100.0, "percent_covered_display": "100", "missing_lines": 0, "excluded_lines": 0, "percent_statements_covered": 100.0, "percent_statements_covered_display": "100", "num_branches": 12, "num_partial_branches": 0, "covered_branches": 12, "missing_branches": 0, "percent_branches_covered": 100.0, "percent_branches_covered_display": "100"}, "missing_lines": [], "excluded_lines": [], "start_line": 145, "executed_branches": [[149, 150], [149, 163], [150, 151], [150, 152], [152, 153], [152, 154], [154, 155], [154, 162], [164, 165], [164, 166], [166, 167], [166, 168]], "missing_branches": []}, "_interaction_schema": {"executed_lines": [174], "summary": {"covered_lines": 1, "num_statements": 1, "percent_covered": 100.0, "percent_covered_display": "100", "missing_lines": 0, "excluded_lines": 0, "percent_statements_covered": 100.0, "percent_statements_covered_display": "100", "num_branches": 0, "num_partial_branches": 0, "covered_branches": 0, "missing_branches": 0, "percent_branches_covered": 100.0, "percent_branches_covered_display": "100"}, "missing_lines": [], "excluded_lines": [], "start_line": 171, "executed_branches": [], "missing_branches": []}, "_without_model_description": {"executed_lines": [180, 181, 182], "summary": {"covered_lines": 3, "num_statements": 3, "percent_covered": 100.0, "percent_covered_display": "100", "missing_lines": 0, "excluded_lines": 0, "percent_statements_covered": 100.0, "percent_statements_covered_display": "100", "num_branches": 0, "num_partial_branches": 0, "covered_branches": 0, "missing_branches": 0, "percent_branches_covered": 100.0, "percent_branches_covered_display": "100"}, "missing_lines": [], "excluded_lines": [], "start_line": 177, "executed_branches": [], "missing_branches": []}, "_analytical_function": {"executed_lines": [188, 189, 190, 192, 193, 194], "summary": {"covered_lines": 6, "num_statements": 7, "percent_covered": 77.77777777777777, "percent_covered_display": "78", "missing_lines": 1, "excluded_lines": 0, "percent_statements_covered": 85.71428571428571, "percent_statements_covered_display": "86", "num_branches": 2, "num_partial_branches": 1, "covered_branches": 1, "missing_branches": 1, "percent_branches_covered": 50.0, "percent_branches_covered_display": "50"}, "missing_lines": [191], "excluded_lines": [], "start_line": 185, "executed_branches": [[190, 192]], "missing_branches": [[190, 191]]}, "_finish_function": {"executed_lines": [205], "summary": {"covered_lines": 1, "num_statements": 1, "percent_covered": 100.0, "percent_covered_display": "100", "missing_lines": 0, "excluded_lines": 0, "percent_statements_covered": 100.0, "percent_statements_covered_display": "100", "num_branches": 0, "num_partial_branches": 0, "covered_branches": 0, "missing_branches": 0, "percent_branches_covered": 100.0, "percent_branches_covered_display": "100"}, "missing_lines": [], "excluded_lines": [], "start_line": 202, "executed_branches": [], "missing_branches": []}, "_nonnegative_token_count": {"executed_lines": [222, 223, 225, 226, 227], "summary": {"covered_lines": 5, "num_statements": 6, "percent_covered": 80.0, "percent_covered_display": "80", "missing_lines": 1, "excluded_lines": 0, "percent_statements_covered": 83.33333333333333, "percent_statements_covered_display": "83", "num_branches": 4, "num_partial_branches": 1, "covered_branches": 3, "missing_branches": 1, "percent_branches_covered": 75.0, "percent_branches_covered_display": "75"}, "missing_lines": [224], "excluded_lines": [], "start_line": 219, "executed_branches": [[223, 225], [225, 226], [225, 227]], "missing_branches": [[223, 224]]}, "GeminiFunctionCallingBackend.__init__": {"executed_lines": [244, 246, 247, 248, 249, 250, 255, 256, 258, 259, 260, 264], "summary": {"covered_lines": 12, "num_statements": 13, "percent_covered": 89.47368421052632, "percent_covered_display": "89", "missing_lines": 1, "excluded_lines": 0, "percent_statements_covered": 92.3076923076923, "percent_statements_covered_display": "92", "num_branches": 6, "num_partial_branches": 1, "covered_branches": 5, "missing_branches": 1, "percent_branches_covered": 83.33333333333333, "percent_branches_covered_display": "83"}, "missing_lines": [245], "excluded_lines": [], "start_line": 233, "executed_branches": [[244, 246], [255, 256], [255, 258], [259, 260], [259, 264]], "missing_branches": [[244, 245]]}, "GeminiFunctionCallingBackend.model_name": {"executed_lines": [273], "summary": {"covered_lines": 1, "num_statements": 1, "percent_covered": 100.0, "percent_covered_display": "100", "missing_lines": 0, "excluded_lines": 0, "percent_statements_covered": 100.0, "percent_statements_covered_display": "100", "num_branches": 0, "num_partial_branches": 0, "covered_branches": 0, "missing_branches": 0, "percent_branches_covered": 100.0, "percent_branches_covered_display": "100"}, "missing_lines": [], "excluded_lines": [], "start_line": 270, "executed_branches": [], "missing_branches": []}, "GeminiFunctionCallingBackend.decide_next_step": {"executed_lines": [284, 285, 286, 291, 296, 307, 308, 309, 324, 326, 327, 329, 330, 331, 332, 333, 335, 337, 342, 343, 344, 346, 348, 349, 350, 351, 352, 353, 354, 358, 359, 360, 368, 369, 372], "summary": {"covered_lines": 35, "num_statements": 37, "percent_covered": 91.11111111111111, "percent_covered_display": "91", "missing_lines": 2, "excluded_lines": 0, "percent_statements_covered": 94.5945945945946, "percent_statements_covered_display": "95", "num_branches": 8, "num_partial_branches": 2, "covered_branches": 6, "missing_branches": 2, "percent_branches_covered": 75.0, "percent_branches_covered_display": "75"}, "missing_lines": [334, 336], "excluded_lines": [], "start_line": 275, "executed_branches": [[333, 335], [335, 337], [353, 354], [353, 358], [368, 369], [368, 372]], "missing_branches": [[333, 334], [335, 336]]}, "GeminiFunctionCallingBackend._extract_one_call": {"executed_lines": [389, 390, 391, 392, 395, 396, 399, 400, 403, 404, 407], "summary": {"covered_lines": 11, "num_statements": 11, "percent_covered": 100.0, "percent_covered_display": "100", "missing_lines": 0, "excluded_lines": 0, "percent_statements_covered": 100.0, "percent_statements_covered_display": "100", "num_branches": 8, "num_partial_branches": 0, "covered_branches": 8, "missing_branches": 0, "percent_branches_covered": 100.0, "percent_branches_covered_display": "100"}, "missing_lines": [], "excluded_lines": [], "start_line": 386, "executed_branches": [[389, 390], [389, 391], [391, 392], [391, 395], [396, 399], [396, 400], [403, 404], [403, 407]], "missing_branches": []}, "GeminiFunctionCallingBackend._parse_call": {"executed_lines": [418, 419, 420, 425, 426, 431, 432, 433, 434, 435, 436, 437, 441, 442, 443, 444, 447, 450], "summary": {"covered_lines": 18, "num_statements": 21, "percent_covered": 86.20689655172414, "percent_covered_display": "86", "missing_lines": 3, "excluded_lines": 0, "percent_statements_covered": 85.71428571428571, "percent_statements_covered_display": "86", "num_branches": 8, "num_partial_branches": 1, "covered_branches": 7, "missing_branches": 1, "percent_branches_covered": 87.5, "percent_branches_covered_display": "88"}, "missing_lines": [427, 428, 438], "excluded_lines": [], "start_line": 410, "executed_branches": [[418, 419], [418, 425], [432, 433], [432, 434], [437, 441], [444, 447], [444, 450]], "missing_branches": [[437, 438]]}, "": {"executed_lines": [3, 5, 6, 7, 8, 9, 10, 12, 13, 14, 16, 17, 23, 24, 32, 35, 38, 44, 47, 50, 53, 54, 55, 58, 61, 64, 70, 71, 72, 75, 78, 84, 85, 86, 89, 93, 145, 171, 177, 185, 202, 219, 230, 233, 269, 270, 275, 385, 386, 409, 410], "summary": {"covered_lines": 51, "num_statements": 51, "percent_covered": 100.0, "percent_covered_display": "100", "missing_lines": 0, "excluded_lines": 2, "percent_statements_covered": 100.0, "percent_statements_covered_display": "100", "num_branches": 0, "num_partial_branches": 0, "covered_branches": 0, "missing_branches": 0, "percent_branches_covered": 100.0, "percent_branches_covered_display": "100"}, "missing_lines": [], "excluded_lines": [42, 43], "start_line": 1, "executed_branches": [], "missing_branches": []}}, "classes": {"_InteractionsResource": {"executed_lines": [], "summary": {"covered_lines": 0, "num_statements": 0, "percent_covered": 100.0, "percent_covered_display": "100", "missing_lines": 0, "excluded_lines": 2, "percent_statements_covered": 100.0, "percent_statements_covered_display": "100", "num_branches": 0, "num_partial_branches": 0, "covered_branches": 0, "missing_branches": 0, "percent_branches_covered": 100.0, "percent_branches_covered_display": "100"}, "missing_lines": [], "excluded_lines": [40, 41], "start_line": 35, "executed_branches": [], "missing_branches": []}, "_GeminiClient": {"executed_lines": [], "summary": {"covered_lines": 0, "num_statements": 0, "percent_covered": 100.0, "percent_covered_display": "100", "missing_lines": 0, "excluded_lines": 0, "percent_statements_covered": 100.0, "percent_statements_covered_display": "100", "num_branches": 0, "num_partial_branches": 0, "covered_branches": 0, "missing_branches": 0, "percent_branches_covered": 100.0, "percent_branches_covered_display": "100"}, "missing_lines": [], "excluded_lines": [], "start_line": 44, "executed_branches": [], "missing_branches": []}, "_FunctionCall": {"executed_lines": [], "summary": {"covered_lines": 0, "num_statements": 0, "percent_covered": 100.0, "percent_covered_display": "100", "missing_lines": 0, "excluded_lines": 0, "percent_statements_covered": 100.0, "percent_statements_covered_display": "100", "num_branches": 0, "num_partial_branches": 0, "covered_branches": 0, "missing_branches": 0, "percent_branches_covered": 100.0, "percent_branches_covered_display": "100"}, "missing_lines": [], "excluded_lines": [], "start_line": 50, "executed_branches": [], "missing_branches": []}, "_ToolPayload": {"executed_lines": [], "summary": {"covered_lines": 0, "num_statements": 0, "percent_covered": 100.0, "percent_covered_display": "100", "missing_lines": 0, "excluded_lines": 0, "percent_statements_covered": 100.0, "percent_statements_covered_display": "100", "num_branches": 0, "num_partial_branches": 0, "covered_branches": 0, "missing_branches": 0, "percent_branches_covered": 100.0, "percent_branches_covered_display": "100"}, "missing_lines": [], "excluded_lines": [], "start_line": 61, "executed_branches": [], "missing_branches": []}, "_FinishPayload": {"executed_lines": [], "summary": {"covered_lines": 0, "num_statements": 0, "percent_covered": 100.0, "percent_covered_display": "100", "missing_lines": 0, "excluded_lines": 0, "percent_statements_covered": 100.0, "percent_statements_covered_display": "100", "num_branches": 0, "num_partial_branches": 0, "covered_branches": 0, "missing_branches": 0, "percent_branches_covered": 100.0, "percent_branches_covered_display": "100"}, "missing_lines": [], "excluded_lines": [], "start_line": 75, "executed_branches": [], "missing_branches": []}, "_CallContractError": {"executed_lines": [], "summary": {"covered_lines": 0, "num_statements": 0, "percent_covered": 100.0, "percent_covered_display": "100", "missing_lines": 0, "excluded_lines": 0, "percent_statements_covered": 100.0, "percent_statements_covered_display": "100", "num_branches": 0, "num_partial_branches": 0, "covered_branches": 0, "missing_branches": 0, "percent_branches_covered": 100.0, "percent_branches_covered_display": "100"}, "missing_lines": [], "excluded_lines": [], "start_line": 89, "executed_branches": [], "missing_branches": []}, "GeminiFunctionCallingBackend": {"executed_lines": [244, 246, 247, 248, 249, 250, 255, 256, 258, 259, 260, 264, 273, 284, 285, 286, 291, 296, 307, 308, 309, 324, 326, 327, 329, 330, 331, 332, 333, 335, 337, 342, 343, 344, 346, 348, 349, 350, 351, 352, 353, 354, 358, 359, 360, 368, 369, 372, 389, 390, 391, 392, 395, 396, 399, 400, 403, 404, 407, 418, 419, 420, 425, 426, 431, 432, 433, 434, 435, 436, 437, 441, 442, 443, 444, 447, 450], "summary": {"covered_lines": 77, "num_statements": 83, "percent_covered": 91.15044247787611, "percent_covered_display": "91", "missing_lines": 6, "excluded_lines": 0, "percent_statements_covered": 92.7710843373494, "percent_statements_covered_display": "93", "num_branches": 30, "num_partial_branches": 4, "covered_branches": 26, "missing_branches": 4, "percent_branches_covered": 86.66666666666667, "percent_branches_covered_display": "87"}, "missing_lines": [245, 334, 336, 427, 428, 438], "excluded_lines": [], "start_line": 230, "executed_branches": [[244, 246], [255, 256], [255, 258], [259, 260], [259, 264], [333, 335], [335, 337], [353, 354], [353, 358], [368, 369], [368, 372], [389, 390], [389, 391], [391, 392], [391, 395], [396, 399], [396, 400], [403, 404], [403, 407], [418, 419], [418, 425], [432, 433], [432, 434], [437, 441], [444, 447], [444, 450]], "missing_branches": [[244, 245], [333, 334], [335, 336], [437, 438]]}, "": {"executed_lines": [3, 5, 6, 7, 8, 9, 10, 12, 13, 14, 16, 17, 23, 24, 32, 35, 38, 44, 47, 50, 53, 54, 55, 58, 61, 64, 70, 71, 72, 75, 78, 84, 85, 86, 89, 93, 96, 97, 99, 102, 103, 104, 112, 113, 114, 115, 119, 120, 124, 129, 130, 135, 136, 137, 139, 140, 142, 145, 148, 149, 150, 151, 152, 153, 154, 155, 162, 163, 164, 165, 166, 167, 168, 171, 174, 177, 180, 181, 182, 185, 188, 189, 190, 192, 193, 194, 202, 205, 219, 222, 223, 225, 226, 227, 230, 233, 269, 270, 275, 385, 386, 409, 410], "summary": {"covered_lines": 103, "num_statements": 108, "percent_covered": 92.7536231884058, "percent_covered_display": "93", "missing_lines": 5, "excluded_lines": 2, "percent_statements_covered": 95.37037037037037, "percent_statements_covered_display": "95", "num_branches": 30, "num_partial_branches": 5, "covered_branches": 25, "missing_branches": 5, "percent_branches_covered": 83.33333333333333, "percent_branches_covered_display": "83"}, "missing_lines": [116, 121, 141, 191, 224], "excluded_lines": [42, 43], "start_line": 1, "executed_branches": [[102, 103], [102, 135], [112, 113], [112, 130], [115, 119], [120, 124], [135, 136], [135, 137], [140, 142], [149, 150], [149, 163], [150, 151], [150, 152], [152, 153], [152, 154], [154, 155], [154, 162], [164, 165], [164, 166], [166, 167], [166, 168], [190, 192], [223, 225], [225, 226], [225, 227]], "missing_branches": [[115, 116], [120, 121], [140, 141], [190, 191], [223, 224]]}}}, "src/whyback/agent/prompts.py": {"executed_lines": [3, 5, 7, 9, 24], "summary": {"covered_lines": 5, "num_statements": 5, "percent_covered": 100.0, "percent_covered_display": "100", "missing_lines": 0, "excluded_lines": 0, "percent_statements_covered": 100.0, "percent_statements_covered_display": "100", "num_branches": 0, "num_partial_branches": 0, "covered_branches": 0, "missing_branches": 0, "percent_branches_covered": 100.0, "percent_branches_covered_display": "100"}, "missing_lines": [], "excluded_lines": [], "executed_branches": [], "missing_branches": [], "functions": {"": {"executed_lines": [3, 5, 7, 9, 24], "summary": {"covered_lines": 5, "num_statements": 5, "percent_covered": 100.0, "percent_covered_display": "100", "missing_lines": 0, "excluded_lines": 0, "percent_statements_covered": 100.0, "percent_statements_covered_display": "100", "num_branches": 0, "num_partial_branches": 0, "covered_branches": 0, "missing_branches": 0, "percent_branches_covered": 100.0, "percent_branches_covered_display": "100"}, "missing_lines": [], "excluded_lines": [], "start_line": 1, "executed_branches": [], "missing_branches": []}}, "classes": {"": {"executed_lines": [3, 5, 7, 9, 24], "summary": {"covered_lines": 5, "num_statements": 5, "percent_covered": 100.0, "percent_covered_display": "100", "missing_lines": 0, "excluded_lines": 0, "percent_statements_covered": 100.0, "percent_statements_covered_display": "100", "num_branches": 0, "num_partial_branches": 0, "covered_branches": 0, "missing_branches": 0, "percent_branches_covered": 100.0, "percent_branches_covered_display": "100"}, "missing_lines": [], "excluded_lines": [], "start_line": 1, "executed_branches": [], "missing_branches": []}}}, "src/whyback/agent/runner.py": {"executed_lines": [3, 5, 6, 7, 8, 9, 10, 11, 12, 13, 15, 17, 18, 19, 20, 21, 22, 23, 34, 39, 40, 41, 42, 48, 49, 50, 58, 61, 64, 66, 67, 68, 69, 72, 75, 76, 79, 82, 83, 86, 89, 90, 91, 94, 97, 100, 110, 126, 129, 147, 148, 149, 150, 151, 152, 153, 154, 155, 156, 157, 158, 159, 161, 169, 170, 171, 181, 189, 203, 226, 227, 229, 230, 231, 233, 238, 239, 240, 254, 255, 285, 286, 293, 299, 311, 330, 331, 337, 338, 340, 364, 375, 376, 377, 378, 391, 416, 427, 431, 444, 445, 446, 447, 455, 456, 462, 464, 469, 470, 471, 477, 479, 480, 483, 484, 485, 486, 487, 489, 500, 501, 514, 526, 537, 539, 544, 545, 546, 547, 548, 549, 550, 551, 554, 557, 566, 577, 580, 590, 591, 603, 609, 610, 611, 624, 634, 637, 638, 647, 665, 670, 671, 681, 682, 684, 685, 686, 698, 712, 713, 714, 715, 718, 719, 720, 729, 741, 742, 743, 744, 755, 758, 759, 766, 768, 769, 770, 771, 772, 773, 774, 775, 776, 777, 778, 788, 789, 799, 801, 810, 822, 831, 836, 852, 853, 861, 881, 891], "summary": {"covered_lines": 198, "num_statements": 211, "percent_covered": 94.02390438247012, "percent_covered_display": "94", "missing_lines": 13, "excluded_lines": 0, "percent_statements_covered": 93.8388625592417, "percent_statements_covered_display": "94", "num_branches": 40, "num_partial_branches": 2, "covered_branches": 38, "missing_branches": 2, "percent_branches_covered": 95.0, "percent_branches_covered_display": "95"}, "missing_lines": [260, 261, 262, 263, 271, 280, 332, 616, 617, 896, 909, 921, 930], "excluded_lines": [], "executed_branches": [[89, 90], [89, 91], [169, 170], [169, 171], [229, 230], [229, 462], [230, 231], [230, 233], [330, 331], [330, 340], [331, 337], [376, 377], [376, 431], [444, 445], [444, 456], [470, 471], [470, 477], [500, 501], [500, 539], [549, 550], [549, 684], [577, 580], [577, 590], [590, 591], [590, 603], [609, 610], [609, 624], [670, 671], [670, 681], [681, 549], [681, 682], [685, 686], [685, 698], [714, 715], [714, 718], [718, 719], [718, 720], [852, 853]], "missing_branches": [[331, 332], [852, 896]], "functions": {"_safe_model_prose": {"executed_lines": [75, 76], "summary": {"covered_lines": 2, "num_statements": 2, "percent_covered": 100.0, "percent_covered_display": "100", "missing_lines": 0, "excluded_lines": 0, "percent_statements_covered": 100.0, "percent_statements_covered_display": "100", "num_branches": 0, "num_partial_branches": 0, "covered_branches": 0, "missing_branches": 0, "percent_branches_covered": 100.0, "percent_branches_covered_display": "100"}, "missing_lines": [], "excluded_lines": [], "start_line": 72, "executed_branches": [], "missing_branches": []}, "_stable_signature": {"executed_lines": [82, 83], "summary": {"covered_lines": 2, "num_statements": 2, "percent_covered": 100.0, "percent_covered_display": "100", "missing_lines": 0, "excluded_lines": 0, "percent_statements_covered": 100.0, "percent_statements_covered_display": "100", "num_branches": 0, "num_partial_branches": 0, "covered_branches": 0, "missing_branches": 0, "percent_branches_covered": 100.0, "percent_branches_covered_display": "100"}, "missing_lines": [], "excluded_lines": [], "start_line": 79, "executed_branches": [], "missing_branches": []}, "make_tool_call_id": {"executed_lines": [89, 90, 91], "summary": {"covered_lines": 3, "num_statements": 3, "percent_covered": 100.0, "percent_covered_display": "100", "missing_lines": 0, "excluded_lines": 0, "percent_statements_covered": 100.0, "percent_statements_covered_display": "100", "num_branches": 2, "num_partial_branches": 0, "covered_branches": 2, "missing_branches": 0, "percent_branches_covered": 100.0, "percent_branches_covered_display": "100"}, "missing_lines": [], "excluded_lines": [], "start_line": 86, "executed_branches": [[89, 90], [89, 91]], "missing_branches": []}, "_append_unique": {"executed_lines": [97], "summary": {"covered_lines": 1, "num_statements": 1, "percent_covered": 100.0, "percent_covered_display": "100", "missing_lines": 0, "excluded_lines": 0, "percent_statements_covered": 100.0, "percent_statements_covered_display": "100", "num_branches": 0, "num_partial_branches": 0, "covered_branches": 0, "missing_branches": 0, "percent_branches_covered": 100.0, "percent_branches_covered_display": "100"}, "missing_lines": [], "excluded_lines": [], "start_line": 94, "executed_branches": [], "missing_branches": []}, "_tool_failure": {"executed_lines": [110], "summary": {"covered_lines": 1, "num_statements": 1, "percent_covered": 100.0, "percent_covered_display": "100", "missing_lines": 0, "excluded_lines": 0, "percent_statements_covered": 100.0, "percent_statements_covered_display": "100", "num_branches": 0, "num_partial_branches": 0, "covered_branches": 0, "missing_branches": 0, "percent_branches_covered": 100.0, "percent_branches_covered_display": "100"}, "missing_lines": [], "excluded_lines": [], "start_line": 100, "executed_branches": [], "missing_branches": []}, "InvestigationRunner.__init__": {"executed_lines": [147, 148, 149, 150, 151, 152, 153, 154, 155, 156, 157, 158, 159], "summary": {"covered_lines": 13, "num_statements": 13, "percent_covered": 100.0, "percent_covered_display": "100", "missing_lines": 0, "excluded_lines": 0, "percent_statements_covered": 100.0, "percent_statements_covered_display": "100", "num_branches": 0, "num_partial_branches": 0, "covered_branches": 0, "missing_branches": 0, "percent_branches_covered": 100.0, "percent_branches_covered_display": "100"}, "missing_lines": [], "excluded_lines": [], "start_line": 129, "executed_branches": [], "missing_branches": []}, "InvestigationRunner._emit": {"executed_lines": [169, 170, 171], "summary": {"covered_lines": 3, "num_statements": 3, "percent_covered": 100.0, "percent_covered_display": "100", "missing_lines": 0, "excluded_lines": 0, "percent_statements_covered": 100.0, "percent_statements_covered_display": "100", "num_branches": 2, "num_partial_branches": 0, "covered_branches": 2, "missing_branches": 0, "percent_branches_covered": 100.0, "percent_branches_covered_display": "100"}, "missing_lines": [], "excluded_lines": [], "start_line": 161, "executed_branches": [[169, 170], [169, 171]], "missing_branches": []}, "InvestigationRunner.run": {"executed_lines": [189, 203, 226, 227, 229, 230, 231, 233, 238, 239, 240, 254, 255, 285, 286, 293, 299, 311, 330, 331, 337, 338, 340, 364, 375, 376, 377, 378, 391, 416, 427, 431, 444, 445, 446, 447, 455, 456, 462], "summary": {"covered_lines": 39, "num_statements": 46, "percent_covered": 86.20689655172414, "percent_covered_display": "86", "missing_lines": 7, "excluded_lines": 0, "percent_statements_covered": 84.78260869565217, "percent_statements_covered_display": "85", "num_branches": 12, "num_partial_branches": 1, "covered_branches": 11, "missing_branches": 1, "percent_branches_covered": 91.66666666666667, "percent_branches_covered_display": "92"}, "missing_lines": [260, 261, 262, 263, 271, 280, 332], "excluded_lines": [], "start_line": 181, "executed_branches": [[229, 230], [229, 462], [230, 231], [230, 233], [330, 331], [330, 340], [331, 337], [376, 377], [376, 431], [444, 445], [444, 456]], "missing_branches": [[331, 332]]}, "InvestigationRunner._handle_tool_decision": {"executed_lines": [469, 470, 471, 477, 479, 480, 483, 484, 485, 486, 487, 489, 500, 501, 514, 526, 537, 539, 544, 545, 546, 547, 548, 549, 550, 551, 554, 557, 566, 577, 580, 590, 591, 603, 609, 610, 611, 624, 634, 637, 638, 647, 665, 670, 671, 681, 682, 684, 685, 686, 698, 712, 713, 714, 715, 718, 719, 720], "summary": {"covered_lines": 58, "num_statements": 60, "percent_covered": 97.5609756097561, "percent_covered_display": "98", "missing_lines": 2, "excluded_lines": 0, "percent_statements_covered": 96.66666666666667, "percent_statements_covered_display": "97", "num_branches": 22, "num_partial_branches": 0, "covered_branches": 22, "missing_branches": 0, "percent_branches_covered": 100.0, "percent_branches_covered_display": "100"}, "missing_lines": [616, 617], "excluded_lines": [], "start_line": 464, "executed_branches": [[470, 471], [470, 477], [500, 501], [500, 539], [549, 550], [549, 684], [577, 580], [577, 590], [590, 591], [590, 603], [609, 610], [609, 624], [670, 671], [670, 681], [681, 549], [681, 682], [685, 686], [685, 698], [714, 715], [714, 718], [718, 719], [718, 720]], "missing_branches": []}, "InvestigationRunner._execute_with_timeout": {"executed_lines": [741, 742, 743, 744, 755, 768, 769, 770, 771, 772, 773, 774, 775, 776, 777, 778, 788, 789, 799], "summary": {"covered_lines": 19, "num_statements": 19, "percent_covered": 100.0, "percent_covered_display": "100", "missing_lines": 0, "excluded_lines": 0, "percent_statements_covered": 100.0, "percent_statements_covered_display": "100", "num_branches": 0, "num_partial_branches": 0, "covered_branches": 0, "missing_branches": 0, "percent_branches_covered": 100.0, "percent_branches_covered_display": "100"}, "missing_lines": [], "excluded_lines": [], "start_line": 729, "executed_branches": [], "missing_branches": []}, "InvestigationRunner._execute_with_timeout.execute": {"executed_lines": [758, 759, 766], "summary": {"covered_lines": 3, "num_statements": 3, "percent_covered": 100.0, "percent_covered_display": "100", "missing_lines": 0, "excluded_lines": 0, "percent_statements_covered": 100.0, "percent_statements_covered_display": "100", "num_branches": 0, "num_partial_branches": 0, "covered_branches": 0, "missing_branches": 0, "percent_branches_covered": 100.0, "percent_branches_covered_display": "100"}, "missing_lines": [], "excluded_lines": [], "start_line": 755, "executed_branches": [], "missing_branches": []}, "InvestigationRunner._fallback": {"executed_lines": [810, 822, 831, 836, 852, 853, 861, 881, 891], "summary": {"covered_lines": 9, "num_statements": 13, "percent_covered": 66.66666666666667, "percent_covered_display": "67", "missing_lines": 4, "excluded_lines": 0, "percent_statements_covered": 69.23076923076923, "percent_statements_covered_display": "69", "num_branches": 2, "num_partial_branches": 1, "covered_branches": 1, "missing_branches": 1, "percent_branches_covered": 50.0, "percent_branches_covered_display": "50"}, "missing_lines": [896, 909, 921, 930], "excluded_lines": [], "start_line": 801, "executed_branches": [[852, 853]], "missing_branches": [[852, 896]]}, "": {"executed_lines": [3, 5, 6, 7, 8, 9, 10, 11, 12, 13, 15, 17, 18, 19, 20, 21, 22, 23, 34, 39, 40, 41, 42, 48, 49, 50, 58, 61, 64, 66, 67, 68, 69, 72, 79, 86, 94, 100, 126, 129, 161, 181, 464, 729, 801], "summary": {"covered_lines": 45, "num_statements": 45, "percent_covered": 100.0, "percent_covered_display": "100", "missing_lines": 0, "excluded_lines": 0, "percent_statements_covered": 100.0, "percent_statements_covered_display": "100", "num_branches": 0, "num_partial_branches": 0, "covered_branches": 0, "missing_branches": 0, "percent_branches_covered": 100.0, "percent_branches_covered_display": "100"}, "missing_lines": [], "excluded_lines": [], "start_line": 1, "executed_branches": [], "missing_branches": []}}, "classes": {"InvestigationOutcome": {"executed_lines": [], "summary": {"covered_lines": 0, "num_statements": 0, "percent_covered": 100.0, "percent_covered_display": "100", "missing_lines": 0, "excluded_lines": 0, "percent_statements_covered": 100.0, "percent_statements_covered_display": "100", "num_branches": 0, "num_partial_branches": 0, "covered_branches": 0, "missing_branches": 0, "percent_branches_covered": 100.0, "percent_branches_covered_display": "100"}, "missing_lines": [], "excluded_lines": [], "start_line": 61, "executed_branches": [], "missing_branches": []}, "InvestigationRunner": {"executed_lines": [147, 148, 149, 150, 151, 152, 153, 154, 155, 156, 157, 158, 159, 169, 170, 171, 189, 203, 226, 227, 229, 230, 231, 233, 238, 239, 240, 254, 255, 285, 286, 293, 299, 311, 330, 331, 337, 338, 340, 364, 375, 376, 377, 378, 391, 416, 427, 431, 444, 445, 446, 447, 455, 456, 462, 469, 470, 471, 477, 479, 480, 483, 484, 485, 486, 487, 489, 500, 501, 514, 526, 537, 539, 544, 545, 546, 547, 548, 549, 550, 551, 554, 557, 566, 577, 580, 590, 591, 603, 609, 610, 611, 624, 634, 637, 638, 647, 665, 670, 671, 681, 682, 684, 685, 686, 698, 712, 713, 714, 715, 718, 719, 720, 741, 742, 743, 744, 755, 758, 759, 766, 768, 769, 770, 771, 772, 773, 774, 775, 776, 777, 778, 788, 789, 799, 810, 822, 831, 836, 852, 853, 861, 881, 891], "summary": {"covered_lines": 144, "num_statements": 157, "percent_covered": 92.3076923076923, "percent_covered_display": "92", "missing_lines": 13, "excluded_lines": 0, "percent_statements_covered": 91.71974522292993, "percent_statements_covered_display": "92", "num_branches": 38, "num_partial_branches": 2, "covered_branches": 36, "missing_branches": 2, "percent_branches_covered": 94.73684210526316, "percent_branches_covered_display": "95"}, "missing_lines": [260, 261, 262, 263, 271, 280, 332, 616, 617, 896, 909, 921, 930], "excluded_lines": [], "start_line": 126, "executed_branches": [[169, 170], [169, 171], [229, 230], [229, 462], [230, 231], [230, 233], [330, 331], [330, 340], [331, 337], [376, 377], [376, 431], [444, 445], [444, 456], [470, 471], [470, 477], [500, 501], [500, 539], [549, 550], [549, 684], [577, 580], [577, 590], [590, 591], [590, 603], [609, 610], [609, 624], [670, 671], [670, 681], [681, 549], [681, 682], [685, 686], [685, 698], [714, 715], [714, 718], [718, 719], [718, 720], [852, 853]], "missing_branches": [[331, 332], [852, 896]]}, "": {"executed_lines": [3, 5, 6, 7, 8, 9, 10, 11, 12, 13, 15, 17, 18, 19, 20, 21, 22, 23, 34, 39, 40, 41, 42, 48, 49, 50, 58, 61, 64, 66, 67, 68, 69, 72, 75, 76, 79, 82, 83, 86, 89, 90, 91, 94, 97, 100, 110, 126, 129, 161, 181, 464, 729, 801], "summary": {"covered_lines": 54, "num_statements": 54, "percent_covered": 100.0, "percent_covered_display": "100", "missing_lines": 0, "excluded_lines": 0, "percent_statements_covered": 100.0, "percent_statements_covered_display": "100", "num_branches": 2, "num_partial_branches": 0, "covered_branches": 2, "missing_branches": 0, "percent_branches_covered": 100.0, "percent_branches_covered_display": "100"}, "missing_lines": [], "excluded_lines": [], "start_line": 1, "executed_branches": [[89, 90], [89, 91]], "missing_branches": []}}}, "src/whyback/agent/scripted_backend.py": {"executed_lines": [3, 5, 6, 7, 9, 11, 16, 22, 25, 26, 29, 30, 31, 32, 33, 36, 39, 47, 48, 49, 50, 52, 53, 56, 58, 67, 68, 69, 78, 79, 80, 81, 82, 83, 86], "summary": {"covered_lines": 35, "num_statements": 35, "percent_covered": 100.0, "percent_covered_display": "100", "missing_lines": 0, "excluded_lines": 0, "percent_statements_covered": 100.0, "percent_statements_covered_display": "100", "num_branches": 2, "num_partial_branches": 0, "covered_branches": 2, "missing_branches": 0, "percent_branches_covered": 100.0, "percent_branches_covered_display": "100"}, "missing_lines": [], "excluded_lines": [], "executed_branches": [[67, 68], [67, 69]], "missing_branches": [], "functions": {"ScriptedBackend.__init__": {"executed_lines": [47, 48, 49, 50], "summary": {"covered_lines": 4, "num_statements": 4, "percent_covered": 100.0, "percent_covered_display": "100", "missing_lines": 0, "excluded_lines": 0, "percent_statements_covered": 100.0, "percent_statements_covered_display": "100", "num_branches": 0, "num_partial_branches": 0, "covered_branches": 0, "missing_branches": 0, "percent_branches_covered": 100.0, "percent_branches_covered_display": "100"}, "missing_lines": [], "excluded_lines": [], "start_line": 39, "executed_branches": [], "missing_branches": []}, "ScriptedBackend.model_name": {"executed_lines": [56], "summary": {"covered_lines": 1, "num_statements": 1, "percent_covered": 100.0, "percent_covered_display": "100", "missing_lines": 0, "excluded_lines": 0, "percent_statements_covered": 100.0, "percent_statements_covered_display": "100", "num_branches": 0, "num_partial_branches": 0, "covered_branches": 0, "missing_branches": 0, "percent_branches_covered": 100.0, "percent_branches_covered_display": "100"}, "missing_lines": [], "excluded_lines": [], "start_line": 53, "executed_branches": [], "missing_branches": []}, "ScriptedBackend.decide_next_step": {"executed_lines": [67, 68, 69, 78, 79, 80, 81, 82, 83, 86], "summary": {"covered_lines": 10, "num_statements": 10, "percent_covered": 100.0, "percent_covered_display": "100", "missing_lines": 0, "excluded_lines": 0, "percent_statements_covered": 100.0, "percent_statements_covered_display": "100", "num_branches": 2, "num_partial_branches": 0, "covered_branches": 2, "missing_branches": 0, "percent_branches_covered": 100.0, "percent_branches_covered_display": "100"}, "missing_lines": [], "excluded_lines": [], "start_line": 58, "executed_branches": [[67, 68], [67, 69]], "missing_branches": []}, "": {"executed_lines": [3, 5, 6, 7, 9, 11, 16, 22, 25, 26, 29, 30, 31, 32, 33, 36, 39, 52, 53, 58], "summary": {"covered_lines": 20, "num_statements": 20, "percent_covered": 100.0, "percent_covered_display": "100", "missing_lines": 0, "excluded_lines": 0, "percent_statements_covered": 100.0, "percent_statements_covered_display": "100", "num_branches": 0, "num_partial_branches": 0, "covered_branches": 0, "missing_branches": 0, "percent_branches_covered": 100.0, "percent_branches_covered_display": "100"}, "missing_lines": [], "excluded_lines": [], "start_line": 1, "executed_branches": [], "missing_branches": []}}, "classes": {"ScriptedCall": {"executed_lines": [], "summary": {"covered_lines": 0, "num_statements": 0, "percent_covered": 100.0, "percent_covered_display": "100", "missing_lines": 0, "excluded_lines": 0, "percent_statements_covered": 100.0, "percent_statements_covered_display": "100", "num_branches": 0, "num_partial_branches": 0, "covered_branches": 0, "missing_branches": 0, "percent_branches_covered": 100.0, "percent_branches_covered_display": "100"}, "missing_lines": [], "excluded_lines": [], "start_line": 26, "executed_branches": [], "missing_branches": []}, "ScriptedBackend": {"executed_lines": [47, 48, 49, 50, 56, 67, 68, 69, 78, 79, 80, 81, 82, 83, 86], "summary": {"covered_lines": 15, "num_statements": 15, "percent_covered": 100.0, "percent_covered_display": "100", "missing_lines": 0, "excluded_lines": 0, "percent_statements_covered": 100.0, "percent_statements_covered_display": "100", "num_branches": 2, "num_partial_branches": 0, "covered_branches": 2, "missing_branches": 0, "percent_branches_covered": 100.0, "percent_branches_covered_display": "100"}, "missing_lines": [], "excluded_lines": [], "start_line": 36, "executed_branches": [[67, 68], [67, 69]], "missing_branches": []}, "": {"executed_lines": [3, 5, 6, 7, 9, 11, 16, 22, 25, 26, 29, 30, 31, 32, 33, 36, 39, 52, 53, 58], "summary": {"covered_lines": 20, "num_statements": 20, "percent_covered": 100.0, "percent_covered_display": "100", "missing_lines": 0, "excluded_lines": 0, "percent_statements_covered": 100.0, "percent_statements_covered_display": "100", "num_branches": 0, "num_partial_branches": 0, "covered_branches": 0, "missing_branches": 0, "percent_branches_covered": 100.0, "percent_branches_covered_display": "100"}, "missing_lines": [], "excluded_lines": [], "start_line": 1, "executed_branches": [], "missing_branches": []}}}, "src/whyback/agent/scripted_plans.py": {"executed_lines": [3, 5, 6, 8, 9, 10, 18, 19, 22, 25, 26, 27, 30, 33, 49, 57, 60, 63, 71, 72, 117, 120, 138, 146, 147, 148, 149, 150, 156, 157, 158, 159, 160, 169, 170, 171, 172, 179, 181, 188, 189], "summary": {"covered_lines": 41, "num_statements": 41, "percent_covered": 100.0, "percent_covered_display": "100", "missing_lines": 0, "excluded_lines": 0, "percent_statements_covered": 100.0, "percent_statements_covered_display": "100", "num_branches": 4, "num_partial_branches": 0, "covered_branches": 4, "missing_branches": 0, "percent_branches_covered": 100.0, "percent_branches_covered_display": "100"}, "missing_lines": [], "excluded_lines": [], "executed_branches": [[146, 147], [146, 156], [156, 157], [156, 169]], "missing_branches": [], "functions": {"_tool": {"executed_lines": [33, 49], "summary": {"covered_lines": 2, "num_statements": 2, "percent_covered": 100.0, "percent_covered_display": "100", "missing_lines": 0, "excluded_lines": 0, "percent_statements_covered": 100.0, "percent_statements_covered_display": "100", "num_branches": 0, "num_partial_branches": 0, "covered_branches": 0, "missing_branches": 0, "percent_branches_covered": 100.0, "percent_branches_covered_display": "100"}, "missing_lines": [], "excluded_lines": [], "start_line": 30, "executed_branches": [], "missing_branches": []}, "_evidence_id": {"executed_lines": [60], "summary": {"covered_lines": 1, "num_statements": 1, "percent_covered": 100.0, "percent_covered_display": "100", "missing_lines": 0, "excluded_lines": 0, "percent_statements_covered": 100.0, "percent_statements_covered_display": "100", "num_branches": 0, "num_partial_branches": 0, "covered_branches": 0, "missing_branches": 0, "percent_branches_covered": 100.0, "percent_branches_covered_display": "100"}, "missing_lines": [], "excluded_lines": [], "start_line": 57, "executed_branches": [], "missing_branches": []}, "_supported_finish": {"executed_lines": [71, 72], "summary": {"covered_lines": 2, "num_statements": 2, "percent_covered": 100.0, "percent_covered_display": "100", "missing_lines": 0, "excluded_lines": 0, "percent_statements_covered": 100.0, "percent_statements_covered_display": "100", "num_branches": 0, "num_partial_branches": 0, "covered_branches": 0, "missing_branches": 0, "percent_branches_covered": 100.0, "percent_branches_covered_display": "100"}, "missing_lines": [], "excluded_lines": [], "start_line": 63, "executed_branches": [], "missing_branches": []}, "_insufficient_finish": {"executed_lines": [120], "summary": {"covered_lines": 1, "num_statements": 1, "percent_covered": 100.0, "percent_covered_display": "100", "missing_lines": 0, "excluded_lines": 0, "percent_statements_covered": 100.0, "percent_statements_covered_display": "100", "num_branches": 0, "num_partial_branches": 0, "covered_branches": 0, "missing_branches": 0, "percent_branches_covered": 100.0, "percent_branches_covered_display": "100"}, "missing_lines": [], "excluded_lines": [], "start_line": 117, "executed_branches": [], "missing_branches": []}, "build_scripted_plan": {"executed_lines": [146, 147, 148, 149, 150, 156, 157, 158, 159, 160, 169, 170, 171, 172, 179, 181, 188, 189], "summary": {"covered_lines": 18, "num_statements": 18, "percent_covered": 100.0, "percent_covered_display": "100", "missing_lines": 0, "excluded_lines": 0, "percent_statements_covered": 100.0, "percent_statements_covered_display": "100", "num_branches": 4, "num_partial_branches": 0, "covered_branches": 4, "missing_branches": 0, "percent_branches_covered": 100.0, "percent_branches_covered_display": "100"}, "missing_lines": [], "excluded_lines": [], "start_line": 138, "executed_branches": [[146, 147], [146, 156], [156, 157], [156, 169]], "missing_branches": []}, "": {"executed_lines": [3, 5, 6, 8, 9, 10, 18, 19, 22, 25, 26, 27, 30, 57, 63, 117, 138], "summary": {"covered_lines": 17, "num_statements": 17, "percent_covered": 100.0, "percent_covered_display": "100", "missing_lines": 0, "excluded_lines": 0, "percent_statements_covered": 100.0, "percent_statements_covered_display": "100", "num_branches": 0, "num_partial_branches": 0, "covered_branches": 0, "missing_branches": 0, "percent_branches_covered": 100.0, "percent_branches_covered_display": "100"}, "missing_lines": [], "excluded_lines": [], "start_line": 1, "executed_branches": [], "missing_branches": []}}, "classes": {"ScriptedPlan": {"executed_lines": [], "summary": {"covered_lines": 0, "num_statements": 0, "percent_covered": 100.0, "percent_covered_display": "100", "missing_lines": 0, "excluded_lines": 0, 
[...]
.0, "percent_branches_covered_display": "75"}, "missing_lines": [42, 68, 165, 290, 294], "excluded_lines": [], "executed_branches": [[67, 70], [123, 124], [123, 140], [164, 183], [210, 211], [210, 214], [266, 267], [266, 282], [289, 301]], "missing_branches": [[67, 68], [164, 165], [289, 290]], "functions": {"_invalid_customer_result": {"executed_lines": [], "summary": {"covered_lines": 0, "num_statements": 1, "percent_covered": 0.0, "percent_covered_display": "0", "missing_lines": 1, "excluded_lines": 0, "percent_statements_covered": 0.0, "percent_statements_covered_display": "0", "num_branches": 0, "num_partial_branches": 0, "covered_branches": 0, "missing_branches": 0, "percent_branches_covered": 100.0, "percent_branches_covered_display": "100"}, "missing_lines": [42], "excluded_lines": [], "start_line": 35, "executed_branches": [], "missing_branches": []}, "run_promotion_response": {"executed_lines": [66, 67, 70, 71, 77, 98, 115, 116, 120, 121, 122, 123, 124, 140, 150, 151, 152, 153, 154, 155, 164, 183, 185, 191, 192, 193, 194, 195, 196, 197, 209, 210, 211, 214, 221, 223, 224, 266, 267, 282, 283, 289, 301, 306], "summary": {"covered_lines": 44, "num_statements": 48, "percent_covered": 88.33333333333333, "percent_covered_display": "88", "missing_lines": 4, "excluded_lines": 0, "percent_statements_covered": 91.66666666666667, "percent_statements_covered_display": "92", "num_branches": 12, "num_partial_branches": 3, "covered_branches": 9, "missing_branches": 3, "percent_branches_covered": 75.0, "percent_branches_covered_display": "75"}, "missing_lines": [68, 165, 290, 294], "excluded_lines": [], "start_line": 59, "executed_branches": [[67, 70], [123, 124], [123, 140], [164, 183], [210, 211], [210, 214], [266, 267], [266, 282], [289, 301]], "missing_branches": [[67, 68], [164, 165], [289, 290]]}, "run_promotion_response.metric": {"executed_lines": [188, 189], "summary": {"covered_lines": 2, "num_statements": 2, "percent_covered": 100.0, "percent_covered_display": "100", "missing_lines": 0, "excluded_lines": 0, "percent_statements_covered": 100.0, "percent_statements_covered_display": "100", "num_branches": 0, "num_partial_branches": 0, "covered_branches": 0, "missing_branches": 0, "percent_branches_covered": 100.0, "percent_branches_covered_display": "100"}, "missing_lines": [], "excluded_lines": [], "start_line": 185, "executed_branches": [], "missing_branches": []}, "": {"executed_lines": [3, 5, 6, 8, 10, 11, 17, 25, 29, 35, 59], "summary": {"covered_lines": 11, "num_statements": 11, "percent_covered": 100.0, "percent_covered_display": "100", "missing_lines": 0, "excluded_lines": 0, "percent_statements_covered": 100.0, "percent_statements_covered_display": "100", "num_branches": 0, "num_partial_branches": 0, "covered_branches": 0, "missing_branches": 0, "percent_branches_covered": 100.0, "percent_branches_covered_display": "100"}, "missing_lines": [], "excluded_lines": [], "start_line": 1, "executed_branches": [], "missing_branches": []}}, "classes": {"": {"executed_lines": [3, 5, 6, 8, 10, 11, 17, 25, 29, 35, 59, 66, 67, 70, 71, 77, 98, 115, 116, 120, 121, 122, 123, 124, 140, 150, 151, 152, 153, 154, 155, 164, 183, 185, 188, 189, 191, 192, 193, 194, 195, 196, 197, 209, 210, 211, 214, 221, 223, 224, 266, 267, 282, 283, 289, 301, 306], "summary": {"covered_lines": 57, "num_statements": 62, "percent_covered": 89.1891891891892, "percent_covered_display": "89", "missing_lines": 5, "excluded_lines": 0, "percent_statements_covered": 91.93548387096774, "percent_statements_covered_display": "92", "num_branches": 12, "num_partial_branches": 3, "covered_branches": 9, "missing_branches": 3, "percent_branches_covered": 75.0, "percent_branches_covered_display": "75"}, "missing_lines": [42, 68, 165, 290, 294], "excluded_lines": [], "start_line": 1, "executed_branches": [[67, 70], [123, 124], [123, 140], [164, 183], [210, 211], [210, 214], [266, 267], [266, 282], [289, 301]], "missing_branches": [[67, 68], [164, 165], [289, 290]]}}}, "src/whyback/tools/registry.py": {"executed_lines": [3, 5, 6, 7, 8, 9, 11, 13, 14, 15, 16, 30, 31, 32, 33, 35, 38, 39, 42, 43, 44, 45, 47, 50, 57, 117, 120, 123, 124, 127, 128, 131, 133, 138, 139, 143, 148, 149, 150, 151, 152, 153, 155, 164, 165, 166, 167, 187, 190, 193, 196], "summary": {"covered_lines": 51, "num_statements": 54, "percent_covered": 92.85714285714286, "percent_covered_display": "93", "missing_lines": 3, "excluded_lines": 0, "percent_statements_covered": 94.44444444444444, "percent_statements_covered_display": "94", "num_branches": 2, "num_partial_branches": 1, "covered_branches": 1, "missing_branches": 1, "percent_branches_covered": 50.0, "percent_branches_covered_display": "50"}, "missing_lines": [125, 199, 213], "excluded_lines": [], "executed_branches": [[124, -120]], "missing_branches": [[124, 125]], "functions": {"RegisteredTool.definition": {"executed_lines": [50], "summary": {"covered_lines": 1, "num_statements": 1, "percent_covered": 100.0, "percent_covered_display": "100", "missing_lines": 0, "excluded_lines": 0, "percent_statements_covered": 100.0, "percent_statements_covered_display": "100", "num_branches": 0, "num_partial_branches": 0, "covered_branches": 0, "missing_branches": 0, "percent_branches_covered": 100.0, "percent_branches_covered_display": "100"}, "missing_lines": [], "excluded_lines": [], "start_line": 47, "executed_branches": [], "missing_branches": []}, "ToolRegistry.__init__": {"executed_lines": [123, 124], "summary": {"covered_lines": 2, "num_statements": 3, "percent_covered": 60.0, "percent_covered_display": "60", "missing_lines": 1, "excluded_lines": 0, "percent_statements_covered": 66.66666666666667, "percent_statements_covered_display": "67", "num_branches": 2, "num_partial_branches": 1, "covered_branches": 1, "missing_branches": 1, "percent_branches_covered": 50.0, "percent_branches_covered_display": "50"}, "missing_lines": [125], "excluded_lines": [], "start_line": 120, "executed_branches": [[124, -120]], "missing_branches": [[124, 125]]}, "ToolRegistry.names": {"executed_lines": [131], "summary": {"covered_lines": 1, "num_statements": 1, "percent_covered": 100.0, "percent_covered_display": "100", "missing_lines": 0, "excluded_lines": 0, "percent_statements_covered": 100.0, "percent_statements_covered_display": "100", "num_branches": 0, "num_partial_branches": 0, "covered_branches": 0, "missing_branches": 0, "percent_branches_covered": 100.0, "percent_branches_covered_display": "100"}, "missing_lines": [], "excluded_lines": [], "start_line": 128, "executed_branches": [], "missing_branches": []}, "ToolRegistry.definitions": {"executed_lines": [138, 139], "summary": {"covered_lines": 2, "num_statements": 2, "percent_covered": 100.0, "percent_covered_display": "100", "missing_lines": 0, "excluded_lines": 0, "percent_statements_covered": 100.0, "percent_statements_covered_display": "100", "num_branches": 0, "num_partial_branches": 0, "covered_branches": 0, "missing_branches": 0, "percent_branches_covered": 100.0, "percent_branches_covered_display": "100"}, "missing_lines": [], "excluded_lines": [], "start_line": 133, "executed_branches": [], "missing_branches": []}, "ToolRegistry.normalize_arguments": {"executed_lines": [148, 149, 150, 151, 152, 153], "summary": {"covered_lines": 6, "num_statements": 6, "percent_covered": 100.0, "percent_covered_display": "100", "missing_lines": 0, "excluded_lines": 0, "percent_statements_covered": 100.0, "percent_statements_covered_display": "100", "num_branches": 0, "num_partial_branches": 0, "covered_branches": 0, "missing_branches": 0, "percent_branches_covered": 100.0, "percent_branches_covered_display": "100"}, "missing_lines": [], "excluded_lines": [], "start_line": 143, "executed_branches": [], "missing_branches": []}, "ToolRegistry.execute": {"executed_lines": [164, 165, 166, 167, 187], "summary": {"covered_lines": 5, "num_statements": 5, "percent_covered": 100.0, "percent_covered_display": "100", "missing_lines": 0, "excluded_lines": 0, "percent_statements_covered": 100.0, "percent_statements_covered_display": "100", "num_branches": 0, "num_partial_branches": 0, "covered_branches": 0, "missing_branches": 0, "percent_branches_covered": 100.0, "percent_branches_covered_display": "100"}, "missing_lines": [], "excluded_lines": [], "start_line": 155, "executed_branches": [], "missing_branches": []}, "build_tool_registry": {"executed_lines": [193], "summary": {"covered_lines": 1, "num_statements": 1, "percent_covered": 100.0, "percent_covered_display": "100", "missing_lines": 0, "excluded_lines": 0, "percent_statements_covered": 100.0, "percent_statements_covered_display": "100", "num_branches": 0, "num_partial_branches": 0, "covered_branches": 0, "missing_branches": 0, "percent_branches_covered": 100.0, "percent_branches_covered_display": "100"}, "missing_lines": [], "excluded_lines": [], "start_line": 190, "executed_branches": [], "missing_branches": []}, "compact_tool_result": {"executed_lines": [], "summary": {"covered_lines": 0, "num_statements": 2, "percent_covered": 0.0, "percent_covered_display": "0", "missing_lines": 2, "excluded_lines": 0, "percent_statements_covered": 0.0, "percent_statements_covered_display": "0", "num_branches": 0, "num_partial_branches": 0, "covered_branches": 0, "missing_branches": 0, "percent_branches_covered": 100.0, "percent_branches_covered_display": "100"}, "missing_lines": [199, 213], "excluded_lines": [], "start_line": 196, "executed_branches": [], "missing_branches": []}, "": {"executed_lines": [3, 5, 6, 7, 8, 9, 11, 13, 14, 15, 16, 30, 31, 32, 33, 35, 38, 39, 42, 43, 44, 45, 47, 57, 117, 120, 127, 128, 133, 143, 155, 190, 196], "summary": {"covered_lines": 33, "num_statements": 33, "percent_covered": 100.0, "percent_covered_display": "100", "missing_lines": 0, "excluded_lines": 0, "percent_statements_covered": 100.0, "percent_statements_covered_display": "100", "num_branches": 0, "num_partial_branches": 0, "covered_branches": 0, "missing_branches": 0, "percent_branches_covered": 100.0, "percent_branches_covered_display": "100"}, "missing_lines": [], "excluded_lines": [], "start_line": 1, "executed_branches": [], "missing_branches": []}}, "classes": {"RegisteredTool": {"executed_lines": [50], "summary": {"covered_lines": 1, "num_statements": 1, "percent_covered": 100.0, "percent_covered_display": "100", "missing_lines": 0, "excluded_lines": 0, "percent_statements_covered": 100.0, "percent_statements_covered_display": "100", "num_branches": 0, "num_partial_branches": 0, "covered_branches": 0, "missing_branches": 0, "percent_branches_covered": 100.0, "percent_branches_covered_display": "100"}, "missing_lines": [], "excluded_lines": [], "start_line": 39, "executed_branches": [], "missing_branches": []}, "ToolRegistry": {"executed_lines": [123, 124, 131, 138, 139, 148, 149, 150, 151, 152, 153, 164, 165, 166, 167, 187], "summary": {"covered_lines": 16, "num_statements": 17, "percent_covered": 89.47368421052632, "percent_covered_display": "89", "missing_lines": 1, "excluded_lines": 0, "percent_statements_covered": 94.11764705882354, "percent_statements_covered_display": "94", "num_branches": 2, "num_partial_branches": 1, "covered_branches": 1, "missing_branches": 1, "percent_branches_covered": 50.0, "percent_branches_covered_display": "50"}, "missing_lines": [125], "excluded_lines": [], "start_line": 117, "executed_branches": [[124, -120]], "missing_branches": [[124, 125]]}, "": {"executed_lines": [3, 5, 6, 7, 8, 9, 11, 13, 14, 15, 16, 30, 31, 32, 33, 35, 38, 39, 42, 43, 44, 45, 47, 57, 117, 120, 127, 128, 133, 143, 155, 190, 193, 196], "summary": {"covered_lines": 34, "num_statements": 36, "percent_covered": 94.44444444444444, "percent_covered_display": "94", "missing_lines": 2, "excluded_lines": 0, "percent_statements_covered": 94.44444444444444, "percent_statements_covered_display": "94", "num_branches": 0, "num_partial_branches": 0, "covered_branches": 0, "missing_branches": 0, "percent_branches_covered": 100.0, "percent_branches_covered_display": "100"}, "missing_lines": [199, 213], "excluded_lines": [], "start_line": 1, "executed_branches": [], "missing_branches": []}}}, "src/whyback/tools/trend.py": {"executed_lines": [3, 5, 6, 8, 10, 11, 12, 23, 32, 37, 54, 88, 95, 116, 117, 120, 121, 122, 123, 124, 125, 126, 127, 128, 130, 133, 152, 165, 166, 167, 168, 186, 189, 190, 191, 192, 193, 194, 204, 209, 214, 221, 222, 232, 233, 247, 248, 249, 250, 251, 252, 253, 263, 264, 274, 302, 303, 307, 308, 312, 314, 319, 324, 329, 335, 336, 337, 338, 339, 340, 341, 358, 376, 377, 378, 379, 380, 384, 385, 388, 390, 391, 397, 398, 454, 455, 460, 461, 477, 478, 479, 480, 481, 492, 502, 503, 504, 512, 516, 523], "summary": {"covered_lines": 100, "num_statements": 102, "percent_covered": 95.16129032258064, "percent_covered_display": "95", "missing_lines": 2, "excluded_lines": 0, "percent_statements_covered": 98.03921568627452, "percent_statements_covered_display": "98", "num_branches": 22, "num_partial_branches": 4, "covered_branches": 18, "missing_branches": 4, "percent_branches_covered": 81.81818181818181, "percent_branches_covered_display": "82"}, "missing_lines": [223, 254], "excluded_lines": [], "executed_branches": [[166, 167], [191, 192], [191, 194], [222, 232], [253, 263], [263, 264], [263, 274], [378, 379], [378, 385], [385, 388], [385, 390], [454, 455], [454, 477], [460, 454], [460, 461], [478, 479], [478, 502], [503, 504]], "missing_branches": [[166, 168], [222, 223], [253, 254], [503, 512]], "functions": {"_WindowMetrics.as_summary": {"executed_lines": [133], "summary": {"covered_lines": 1, "num_statements": 1, "percent_covered": 100.0, "percent_covered_display": "100", "missing_lines": 0, "excluded_lines": 0, "percent_statements_covered": 100.0, "percent_statements_covered_display": "100", "num_branches": 0, "num_partial_branches": 0, "covered_branches": 0, "missing_branches": 0, "percent_branches_covered": 100.0, "percent_branches_covered_display": "100"}, "missing_lines": [], "excluded_lines": [], "start_line": 130, "executed_branches": [], "missing_branches": []}, "_failed_result": {"executed_lines": [165, 166, 167, 168], "summary": {"covered_lines": 4, "num_statements": 4, "percent_covered": 83.33333333333333, "percent_covered_display": "83", "missing_lines": 0, "excluded_lines": 0, "percent_statements_covered": 100.0, "percent_statements_covered_display": "100", "num_branches": 2, "num_partial_branches": 1, "covered_branches": 1, "missing_branches": 1, "percent_branches_covered": 50.0, "percent_branches_covered_display": "50"}, "missing_lines": [], "excluded_lines": [], "start_line": 152, "executed_branches": [[166, 167]], "missing_branches": [[166, 168]]}, "_comparison": {"executed_lines": [189, 190, 191, 192, 193, 194], "summary": {"covered_lines": 6, "num_statements": 6, "percent_covered": 100.0, "percent_covered_display": "100", "missing_lines": 0, "excluded_lines": 0, "percent_statements_covered": 100.0, "percent_statements_covered_display": "100", "num_branches": 2, "num_partial_branches": 0, "covered_branches": 2, "missing_branches": 0, "percent_branches_covered": 100.0, "percent_branches_covered_display": "100"}, "missing_lines": [], "excluded_lines": [], "start_line": 186, "executed_branches": [[191, 192], [191, 194]], "missing_branches": []}, "_window_has_partial_week": {"executed_lines": [209], "summary": {"covered_lines": 1, "num_statements": 1, "percent_covered": 100.0, "percent_covered_display": "100", "missing_lines": 0, "excluded_lines": 0, "percent_statements_covered": 100.0, "percent_statements_covered_display": "100", "num_branches": 0, "num_partial_branches": 0, "covered_branches": 0, "missing_branches": 0, "percent_branches_covered": 100.0, "percent_branches_covered_display": "100"}, "missing_lines": [], "excluded_lines": [], "start_line": 204, "executed_branches": [], "missing_branches": []}, "customer_trend": {"executed_lines": [221, 222, 232, 233, 247, 248, 249, 250, 251, 252, 253, 263, 264, 274, 302, 303, 307, 308, 312, 314, 319, 324, 329, 335, 336, 337, 338, 339, 340, 341, 358, 376, 377, 378, 379, 380, 384, 385, 388, 390, 391, 397, 398, 454, 455, 460, 461, 477, 478, 479, 480, 481, 492, 502, 503, 504, 512, 516, 523], "summary": {"covered_lines": 59, "num_statements": 61, "percent_covered": 93.67088607594937, "percent_covered_display": "94", "missing_lines": 2, "excluded_lines": 0, "percent_statements_covered": 96.72131147540983, "percent_statements_covered_display": "97", "num_branches": 18, "num_partial_branches": 3, "covered_branches": 15, "missing_branches": 3, "percent_branches_covered": 83.33333333333333, "percent_branches_covered_display": "83"}, "missing_lines": [223, 254], "excluded_lines": [], "start_line": 214, "executed_branches": [[222, 232], [253, 263], [263, 264], [263, 274], [378, 379], [378, 385], [385, 388], [385, 390], [454, 455], [454, 477], [460, 454], [460, 461], [478, 479], [478, 502], [503, 504]], "missing_branches": [[222, 223], [253, 254], [503, 512]]}, "": {"executed_lines": [3, 5, 6, 8, 10, 11, 12, 23, 32, 37, 54, 88, 95, 116, 117, 120, 121, 122, 123, 124, 125, 126, 127, 128, 130, 152, 186, 204, 214], "summary": {"covered_lines": 29, "num_statements": 29, "percent_covered": 100.0, "percent_covered_display": "100", "missing_lines": 0, "excluded_lines": 0, "percent_statements_covered": 100.0, "percent_statements_covered_display": "100", "num_branches": 0, "num_partial_branches": 0, "covered_branches": 0, "missing_branches": 0, "percent_branches_covered": 100.0, "percent_branches_covered_display": "100"}, "missing_lines": [], "excluded_lines": [], "start_line": 1, "executed_branches": [], "missing_branches": []}}, "classes": {"_WindowMetrics": {"executed_lines": [133], "summary": {"covered_lines": 1, "num_statements": 1, "percent_covered": 100.0, "percent_covered_display": "100", "missing_lines": 0, "excluded_lines": 0, "percent_statements_covered": 100.0, "percent_statements_covered_display": "100", "num_branches": 0, "num_partial_branches": 0, "covered_branches": 0, "missing_branches": 0, "percent_branches_covered": 100.0, "percent_branches_covered_display": "100"}, "missing_lines": [], "excluded_lines": [], "start_line": 117, "executed_branches": [], "missing_branches": []}, "": {"executed_lines": [3, 5, 6, 8, 10, 11, 12, 23, 32, 37, 54, 88, 95, 116, 117, 120, 121, 122, 123, 124, 125, 126, 127, 128, 130, 152, 165, 166, 167, 168, 186, 189, 190, 191, 192, 193, 194, 204, 209, 214, 221, 222, 232, 233, 247, 248, 249, 250, 251, 252, 253, 263, 264, 274, 302, 303, 307, 308, 312, 314, 319, 324, 329, 335, 336, 337, 338, 339, 340, 341, 358, 376, 377, 378, 379, 380, 384, 385, 388, 390, 391, 397, 398, 454, 455, 460, 461, 477, 478, 479, 480, 481, 492, 502, 503, 504, 512, 516, 523], "summary": {"covered_lines": 99, "num_statements": 101, "percent_covered": 95.1219512195122, "percent_covered_display": "95", "missing_lines": 2, "excluded_lines": 0, "percent_statements_covered": 98.01980198019803, "percent_statements_covered_display": "98", "num_branches": 22, "num_partial_branches": 4, "covered_branches": 18, "missing_branches": 4, "percent_branches_covered": 81.81818181818181, "percent_branches_covered_display": "82"}, "missing_lines": [223, 254], "excluded_lines": [], "start_line": 1, "executed_branches": [[166, 167], [191, 192], [191, 194], [222, 232], [253, 263], [263, 264], [263, 274], [378, 379], [378, 385], [385, 388], [385, 390], [454, 455], [454, 477], [460, 454], [460, 461], [478, 479], [478, 502], [503, 504]], "missing_branches": [[166, 168], [222, 223], [253, 254], [503, 512]]}}}}, "totals": {"covered_lines": 4077, "num_statements": 4522, "percent_covered": 87.26448011165387, "percent_covered_display": "87", "missing_lines": 445, "excluded_lines": 19, "percent_statements_covered": 90.1592215833702, "percent_statements_covered_display": "90", "num_branches": 1210, "num_partial_branches": 225, "covered_branches": 925, "missing_branches": 285, "percent_branches_covered": 76.44628099173553, "percent_branches_covered_display": "76"}}