<?xml version="1.0" encoding="utf-8"?><testsuites name="pytest tests"><testsuite name="pytest" errors="0" failures="0" skipped="1" tests="323" time="58.947" timestamp="2026-08-25T21:29:20.572235-05:00" hostname="Nicks-MacBook-Pro.local"><properties>
[...]
</properties><testcase classname="tests.integration.test_cli_workflows" name="test_cli_config_status_and_full_prepare_guard" time="0.439" /><testcase classname="tests.integration.test_cli_workflows" name="test_cli_detect_investigate_and_verify_round_trip" time="0.887" /><testcase classname="tests.integration.test_cli_workflows" name="test_cli_demo_and_invalid_backend_paths" time="3.767" /><testcase classname="tests.integration.test_cli_workflows" name="test_cli_demo_enforces_the_shared_customer_boundaries" time="0.013" /><testcase classname="tests.integration.test_cli_workflows" name="test_cli_rejects_retired_openai_backend" time="0.061" /><testcase classname="tests.integration.test_cli_workflows" name="test_cli_gemini_investigation_reports_missing_key" time="0.094" /><testcase classname="tests.integration.test_cli_workflows" name="test_cli_verifies_historical_skip_with_current_key_present" time="0.381" /><testcase classname="tests.integration.test_demo_pipeline" name="test_synthetic_demo_reaches_verified_reports_and_safe_failure" time="5.181" /><testcase classname="tests.integration.test_demo_pipeline" name="test_synthetic_demo_supports_the_full_customer_maximum" time="10.332" /><testcase classname="tests.integration.test_demo_pipeline" name="test_persistent_failure_trace_matches_normalized_golden" time="3.742" /><testcase classname="tests.integration.test_demo_pipeline" name="test_synthetic_demo_rerun_replaces_the_exact_owned_tree" time="8.074" /><testcase classname="tests.integration.test_demo_pipeline" name="test_synthetic_demo_refuses_to_replace_an_unowned_directory" time="3.812" /><testcase classname="tests.integration.test_demo_pipeline" name="test_demo_boundaries_fail_before_creating_output[4]" time="0.001" /><testcase classname="tests.integration.test_demo_pipeline" name="test_demo_boundaries_fail_before_creating_output[25]" time="0.001" /><testcase classname="tests.integration.test_demo_pipeline" name="test_live_official_transition_exactly_replaces_an_owned_skipped_tree" time="0.003" /><testcase classname="tests.integration.test_demo_pipeline" name="test_gemini_key_presence_requires_non_space_text[-False]" time="0.000" /><testcase classname="tests.integration.test_demo_pipeline" name="test_gemini_key_presence_requires_non_space_text[   \t-False]" time="0.000" /><testcase classname="tests.integration.test_demo_pipeline" name="test_gemini_key_presence_requires_non_space_text[test-placeholder-True]" time="0.000" /><testcase classname="tests.integration.test_demo_pipeline" name="test_live_official_transition_preserves_prior_run_artifacts" time="0.001" /><testcase classname="tests.integration.test_evaluation_cases" name="test_all_synthetic_cases_execute_and_pass_behavior_contracts" time="1.323" /><testcase classname="tests.integration.test_prepared_repository" name="test_preparation_builds_canonical_views_without_economic_multiplication" time="0.050" /><testcase classname="tests.integration.test_prepared_repository" name="test_repository_fails_when_required_table_is_missing" time="0.001" /><testcase classname="tests.integration.test_prepared_repository" name="test_repository_rejects_a_prepared_table_changed_after_manifest" time="0.039" /><testcase classname="tests.integration.test_prepared_repository" name="test_repository_rejects_forged_official_source_provenance" time="0.041" /><testcase classname="tests.live.test_gemini_backend_live" name="test_gemini_backend_returns_one_strict_investigation_decision" time="0.001"><skipped type="pytest.skip" message="GEMINI_API_KEY is absent; live Gemini execution was not attempted.">/Users/nickjanocik/Documents/WhyBack/tests/live/test_gemini_backend_live.py:40: GEMINI_API_KEY is absent; live Gemini execution was not attempted.</skipped></testcase><testcase classname="tests.orchestration.test_runner" name="test_frequency_path_executes_selected_tool_then_verified_finish" time="0.083" /><testcase classname="tests.orchestration.test_runner" name="test_context_confidence_adjustment_is_recorded_in_audit" time="0.095" /><testcase classname="tests.orchestration.test_runner" name="test_exact_duplicate_is_refused_without_second_execution" time="0.084" /><testcase classname="tests.orchestration.test_runner" name="test_invalid_household_argument_fails_closed_without_evidence" time="0.081" /><testcase classname="tests.orchestration.test_runner" name="test_verifier_allows_exactly_one_structured_repair" time="0.069" /><testcase classname="tests.orchestration.test_runner" name="test_repair_cannot_upgrade_observational_evidence_to_causal" time="0.093" /><testcase classname="tests.orchestration.test_runner" name="test_model_turn_budget_stops_a_loop_and_returns_safe_fallback" time="0.093" /><testcase classname="tests.orchestration.test_runner" name="test_retryable_failure_retries_once_then_marks_tool_unavailable" time="0.079" /><testcase classname="tests.orchestration.test_runner" name="test_real_timeout_uses_an_isolated_connection_before_retry" time="0.624" /><testcase classname="tests.orchestration.test_runner" name="test_timeout_once_retries_then_uses_real_promotion_evidence" time="0.089" /><testcase classname="tests.orchestration.test_runner" name="test_persistent_timeout_is_traced_and_other_evidence_finishes" time="0.097" /><testcase classname="tests.orchestration.test_runner" name="test_tool_exception_secrets_are_redacted_before_state_storage" time="0.073" /><testcase classname="tests.orchestration.test_runner" name="test_repository_fork_failure_becomes_a_typed_terminal_tool_result" time="0.072" /><testcase classname="tests.orchestration.test_runner" name="test_invalid_tool_arguments_are_not_written_raw_to_the_trace" time="0.078" /><testcase classname="tests.orchestration.test_runner" name="test_causal_model_decision_prose_is_not_stored_or_traced" time="0.091" /><testcase classname="tests.property.test_agent_invariants" name="test_category_totals_reconcile_for_varied_window_values" time="0.449" /><testcase classname="tests.property.test_agent_invariants" name="test_promotion_duplicates_never_multiply_economic_values" time="0.450" /><testcase classname="tests.property.test_agent_invariants" name="test_peer_selection_excludes_every_possible_target" time="0.400" /><testcase classname="tests.property.test_agent_invariants" name="test_unrelated_households_cannot_change_target_direct_metrics" time="0.816" /><testcase classname="tests.property.test_agent_invariants" name="test_missing_and_one_sided_windows_have_explicit_statuses[customer_trend]" time="0.070" /><testcase classname="tests.property.test_agent_invariants" name="test_missing_and_one_sided_windows_have_explicit_statuses[category_decomposition]" time="0.057" /><testcase classname="tests.property.test_agent_invariants" name="test_missing_and_one_sided_windows_have_explicit_statuses[basket_behavior]" time="0.050" /><testcase classname="tests.property.test_agent_invariants" name="test_missing_and_one_sided_windows_have_explicit_statuses[promotion_response]" time="0.053" /><testcase classname="tests.property.test_agent_invariants" name="test_evidence_identifiers_are_unique_across_successful_tool_calls" time="0.076" /><testcase classname="tests.property.test_agent_invariants" name="test_budgets_never_go_negative_and_duplicate_signatures_execute_once" time="1.379" /><testcase classname="tests.property.test_agent_invariants" name="test_verifier_rejects_unknown_and_failed_source_evidence" time="0.260" /><testcase classname="tests.property.test_agent_invariants" name="test_valid_partial_limitations_are_propagated_without_loss" time="0.258" /><testcase classname="tests.property.test_decline_properties" name="test_decline_score_is_always_bounded" time="0.065" /><testcase classname="tests.property.test_tool_contract_properties" name="test_evidence_ids_are_unique_within_a_tool_call" time="0.115" /><testcase classname="tests.unit.test_actions" name="test_checked_in_catalog_is_the_exact_human_review_allowlist" time="0.019" /><testcase classname="tests.unit.test_actions" name="test_supported_actions_have_evidence_rules_and_insufficient_is_fallback" time="0.019" /><testcase classname="tests.unit.test_actions" name="test_catalog_and_nested_models_are_immutable" time="0.020" /><testcase classname="tests.unit.test_actions" name="test_get_rejects_action_outside_allowlist" time="0.019" /><testcase classname="tests.unit.test_actions" name="test_loader_fails_closed_when_ids_are_not_exact[missing]" time="0.048" /><testcase classname="tests.unit.test_actions" name="test_loader_fails_closed_when_ids_are_not_exact[unexpected]" time="0.048" /><testcase classname="tests.unit.test_actions" name="test_loader_fails_closed_when_ids_are_not_exact[duplicate]" time="0.044" /><testcase classname="tests.unit.test_actions" name="test_loader_rejects_extra_fields_and_non_mapping_roots" time="0.049" /><testcase classname="tests.unit.test_agent_backends" name="test_investigation_state_is_frozen_and_budget_bounded" time="0.000" /><testcase classname="tests.unit.test_agent_backends" name="test_finish_proposal_rejects_duplicate_evidence_references" time="0.000" /><testcase classname="tests.unit.test_agent_backends" name="test_scripted_backend_exposes_offered_tools_and_exhaustion" time="0.001" /><testcase classname="tests.unit.test_agent_backends" name="test_scripted_backend_rejects_malformed_decision" time="0.001" /><testcase classname="tests.unit.test_agent_backends" name="test_gemini_backend_sends_one_strict_function_decision" time="0.023" /><testcase classname="tests.unit.test_agent_backends" name="test_gemini_backend_parses_finish_action" time="0.021" /><testcase classname="tests.unit.test_agent_backends" name="test_gemini_backend_uses_function_call_id_for_stateless_response" time="0.023" /><testcase classname="tests.unit.test_agent_backends" name="test_gemini_backend_rejects_multiple_function_calls" time="0.024" /><testcase classname="tests.unit.test_agent_backends" name="test_gemini_backend_rejects_unoffered_function" time="0.022" /><testcase classname="tests.unit.test_agent_backends" name="test_gemini_backend_rejects_incomplete_response" time="0.024" /><testcase classname="tests.unit.test_agent_backends" name="test_gemini_backend_wraps_malformed_provider_metadata[&lt;lambda&gt;-not a sequence]" time="0.024" /><testcase classname="tests.unit.test_agent_backends" name="test_gemini_backend_wraps_malformed_provider_metadata[&lt;lambda&gt;-invalid token]" time="0.024" /><testcase classname="tests.unit.test_agent_backends" name="test_gemini_backend_wraps_malformed_provider_metadata[&lt;lambda&gt;-interaction or function-call ID]" time="0.024" /><testcase classname="tests.unit.test_agent_backends" name="test_gemini_backend_wraps_malformed_provider_metadata[&lt;lambda&gt;-provider errors]" time="0.024" /><testcase classname="tests.unit.test_agent_backends" name="test_gemini_backend_wraps_malformed_provider_metadata[&lt;lambda&gt;-did not reconcile]" time="0.024" /><testcase classname="tests.unit.test_agent_backends" name="test_gemini_backend_rejects_arguments_outside_the_offered_schema" time="0.024" /><testcase classname="tests.unit.test_agent_backends" name="test_gemini_backend_does_not_echo_invalid_provider_payload" time="0.023" /><testcase classname="tests.unit.test_agent_backends" name="test_gemini_backend_sanitizes_provider_request_errors" time="0.023" /><testcase classname="tests.unit.test_agent_backends" name="test_gemini_backend_requires_a_key_when_no_client_is_injected" time="0.020" /><testcase classname="tests.unit.test_agent_backends" name="test_gemini_backend_passes_gemini_key_explicitly_and_disables_retries" time="0.019" /><testcase classname="tests.unit.test_audit_trace" name="test_writer_appends_compact_valid_jsonl_in_order" time="0.002" /><testcase classname="tests.unit.test_audit_trace" name="test_reopening_writer_never_overwrites_existing_trace" time="0.001" /><testcase classname="tests.unit.test_audit_trace" name="test_sanitizer_recursively_redacts_secret_keys_and_values" time="0.000" /><testcase classname="tests.unit.test_audit_trace" name="test_sanitizer_redacts_gemini_and_legacy_openai_api_key_fields" time="0.000" /><testcase classname="tests.unit.test_audit_trace" name="test_sanitizer_redacts_google_api_key_shaped_free_text" time="0.000" /><testcase classname="tests.unit.test_audit_trace" name="test_sanitizer_can_reject_secrets_and_always_rejects_hidden_reasoning" time="0.001" /><testcase classname="tests.unit.test_audit_trace" name="test_audit_event_normalizes_aware_timestamp_to_utc" time="0.000" /><testcase classname="tests.unit.test_audit_trace" name="test_audit_event_is_strict_and_immutable" time="0.001" /><testcase classname="tests.unit.test_audit_trace" name="test_writer_revalidates_an_event_at_the_persistence_boundary" time="0.001" /><testcase classname="tests.unit.test_data_contracts" name="test_product_metadata_is_explicitly_unknown" time="0.004" /><testcase classname="tests.unit.test_data_contracts" name="test_invalid_week_fails_preflight" time="0.003" /><testcase classname="tests.unit.test_data_contracts" name="test_relation_diagnostics_surface_promotion_multiplicity" time="0.014" /><testcase classname="tests.unit.test_data_contracts" name="test_download_is_atomic_and_hash_verified" time="0.001" /><testcase classname="tests.unit.test_data_contracts" name="test_download_removes_bad_partial_file" time="0.001" /><testcase classname="tests.unit.test_data_contracts" name="test_nonfinite_transaction_measure_is_rejected" time="0.003" /><testcase classname="tests.unit.test_data_contracts" name="test_missing_promotion_code_is_not_silently_treated_as_zero" time="0.003" /><testcase classname="tests.unit.test_decline_detector" name="test_window_boundaries_are_inclusive_and_nonoverlapping" time="0.000" /><testcase classname="tests.unit.test_decline_detector" name="test_too_few_observed_weeks_is_explicit" time="0.000" /><testcase classname="tests.unit.test_decline_detector" name="test_hand_calculated_decline_score" time="0.000" /><testcase classname="tests.unit.test_decline_detector" name="test_drop_is_clipped[10.0-20.0-0.0]" time="0.000" /><testcase classname="tests.unit.test_decline_detector" name="test_drop_is_clipped[10.0--5.0-1.0]" time="0.000" /><testcase classname="tests.unit.test_decline_detector" name="test_drop_is_clipped[10.0-0.0-1.0]" time="0.000" /><testcase classname="tests.unit.test_decline_detector" name="test_nonpositive_baseline_is_rejected" time="0.000" /><testcase classname="tests.unit.test_decline_detector" name="test_detector_enforces_eligibility_and_stable_ranking" time="0.011" /><testcase classname="tests.unit.test_decline_detector" name="test_sensitivity_uses_same_eligible_population" time="0.010" /><testcase classname="tests.unit.test_demo_limits" name="test_demo_customer_limits_cover_the_full_synthetic_population" time="0.000" /><testcase classname="tests.unit.test_demo_limits" name="test_demo_customer_limit_accepts_inclusive_boundaries[5]" time="0.000" /><testcase classname="tests.unit.test_demo_limits" name="test_demo_customer_limit_accepts_inclusive_boundaries[24]" time="0.000" /><testcase classname="tests.unit.test_demo_limits" name="test_demo_customer_limit_rejects_values_outside_boundaries[4]" time="0.000" /><testcase classname="tests.unit.test_demo_limits" name="test_demo_customer_limit_rejects_values_outside_boundaries[25]" time="0.000" /><testcase classname="tests.unit.test_demo_limits" name="test_demo_customer_limit_rejects_values_outside_boundaries[True]" time="0.000" /><testcase classname="tests.unit.test_demo_limits" name="test_demo_customer_limit_rejects_values_outside_boundaries[5.5]" time="0.000" /><testcase classname="tests.unit.test_evals" name="test_catalog_has_exact_ids_archetypes_and_special_contracts" time="0.010" /><testcase classname="tests.unit.test_evals" name="test_all_baseline_archetypes_produce_perfect_behavior_metrics" time="0.011" /><testcase classname="tests.unit.test_evals" name="test_failures_are_counted_without_a_prose_judge" time="0.010" /><testcase classname="tests.unit.test_evals" name="test_required_partial_limitation_must_be_observed_and_propagated" time="0.010" /><testcase classname="tests.unit.test_evals" name="test_methodology_contracts_score_typed_observables_not_prose[broad_decline-update0-context_classification_satisfied]" time="0.010" /><testcase classname="tests.unit.test_evals" name="test_methodology_contracts_score_typed_observables_not_prose[customer_specific_decline-update1-resolved_confidence_satisfied]" time="0.010" /><testcase classname="tests.unit.test_evals" name="test_methodology_contracts_score_typed_observables_not_prose[broad_category_decline-update2-confidence_adjustment_satisfied]" time="0.010" /><testcase classname="tests.unit.test_evals" name="test_methodology_contracts_score_typed_observables_not_prose[target_specific_category_decline-update3-claim_type_satisfied]" time="0.011" /><testcase classname="tests.unit.test_evals" name="test_methodology_contracts_score_typed_observables_not_prose[broad_decline-update4-next_best_action_satisfied]" time="0.011" /><testcase classname="tests.unit.test_evals" name="test_methodology_contracts_score_typed_observables_not_prose[insufficient_comparison_population-update5-population_percentile_satisfied]" time="0.011" /><testcase classname="tests.unit.test_evals" name="test_methodology_contracts_score_typed_observables_not_prose[broad_category_decline-update6-broad_context_warning_satisfied]" time="0.010" /><testcase classname="tests.unit.test_evals" name="test_methodology_contracts_score_typed_observables_not_prose[causal_language_attack-update7-causal_rejection_satisfied]" time="0.010" /><testcase classname="tests.unit.test_evals" name="test_methodology_contracts_score_typed_observables_not_prose[causal_language_attack-update8-claim_type_satisfied]" time="0.010" /><testcase classname="tests.unit.test_evals" name="test_state_and_outcome_inputs_normalize_without_executing_analytics" time="0.000" /><testcase classname="tests.unit.test_evals" name="test_synthetic_materializer_matches_public_typed_normalization" time="0.000" /><testcase classname="tests.unit.test_evals" name="test_json_boundary_and_markdown_are_deterministic" time="0.021" /><testcase classname="tests.unit.test_evals" name="test_markdown_scenario_columns_render_their_named_checks" time="0.010" /><testcase classname="tests.unit.test_evals" name="test_contracts_reject_extra_fields_and_wrong_catalog_ids" time="0.041" /><testcase classname="tests.unit.test_evals" name="test_cli_writes_exact_provenance_and_fails_an_incomplete_suite" time="0.012" /><testcase classname="tests.unit.test_evidence_verifier" name="test_evidence_ledger_is_immutable_and_checks_ownership" time="0.001" /><testcase classname="tests.unit.test_evidence_verifier" name="test_driver_claim_requires_claim_type_and_counterevidence_consideration" time="0.000" /><testcase classname="tests.unit.test_evidence_verifier" name="test_verifier_caps_high_confidence_and_propagates_partial_limitation" time="0.019" /><testcase classname="tests.unit.test_evidence_verifier" name="test_high_confidence_requires_two_tools_without_limitations" time="0.020" /><testcase classname="tests.unit.test_evidence_verifier" name="test_personalized_check_in_rejects_support_for_a_narrower_action" time="0.019" /><testcase classname="tests.unit.test_evidence_verifier" name="test_insufficient_action_rejects_a_satisfiable_ledger" time="0.019" /><testcase classname="tests.unit.test_evidence_verifier" name="test_missing_context_keeps_monitor_available_despite_narrower_policy" time="0.019" /><testcase classname="tests.unit.test_evidence_verifier" name="test_category_action_rejects_when_unknown_loss_dominates" time="0.019" /><testcase classname="tests.unit.test_evidence_verifier" name="test_broad_category_context_caps_category_driver_at_low" time="0.037" /><testcase classname="tests.unit.test_evidence_verifier" name="test_conflicting_category_context_uses_conservative_low_cap" time="0.019" /><testcase classname="tests.unit.test_evidence_verifier" name="test_material_category_context_remains_citable_for_nine_categories" time="0.020" /><testcase classname="tests.unit.test_evidence_verifier" name="test_missing_category_context_caps_and_propagates_limitation" time="0.019" /><testcase classname="tests.unit.test_evidence_verifier" name="test_each_cited_category_requires_matching_context" time="0.019" /><testcase classname="tests.unit.test_evidence_verifier" name="test_visit_action_rejects_unavailable_sparse_interval_evidence" time="0.019" /><testcase classname="tests.unit.test_evidence_verifier" name="test_verifier_rejects_unsupported_claims[proposal0-unknown_evidence]" time="0.019" /><testcase classname="tests.unit.test_evidence_verifier" name="test_verifier_rejects_unsupported_claims[proposal1-unsupported_numerical_claim]" time="0.019" /><testcase classname="tests.unit.test_evidence_verifier" name="test_verifier_rejects_unsupported_claims[proposal2-unsupported_causal_claim]" time="0.019" /><testcase classname="tests.unit.test_evidence_verifier" name="test_verifier_rejects_unsupported_claims[proposal3-action_prerequisite]" time="0.019" /><testcase classname="tests.unit.test_evidence_verifier" name="test_verifier_rejects_adversarial_causal_and_exposure_claims[Promotion availability drove the decline.]" time="0.020" /><testcase classname="tests.unit.test_evidence_verifier" name="test_verifier_rejects_adversarial_causal_and_exposure_claims[The loss resulted from promotion changes.]" time="0.019" /><testcase classname="tests.unit.test_evidence_verifier" name="test_verifier_rejects_adversarial_causal_and_exposure_claims[The loss resulted in the customer leaving.]" time="0.019" /><testcase classname="tests.unit.test_evidence_verifier" name="test_verifier_rejects_adversarial_causal_and_exposure_claims[Fewer visits made the customer disengage.]" time="0.019" /><testcase classname="tests.unit.test_evidence_verifier" name="test_verifier_rejects_adversarial_causal_and_exposure_claims[The decline happened because of fewer offers.]" time="0.020" /><testcase classname="tests.unit.test_evidence_verifier" name="test_verifier_rejects_adversarial_causal_and_exposure_claims[This action will increase engagement.]" time="0.019" /><testcase classname="tests.unit.test_evidence_verifier" name="test_verifier_rejects_adversarial_causal_and_exposure_claims[The household was exposed to the recorded promotion.]" time="0.019" /><testcase classname="tests.unit.test_evidence_verifier" name="test_verifier_rejects_adversarial_causal_and_exposure_claims[An outside purchase explains the decline.]" time="0.020" /><testcase classname="tests.unit.test_evidence_verifier" name="test_verifier_rejects_adversarial_causal_and_exposure_claims[The change was due to a category shift.]" time="0.020" /><testcase classname="tests.unit.test_evidence_verifier" name="test_verifier_rejects_adversarial_causal_and_exposure_claims[The category triggered the decline.]" time="0.022" /><testcase classname="tests.unit.test_evidence_verifier" name="test_verifier_rejects_adversarial_causal_and_exposure_claims[This action will boost engagement.]" time="0.021" /><testcase classname="tests.unit.test_evidence_verifier" name="test_verifier_rejects_adversarial_causal_and_exposure_claims[The intervention is guaranteed to retain the customer.]" time="0.019" /><testcase classname="tests.unit.test_evidence_verifier" name="test_verifier_rejects_adversarial_causal_and_exposure_claims[The customer got the promotion.]" time="0.019" /><testcase classname="tests.unit.test_evidence_verifier" name="test_verifier_rejects_adversarial_causal_and_exposure_claims[The shopper viewed an offer.]" time="0.019" /><testcase classname="tests.unit.test_evidence_verifier" name="test_causal_defense_distinguishes_denials_from_assertions[This analysis cannot establish causality.-True]" time="0.019" /><testcase classname="tests.unit.test_evidence_verifier" name="test_causal_defense_distinguishes_denials_from_assertions[The recorded pattern did not cause the household's decline.-True]" time="0.019" /><testcase classname="tests.unit.test_evidence_verifier" name="test_causal_defense_distinguishes_denials_from_assertions[There is no evidence that reduced promotions caused the decline.-True]" time="0.019" /><testcase classname="tests.unit.test_evidence_verifier" name="test_causal_defense_distinguishes_denials_from_assertions[There is no evidence reduced promotions caused the decline.-True]" time="0.019" /><testcase classname="tests.unit.test_evidence_verifier" name="test_causal_defense_distinguishes_denials_from_assertions[There is no evidence but promotions caused the decline.-False]" time="0.020" /><testcase classname="tests.unit.test_evidence_verifier" name="test_causal_defense_distinguishes_denials_from_assertions[No evidence indicates promotions caused the decline.-True]" time="0.019" /><testcase classname="tests.unit.test_evidence_verifier" name="test_causal_defense_distinguishes_denials_from_assertions[Reduced promotions caused no decline.-True]" time="0.019" /><testcase classname="tests.unit.test_evidence_verifier" name="test_causal_defense_distinguishes_denials_from_assertions[It is unknown whether promotions caused the decline.-True]" time="0.019" /><testcase classname="tests.unit.test_evidence_verifier" name="test_causal_defense_distinguishes_denials_from_assertions[The recorded pattern caused the household's decline.-False]" time="0.019" /><testcase classname="tests.unit.test_evidence_verifier" name="test_causal_defense_distinguishes_denials_from_assertions[Reduced promotions prompted the customer to leave.-False]" time="0.019" /><testcase classname="tests.unit.test_evidence_verifier" name="test_causal_defense_distinguishes_denials_from_assertions[Reduced promotions forced the household to disengage.-False]" time="0.019" /><testcase classname="tests.unit.test_evidence_verifier" name="test_causal_defense_distinguishes_denials_from_assertions[Reduced promotions pushed the customer to leave.-False]" time="0.052" /><testcase classname="tests.unit.test_evidence_verifier" name="test_causal_defense_distinguishes_denials_from_assertions[Reduced promotions were the reason for the decline.-False]" time="0.019" /><testcase classname="tests.unit.test_evidence_verifier" name="test_causal_defense_distinguishes_denials_from_assertions[Reduced promotions are why the customer left.-False]" time="0.019" /><testcase classname="tests.unit.test_evidence_verifier" name="test_causal_defense_distinguishes_denials_from_assertions[The decline occurred as a consequence of reduced promotions.-False]" time="0.019" /><testcase classname="tests.unit.test_evidence_verifier" name="test_causal_defense_distinguishes_denials_from_assertions[Engagement fell as a result of fewer visits.-False]" time="0.019" /><testcase classname="tests.unit.test_evidence_verifier" name="test_causal_defense_distinguishes_denials_from_assertions[There is no evidence engagement fell as a result of fewer visits.-True]" time="0.020" /><testcase classname="tests.unit.test_evidence_verifier" name="test_causal_defense_distinguishes_denials_from_assertions[Reduced promotions brought about the decline.-False]" time="0.019" /><testcase classname="tests.unit.test_evidence_verifier" name="test_causal_defense_distinguishes_denials_from_assertions[Reduced promotions induced the decline.-False]" time="0.020" /><testcase classname="tests.unit.test_evidence_verifier" name="test_causal_defense_distinguishes_denials_from_assertions[Reduced promotions lead to disengagement.-False]" time="0.021" /><testcase classname="tests.unit.test_evidence_verifier" name="test_causal_defense_distinguishes_denials_from_assertions[Reduced promotions leads to disengagement.-False]" time="0.021" /><testcase classname="tests.unit.test_evidence_verifier" name="test_causal_defense_distinguishes_denials_from_assertions[Reduced promotions are leading to disengagement.-False]" time="0.021" /><testcase classname="tests.unit.test_evidence_verifier" name="test_causal_defense_distinguishes_denials_from_assertions[Reduced promotions created the decline.-False]" time="0.019" /><testcase classname="tests.unit.test_evidence_verifier" name="test_causal_defense_distinguishes_denials_from_assertions[Reduced promotions brought on the decline.-False]" time="0.020" /><testcase classname="tests.unit.test_evidence_verifier" name="test_causal_defense_distinguishes_denials_from_assertions[Reduced promotions gave rise to the decline.-False]" time="0.020" /><testcase classname="tests.unit.test_evidence_verifier" name="test_causal_defense_distinguishes_denials_from_assertions[Reduced promotions sparked the decline.-False]" time="0.019" /><testcase classname="tests.unit.test_evidence_verifier" name="test_causal_defense_distinguishes_denials_from_assertions[Reduced promotions account for the decline.-False]" time="0.019" /><testcase classname="tests.unit.test_evidence_verifier" name="test_causal_defense_distinguishes_denials_from_assertions[Which product categories account for the lost retailer sales value?-True]" time="0.020" /><testcase classname="tests.unit.test_evidence_verifier" name="test_causal_defense_distinguishes_denials_from_assertions[The decline arose from reduced promotions.-False]" time="0.019" /><testcase classname="tests.unit.test_evidence_verifier" name="test_causal_defense_distinguishes_denials_from_assertions[The decline originated from reduced promotions.-False]" time="0.019" /><testcase classname="tests.unit.test_evidence_verifier" name="test_causal_defense_distinguishes_denials_from_assertions[The household declined because promotions fell.-False]" time="0.019" /><testcase classname="tests.unit.test_evidence_verifier" name="test_causal_defense_distinguishes_denials_from_assertions[The decline was owing to fewer visits.-False]" time="0.019" /><testcase classname="tests.unit.test_evidence_verifier" name="test_causal_defense_distinguishes_denials_from_assertions[The decline was a consequence of reduced promotion availability.-False]" time="0.019" /><testcase classname="tests.unit.test_evidence_verifier" name="test_causal_defense_distinguishes_denials_from_assertions[The decline followed from fewer visits.-False]" time="0.020" /><testcase classname="tests.unit.test_evidence_verifier" name="test_causal_defense_distinguishes_denials_from_assertions[The decline can be traced to fewer visits.-False]" time="0.021" /><testcase classname="tests.unit.test_evidence_verifier" name="test_causal_defense_distinguishes_denials_from_assertions[The category loss is behind the decline.-False]" time="0.020" /><testcase classname="tests.unit.test_evidence_verifier" name="test_causal_defense_distinguishes_denials_from_assertions[The decline happened on account of fewer trips.-False]" time="0.019" /><testcase classname="tests.unit.test_evidence_verifier" name="test_causal_defense_distinguishes_denials_from_assertions[The decline stemmed from fewer visits.-False]" time="0.020" /><testcase classname="tests.unit.test_evidence_verifier" name="test_causal_defense_distinguishes_denials_from_assertions[The data cannot establish whether the decline was a consequence of reduced promotions.-True]" time="0.020" /><testcase classname="tests.unit.test_evidence_verifier" name="test_causal_defense_distinguishes_denials_from_assertions[It is unknown whether the decline was owing to reduced promotions.-True]" time="0.020" /><testcase classname="tests.unit.test_evidence_verifier" name="test_causal_defense_distinguishes_denials_from_assertions[Reduced visits are associated with the observed decline.-True]" time="0.020" /><testcase classname="tests.unit.test_evidence_verifier" name="test_causal_defense_distinguishes_denials_from_assertions[The movement coincided with lower recorded promotion availability.-True]" time="0.020" /><testcase classname="tests.unit.test_evidence_verifier" name="test_causal_defense_distinguishes_denials_from_assertions[Promotions did not decline but caused churn.-False]" time="0.019" /><testcase classname="tests.unit.test_evidence_verifier" name="test_causal_defense_distinguishes_denials_from_assertions[Visits did not recover and caused churn.-False]" time="0.019" /><testcase classname="tests.unit.test_evidence_verifier" name="test_causal_defense_distinguishes_denials_from_assertions[Promotions were not available but drove churn.-False]" time="0.019" /><testcase classname="tests.unit.test_evidence_verifier" name="test_causal_defense_distinguishes_denials_from_assertions[Promotions did not explain sales but caused churn.-False]" time="0.019" /><testcase classname="tests.unit.test_evidence_verifier" name="test_causal_defense_distinguishes_denials_from_assertions[Fewer visits made them disengage.-False]" time="0.019" /><testcase classname="tests.unit.test_evidence_verifier" name="test_causal_defense_distinguishes_denials_from_assertions[Promotion loss contributed to the decline.-False]" time="0.019" /><testcase classname="tests.unit.test_evidence_verifier" name="test_causal_defense_distinguishes_denials_from_assertions[Which categories contribute to lost retailer sales value?-True]" time="0.020" /><testcase classname="tests.unit.test_evidence_verifier" name="test_causal_defense_distinguishes_denials_from_assertions[Promotions did not cause decline and did not cause churn.-True]" time="0.020" /><testcase classname="tests.unit.test_evidence_verifier" name="test_claim_type_cannot_exceed_evidence_support" time="0.037" /><testcase classname="tests.unit.test_evidence_verifier" name="test_descriptive_claim_with_observational_evidence_passes" time="0.019" /><testcase classname="tests.unit.test_evidence_verifier" name="test_code_owned_driver_accepts_full_bounded_support_and_counter_sets" time="0.022" /><testcase classname="tests.unit.test_evidence_verifier" name="test_verifier_rejects_unrelated_counterevidence" time="0.020" /><testcase classname="tests.unit.test_evidence_verifier" name="test_verifier_does_not_treat_malformed_adverse_record_as_counterevidence" time="0.019" /><testcase classname="tests.unit.test_evidence_verifier" name="test_resolved_driver_keeps_only_its_own_counterevidence" time="0.019" /><testcase classname="tests.unit.test_evidence_verifier" name="test_resolved_driver_never_upgrades_descriptive_context_evidence" time="0.020" /><testcase classname="tests.unit.test_evidence_verifier" name="test_context_classification_uses_central_signed_change_policy[kwargs0-customer_specific]" time="0.000" /><testcase classname="tests.unit.test_evidence_verifier" name="test_context_classification_uses_central_signed_change_policy[kwargs1-broad_context]" time="0.000" /><testcase classname="tests.unit.test_evidence_verifier" name="test_context_classification_uses_central_signed_change_policy[kwargs2-mixed]" time="0.000" /><testcase classname="tests.unit.test_evidence_verifier" name="test_context_classification_uses_central_signed_change_policy[kwargs3-mixed]" time="0.000" /><testcase classname="tests.unit.test_evidence_verifier" name="test_context_classification_uses_central_signed_change_policy[kwargs4-insufficient_context]" time="0.000" /><testcase classname="tests.unit.test_evidence_verifier" name="test_verifier_rejects_omitted_material_broad_context" time="0.019" /><testcase classname="tests.unit.test_evidence_verifier" name="test_broad_context_caps_customer_specific_confidence_at_low" time="0.020" /><testcase classname="tests.unit.test_evidence_verifier" name="test_conflicting_context_records_resolve_conservatively" time="0.019" /><testcase classname="tests.unit.test_evidence_verifier" name="test_context_classification_requires_expected_tool_and_exclusion_proof" time="0.019" /><testcase classname="tests.unit.test_evidence_verifier" name="test_visit_action_rejects_stable_or_increasing_cadence" time="0.019" /><testcase classname="tests.unit.test_evidence_verifier" name="test_category_action_rejects_an_unknown_or_growing_category" time="0.019" /><testcase classname="tests.unit.test_evidence_verifier" name="test_promotion_action_rejects_increasing_associated_value" time="0.019" /><testcase classname="tests.unit.test_evidence_verifier" name="test_verifier_publishes_catalog_grounded_driver_language" time="0.019" /><testcase classname="tests.unit.test_evidence_verifier" name="test_verifier_rejects_spelled_out_quantitative_claims[Retailer sales fell fifty percent.]" time="0.019" /><testcase classname="tests.unit.test_evidence_verifier" name="test_verifier_rejects_spelled_out_quantitative_claims[There were two visits.]" time="0.019" /><testcase classname="tests.unit.test_evidence_verifier" name="test_verifier_rejects_spelled_out_quantitative_claims[Retailer sales fell by half.]" time="0.019" /><testcase classname="tests.unit.test_evidence_verifier" name="test_verifier_rejects_wrong_owner_and_failed_source" time="0.019" /><testcase classname="tests.unit.test_evidence_verifier" name="test_verifier_rechecks_analytical_invariants[history0-peer_self_comparison]" time="0.019" /><testcase classname="tests.unit.test_evidence_verifier" name="test_verifier_rechecks_analytical_invariants[history1-category_reconciliation]" time="0.020" /><testcase classname="tests.unit.test_evidence_verifier" name="test_verifier_rechecks_analytical_invariants[history2-promotion_multiplication]" time="0.019" /><testcase classname="tests.unit.test_evidence_verifier" name="test_insufficient_evidence_is_a_valid_no_action_fallback" time="0.019" /><testcase classname="tests.unit.test_fault_injection" name="test_demo_fault_requires_explicit_enable_and_known_scenario" time="0.001" /><testcase classname="tests.unit.test_fault_injection" name="test_timeout_once_only_intercepts_first_promotion_attempt" time="0.000" /><testcase classname="tests.unit.test_fault_injection" name="test_timeout_always_intercepts_both_permitted_attempts" time="0.000" /><testcase classname="tests.unit.test_foundation" name="test_product_configuration_is_consistent" time="0.000" /><testcase classname="tests.unit.test_foundation" name="test_gemini_configuration_defaults_and_environment_overrides" time="0.001" /><testcase classname="tests.unit.test_foundation" name="test_interactions_sdk_floor_is_declared" time="0.001" /><testcase classname="tests.unit.test_foundation" name="test_cli_help_and_version" time="0.017" /><testcase classname="tests.unit.test_foundation" name="test_current_docs_match_the_verified_methodology_status" time="0.012" /><testcase classname="tests.unit.test_promotion_coupon_peer" name="test_promotion_enrichment_is_nonmultiplicative" time="0.054" /><testcase classname="tests.unit.test_promotion_coupon_peer" name="test_type_a_coupon_history_is_partial_without_fabricated_exposure" time="0.054" /><testcase classname="tests.unit.test_promotion_coupon_peer" name="test_peer_comparison_excludes_target_and_is_deterministic" time="0.063" /><testcase classname="tests.unit.test_promotion_coupon_peer" name="test_peer_comparison_suppresses_undersized_distributions" time="0.057" /><testcase classname="tests.unit.test_promotion_coupon_peer" name="test_peer_context_is_invariant_to_transaction_row_order" time="0.114" /><testcase classname="tests.unit.test_quality_scripts" name="test_model_metadata_requires_a_non_space_gemini_key" time="0.001" /><testcase classname="tests.unit.test_quality_scripts" name="test_source_tree_hash_is_stable_and_excludes_generated_artifacts" time="0.007" /><testcase classname="tests.unit.test_quality_scripts" name="test_test_output_validation_requires_branch_coverage_and_threshold" time="0.002" /><testcase classname="tests.unit.test_quality_scripts" name="test_eval_discovery_uses_only_the_conventional_normalized_fixture" time="0.001" /><testcase classname="tests.unit.test_quality_scripts" name="test_artifact_verifier_accepts_hashed_scripted_bundle_and_explicit_skip" time="0.159" /><testcase classname="tests.unit.test_quality_scripts" name="test_artifact_verifier_accepts_strict_standalone_run_profile" time="0.153" /><testcase classname="tests.unit.test_quality_scripts" name="test_artifact_verifier_allows_the_server_verification_seal" time="0.155" /><testcase classname="tests.unit.test_quality_scripts" name="test_artifact_verifier_reconciles_complete_detector_and_failure_reason" time="0.222" /><testcase classname="tests.unit.test_quality_scripts" name="test_artifact_verifier_fails_closed_for_tampering_and_malformed_trace" time="0.083" /><testcase classname="tests.unit.test_quality_scripts" name="test_artifact_verifier_rejects_live_label_backed_by_scripted_trace" time="0.156" /><testcase classname="tests.unit.test_quality_scripts" name="test_artifact_verifier_accepts_honest_skip_only_tree_with_explicit_flag" time="0.002" /><testcase classname="tests.unit.test_quality_scripts" name="test_artifact_verifier_reconstructs_report_evidence_from_tool_results" time="0.391" /><testcase classname="tests.unit.test_quality_scripts" name="test_artifact_verifier_validates_strict_tool_result_and_attempt_budget" time="0.247" /><testcase classname="tests.unit.test_quality_scripts" name="test_artifact_verifier_exactly_rerenders_and_rejects_unhashed_extras" time="0.157" /><testcase classname="tests.unit.test_quality_scripts" name="test_artifact_verifier_rejects_symlinks_even_when_hashed" time="0.156" /><testcase classname="tests.unit.test_quality_scripts" name="test_artifact_verifier_reconciles_results_json_and_markdown" time="0.154" /><testcase classname="tests.unit.test_quality_scripts" name="test_artifact_verifier_rejects_stale_customer_directories_and_duplicate_ids" time="0.232" /><testcase classname="tests.unit.test_quality_scripts" name="test_artifact_verifier_rejects_orphan_report" time="0.148" /><testcase classname="tests.unit.test_quality_scripts" name="test_completed_trace_requires_passing_verdict_and_matching_confidence" time="0.735" /><testcase classname="tests.unit.test_quality_scripts" name="test_artifact_verifier_reconciles_context_confidence_adjustments" time="0.212" /><testcase classname="tests.unit.test_quality_scripts" name="test_artifact_verifier_recomputes_coordinated_confidence_tampering" time="0.463" /><testcase classname="tests.unit.test_quality_scripts" name="test_artifact_verifier_reconstructs_methodology_sections_from_trace" time="0.859" /><testcase classname="tests.unit.test_quality_scripts" name="test_artifact_verifier_rejects_coordinated_public_issue_tampering" time="0.415" /><testcase classname="tests.unit.test_quality_scripts" name="test_artifact_verifier_rejects_unsafe_model_prose_in_rendered_trace" time="0.337" /><testcase classname="tests.unit.test_quality_scripts" name="test_live_history_and_skip_are_credential_independent" time="0.467" /><testcase classname="tests.unit.test_quality_scripts" name="test_artifact_verifier_preserves_legacy_openai_live_provenance" time="0.427" /><testcase classname="tests.unit.test_quality_scripts" name="test_artifact_verifier_rejects_provider_id_from_the_wrong_backend" time="0.335" /><testcase classname="tests.unit.test_quality_scripts" name="test_artifact_verifier_reconciles_embedded_official_data_provenance" time="0.313" /><testcase classname="tests.unit.test_quality_scripts" name="test_quality_gate_parser_allows_skip_by_default_and_can_require_live" time="0.001" /><testcase classname="tests.unit.test_quality_scripts" name="test_quality_gate_retains_preliminary_failure_and_runs_later_steps" time="0.117" /><testcase classname="tests.unit.test_quality_scripts" name="test_quality_gate_fails_when_required_eval_input_is_missing" time="0.034" /><testcase classname="tests.unit.test_quality_scripts" name="test_quality_gate_checkpoints_never_claim_completion" time="0.004" /><testcase classname="tests.unit.test_quality_scripts" name="test_quality_gate_clears_stale_per_invocation_outputs" time="0.035" /><testcase classname="tests.unit.test_quality_scripts" name="test_malformed_prior_audit_retains_only_error_and_digest" time="0.038" /><testcase classname="tests.unit.test_reporting" name="test_report_boundary_resolves_evidence_and_preserves_status_limitations" time="0.020" /><testcase classname="tests.unit.test_reporting" name="test_json_and_markdown_have_required_sections_and_no_model_numbers" time="0.057" /><testcase classname="tests.unit.test_reporting" name="test_population_context_values_are_rendered_only_from_bound_evidence" time="0.080" /><testcase classname="tests.unit.test_reporting" name="test_conflicting_context_calls_bind_values_to_conservative_classification" time="0.042" /><testcase classname="tests.unit.test_reporting" name="test_markdown_keeps_ordered_investigation_steps_on_separate_lines" time="0.055" /><testcase classname="tests.unit.test_reporting" name="test_report_schema_rejects_lifecycle_and_evidence_owner_conflicts" time="0.023" /><testcase classname="tests.unit.test_reporting" name="test_report_schema_recomputes_counterevidence_and_confidence_policy" time="0.100" /><testcase classname="tests.unit.test_reporting" name="test_report_schema_requires_grounded_and_exact_evidence_partitions" time="0.039" /><testcase classname="tests.unit.test_reporting" name="test_category_context_requires_explicit_target_exclusion_provenance" time="0.077" /><testcase classname="tests.unit.test_reporting" name="test_html_is_escaped_self_contained_and_auditable" time="0.054" /><testcase classname="tests.unit.test_reporting" name="test_trace_viewer_reads_jsonl_and_exposes_chronology_and_controls" time="0.008" /><testcase classname="tests.unit.test_reporting" name="test_bundle_and_trace_outputs_open_without_sibling_assets" time="0.096" /><testcase classname="tests.unit.test_scripted_plans" name="test_tool_call_id_is_stable_and_one_indexed" time="0.001" /><testcase classname="tests.unit.test_scripted_plans" name="test_scripted_plans_are_explicit_and_end_with_safe_repair[standard-expected_tools0]" time="0.000" /><testcase classname="tests.unit.test_scripted_plans" name="test_scripted_plans_are_explicit_and_end_with_safe_repair[type-a-partial-expected_tools1]" time="0.000" /><testcase classname="tests.unit.test_scripted_plans" name="test_scripted_plans_are_explicit_and_end_with_safe_repair[promotion-timeout-expected_tools2]" time="0.000" /><testcase classname="tests.unit.test_tool_contracts" name="test_tool_inputs_forbid_unknown_fields" time="0.000" /><testcase classname="tests.unit.test_tool_contracts" name="test_failed_result_cannot_carry_evidence" time="0.001" /><testcase classname="tests.unit.test_tool_contracts" name="test_partial_result_requires_limitation" time="0.001" /><testcase classname="tests.unit.test_tool_contracts" name="test_only_retryable_error_can_be_retried" time="0.001" /><testcase classname="tests.unit.test_tool_contracts" name="test_nonfinite_evidence_is_rejected" time="0.000" /><testcase classname="tests.unit.test_tool_registry" name="test_registry_exposes_exactly_six_strict_tool_definitions" time="0.002" /><testcase classname="tests.unit.test_tool_registry" name="test_normalized_arguments_include_defaults_and_ignore_key_order" time="0.000" /><testcase classname="tests.unit.test_tool_registry" name="test_invalid_arguments_return_typed_failure_without_evidence" time="0.051" /><testcase classname="tests.unit.test_trend_category_basket" name="test_customer_trend_uses_baskets_and_zero_fills_inactive_weeks" time="0.057" /><testcase classname="tests.unit.test_trend_category_basket" name="test_category_decomposition_retains_unknown_and_reconciles" time="0.054" /><testcase classname="tests.unit.test_trend_category_basket" name="test_basket_behavior_aggregates_multiline_basket_before_metrics" time="0.055" /><testcase classname="tests.unit.test_trend_category_basket" name="test_trend_direct_metrics_ignore_transaction_row_order" time="0.121" /><testcase classname="tests.unit.test_trend_category_basket" name="test_category_context_is_target_excluded_and_exact" time="0.059" /><testcase classname="tests.unit.test_trend_category_basket" name="test_category_context_suppresses_undersized_population" time="0.060" /><testcase classname="tests.unit.test_trend_category_basket" name="test_category_context_excludes_subthreshold_baseline_shoppers" time="0.070" /><testcase classname="tests.unit.test_trend_category_basket" name="test_category_context_classifies_broad_contemporaneous_decline" time="0.060" /><testcase classname="tests.unit.test_trend_category_basket" name="test_category_context_is_invariant_to_transaction_row_order" time="0.119" /></testsuite></testsuites>